Replace Part C1 CL31A226KAHNNNE in C:\Users\Administrator\Desktop\Repositories\电子封装课设\sch\1_充电管理.SchDoc with CL31A226KAHNNNE from 3_C5157152_TP5000移动电源方案验证板.schdoc.SCHLIB
Replace Part C2 CL31A226KAHNNNE in C:\Users\Administrator\Desktop\Repositories\电子封装课设\sch\1_充电管理.SchDoc with CL31A226KAHNNNE from 3_C5157152_TP5000移动电源方案验证板.schdoc.SCHLIB
Replace Part C3 0603B104K500NT in C:\Users\Administrator\Desktop\Repositories\电子封装课设\sch\1_充电管理.SchDoc with 0603B104K500NT from 3_C5157152_TP5000移动电源方案验证板.schdoc.SCHLIB
Replace Part C4 0603B104K500NT in C:\Users\Administrator\Desktop\Repositories\电子封装课设\sch\1_充电管理.SchDoc with 0603B104K500NT from 3_C5157152_TP5000移动电源方案验证板.schdoc.SCHLIB
Replace Part C5 0603B104K500NT in C:\Users\Administrator\Desktop\Repositories\电子封装课设\sch\1_充电管理.SchDoc with 0603B104K500NT from 3_C5157152_TP5000移动电源方案验证板.schdoc.SCHLIB
Replace Part C6 0603B104K500NT in C:\Users\Administrator\Desktop\Repositories\电子封装课设\sch\1_充电管理.SchDoc with 0603B104K500NT from 3_C5157152_TP5000移动电源方案验证板.schdoc.SCHLIB
Replace Part C7 CAP_0603 in C:\Users\Administrator\Desktop\Repositories\电子封装课设\sch\1_充电管理.SchDoc with CAP_0603 from 2_传感器.schdoc.SCHLIB
Replace Part C8 CL31A226KAHNNNE in C:\Users\Administrator\Desktop\Repositories\电子封装课设\sch\1_充电管理.SchDoc with CL31A226KAHNNNE from 3_C5157152_TP5000移动电源方案验证板.schdoc.SCHLIB
Replace Part C9 0603B104K500NT in C:\Users\Administrator\Desktop\Repositories\电子封装课设\sch\1_充电管理.SchDoc with 0603B104K500NT from 3_C5157152_TP5000移动电源方案验证板.schdoc.SCHLIB
Replace Part CN1 XH2.54-3P in C:\Users\Administrator\Desktop\Repositories\电子封装课设\sch\1_充电管理.SchDoc with XH2.54-3P from 3_C5157152_TP5000移动电源方案验证板.schdoc.SCHLIB
Replace Part D1 SS32 in C:\Users\Administrator\Desktop\Repositories\电子封装课设\sch\1_充电管理.SchDoc with SS32 from 3_C5157152_TP5000移动电源方案验证板.schdoc.SCHLIB
Replace Part L1 SDRH.1207.NLF6R8MT00 in C:\Users\Administrator\Desktop\Repositories\电子封装课设\sch\1_充电管理.SchDoc with SDRH.1207.NLF6R8MT00 from 3_C5157152_TP5000移动电源方案验证板.schdoc.SCHLIB
Replace Part LED1 XL-1608SURC-06 in C:\Users\Administrator\Desktop\Repositories\电子封装课设\sch\1_充电管理.SchDoc with XL-1608SURC-06 from 3_C5157152_TP5000移动电源方案验证板.schdoc.SCHLIB
Replace Part LED2 XL-1608SURC-06 in C:\Users\Administrator\Desktop\Repositories\电子封装课设\sch\1_充电管理.SchDoc with XL-1608SURC-06 from 3_C5157152_TP5000移动电源方案验证板.schdoc.SCHLIB
Replace Part R1 0603WAF1002T5E in C:\Users\Administrator\Desktop\Repositories\电子封装课设\sch\1_充电管理.SchDoc with 0603WAF1002T5E from 3_C5157152_TP5000移动电源方案验证板.schdoc.SCHLIB
Replace Part R2 0603WAF1002T5E in C:\Users\Administrator\Desktop\Repositories\电子封装课设\sch\1_充电管理.SchDoc with 0603WAF1002T5E from 3_C5157152_TP5000移动电源方案验证板.schdoc.SCHLIB
Replace Part R3 0603WAF1002T5E in C:\Users\Administrator\Desktop\Repositories\电子封装课设\sch\1_充电管理.SchDoc with 0603WAF1002T5E from 3_C5157152_TP5000移动电源方案验证板.schdoc.SCHLIB
Replace Part R4 0 in C:\Users\Administrator\Desktop\Repositories\电子封装课设\sch\1_充电管理.SchDoc with 0 from 3_C5157152_TP5000移动电源方案验证板.schdoc.SCHLIB
Replace Part R5 0603WAF1002T5E in C:\Users\Administrator\Desktop\Repositories\电子封装课设\sch\1_充电管理.SchDoc with 0603WAF1002T5E from 3_C5157152_TP5000移动电源方案验证板.schdoc.SCHLIB
Replace Part U1 TP5000-QFN16 in C:\Users\Administrator\Desktop\Repositories\电子封装课设\sch\1_充电管理.SchDoc with TP5000-QFN16 from 3_C5157152_TP5000移动电源方案验证板.schdoc.SCHLIB
Replace Part U2 2N7002 in C:\Users\Administrator\Desktop\Repositories\电子封装课设\sch\1_充电管理.SchDoc with 2N7002 from 3_C5157152_TP5000移动电源方案验证板.schdoc.SCHLIB
