Change Component Designator: Old Designator=C4 New Designator=C10
Change Component Designator: Old Designator=C43 New Designator=C12
Change Component Designator: Old Designator=C44 New Designator=C11
Change Component Designator: Old Designator=CN4 New Designator=CN3
Change Component Designator: Old Designator=CN6 New Designator=CN2
Change Component Designator: Old Designator=D6 New Designator=D2
Change Component Designator: Old Designator=D7 New Designator=D3
Change Component Designator: Old Designator=H5 New Designator=H1
Change Component Designator: Old Designator=R4 New Designator=R6
Change Component Designator: Old Designator=R5 New Designator=R10
Change Component Designator: Old Designator=R7 New Designator=R8
Change Component Designator: Old Designator=R8 New Designator=R15
Change Component Designator: Old Designator=R9 New Designator=R16
Change Component Designator: Old Designator=R23 New Designator=R7
Change Component Designator: Old Designator=R24 New Designator=R9
Change Component Designator: Old Designator=R62 New Designator=R12
Change Component Designator: Old Designator=R63 New Designator=R14
Change Component Designator: Old Designator=R64 New Designator=R11
Change Component Designator: Old Designator=R65 New Designator=R13
Change Component Designator: Old Designator=TP1 New Designator=TP3
Change Component Designator: Old Designator=TP2 New Designator=TP4
Change Component Designator: Old Designator=TP3 New Designator=TP5
Change Component Designator: Old Designator=TP4 New Designator=TP6
Change Component Designator: Old Designator=TP5 New Designator=TP2
Change Component Designator: Old Designator=TP6 New Designator=TP1
