Replace Part C10 CAP_1206 in C:\Users\Administrator\Desktop\Repositories\电子封装课设\sch\1_对外接口.schdoc.schdoc with CAP_1206 from 1_对外接口.schdoc.SCHLIB
Replace Part C11 CAP_0402 in C:\Users\Administrator\Desktop\Repositories\电子封装课设\sch\1_对外接口.schdoc.schdoc with CAP_0402 from 1_对外接口.schdoc.SCHLIB
Replace Part C12 CAP_0402 in C:\Users\Administrator\Desktop\Repositories\电子封装课设\sch\1_对外接口.schdoc.schdoc with CAP_0402 from 1_对外接口.schdoc.SCHLIB
Replace Part CN2 HX25003-4AWB in C:\Users\Administrator\Desktop\Repositories\电子封装课设\sch\1_对外接口.schdoc.schdoc with HX25003-4AWB from 1_对外接口.schdoc.SCHLIB
Replace Part CN3 KF2EDGR-3.5-7P in C:\Users\Administrator\Desktop\Repositories\电子封装课设\sch\1_对外接口.schdoc.schdoc with KF2EDGR-3.5-7P from 1_对外接口.schdoc.SCHLIB
Replace Part D2 SS210_C14996 in C:\Users\Administrator\Desktop\Repositories\电子封装课设\sch\1_对外接口.schdoc.schdoc with SS210_C14996 from 1_对外接口.schdoc.SCHLIB
Replace Part D3 SS210_C14996 in C:\Users\Administrator\Desktop\Repositories\电子封装课设\sch\1_对外接口.schdoc.schdoc with SS210_C14996 from 1_对外接口.schdoc.SCHLIB
Replace Part H1 HDR-M_2.54_1x4P in C:\Users\Administrator\Desktop\Repositories\电子封装课设\sch\1_对外接口.schdoc.schdoc with HDR-M_2.54_1x4P from 1_对外接口.schdoc.SCHLIB
Replace Part R6 Res_0805 in C:\Users\Administrator\Desktop\Repositories\电子封装课设\sch\1_对外接口.schdoc.schdoc with Res_0805 from 1_对外接口.schdoc.SCHLIB
Replace Part R7 Res_0805 in C:\Users\Administrator\Desktop\Repositories\电子封装课设\sch\1_对外接口.schdoc.schdoc with Res_0805 from 1_对外接口.schdoc.SCHLIB
Replace Part R8 Res_1206 in C:\Users\Administrator\Desktop\Repositories\电子封装课设\sch\1_对外接口.schdoc.schdoc with Res_1206 from 1_对外接口.schdoc.SCHLIB
Replace Part R9 Res_0805 in C:\Users\Administrator\Desktop\Repositories\电子封装课设\sch\1_对外接口.schdoc.schdoc with Res_0805 from 1_对外接口.schdoc.SCHLIB
Replace Part R10 Res_0805 in C:\Users\Administrator\Desktop\Repositories\电子封装课设\sch\1_对外接口.schdoc.schdoc with Res_0805 from 1_对外接口.schdoc.SCHLIB
Replace Part R11 Res_0603 in C:\Users\Administrator\Desktop\Repositories\电子封装课设\sch\1_对外接口.schdoc.schdoc with Res_0603 from 1_对外接口.schdoc.SCHLIB
Replace Part R12 Res_0603 in C:\Users\Administrator\Desktop\Repositories\电子封装课设\sch\1_对外接口.schdoc.schdoc with Res_0603 from 1_对外接口.schdoc.SCHLIB
Replace Part R13 Res_0603 in C:\Users\Administrator\Desktop\Repositories\电子封装课设\sch\1_对外接口.schdoc.schdoc with Res_0603 from 1_对外接口.schdoc.SCHLIB
Replace Part R14 Res_0603 in C:\Users\Administrator\Desktop\Repositories\电子封装课设\sch\1_对外接口.schdoc.schdoc with Res_0603 from 1_对外接口.schdoc.SCHLIB
Replace Part R15 Res_0805 in C:\Users\Administrator\Desktop\Repositories\电子封装课设\sch\1_对外接口.schdoc.schdoc with Res_0805 from 1_对外接口.schdoc.SCHLIB
Replace Part R16 Res_0805 in C:\Users\Administrator\Desktop\Repositories\电子封装课设\sch\1_对外接口.schdoc.schdoc with Res_0805 from 1_对外接口.schdoc.SCHLIB
Replace Part TP1 M3__ in C:\Users\Administrator\Desktop\Repositories\电子封装课设\sch\1_对外接口.schdoc.schdoc with M3__ from 1_对外接口.schdoc.SCHLIB
Replace Part TP2 M3__ in C:\Users\Administrator\Desktop\Repositories\电子封装课设\sch\1_对外接口.schdoc.schdoc with M3__ from 1_对外接口.schdoc.SCHLIB
Replace Part TP3 M3__ in C:\Users\Administrator\Desktop\Repositories\电子封装课设\sch\1_对外接口.schdoc.schdoc with M3__ from 1_对外接口.schdoc.SCHLIB
Replace Part TP4 M3__ in C:\Users\Administrator\Desktop\Repositories\电子封装课设\sch\1_对外接口.schdoc.schdoc with M3__ from 1_对外接口.schdoc.SCHLIB
Replace Part TP5 M3__ in C:\Users\Administrator\Desktop\Repositories\电子封装课设\sch\1_对外接口.schdoc.schdoc with M3__ from 1_对外接口.schdoc.SCHLIB
Replace Part TP6 M3__ in C:\Users\Administrator\Desktop\Repositories\电子封装课设\sch\1_对外接口.schdoc.schdoc with M3__ from 1_对外接口.schdoc.SCHLIB
