Change Component Designator: Old Designator=BT? New Designator=BT1
Change Component Designator: Old Designator=C? New Designator=C1
Change Component Designator: Old Designator=C? New Designator=C2
Change Component Designator: Old Designator=C? New Designator=C3
Change Component Designator: Old Designator=C? New Designator=C4
Change Component Designator: Old Designator=C? New Designator=C5
Change Component Designator: Old Designator=C? New Designator=C6
Change Component Designator: Old Designator=C? New Designator=C7
Change Component Designator: Old Designator=C? New Designator=C8
Change Component Designator: Old Designator=C? New Designator=C9
Change Component Designator: Old Designator=C? New Designator=C10
Change Component Designator: Old Designator=D?? New Designator=D1
Change Component Designator: Old Designator=D?? New Designator=D2
Change Component Designator: Old Designator=L? New Designator=L1
Change Component Designator: Old Designator=LED? New Designator=LED1
Change Component Designator: Old Designator=LED? New Designator=LED2
Change Component Designator: Old Designator=LED? New Designator=LED3
Change Component Designator: Old Designator=LED? New Designator=LED4
Change Component Designator: Old Designator=LED? New Designator=LED5
Change Component Designator: Old Designator=R? New Designator=R1
Change Component Designator: Old Designator=R? New Designator=R3
Change Component Designator: Old Designator=R? New Designator=R4
Change Component Designator: Old Designator=R? New Designator=R5
Change Component Designator: Old Designator=R? New Designator=R6
Change Component Designator: Old Designator=R? New Designator=R7
Change Component Designator: Old Designator=R? New Designator=R8
Change Component Designator: Old Designator=R?? New Designator=R2
Change Component Designator: Old Designator=RBAT_MODE New Designator=RBAT_MODE1
Change Component Designator: Old Designator=RBAT_NUM New Designator=RBAT_NUM1
Change Component Designator: Old Designator=RCAP New Designator=RCAP1
Change Component Designator: Old Designator=RISET New Designator=RISET1
Change Component Designator: Old Designator=RISET_MODE New Designator=RISET_MODE1
Change Component Designator: Old Designator=RVSET New Designator=RVSET1
Change Component Designator: Old Designator=U? New Designator=U2
Change Component Designator: Old Designator=U?? New Designator=U1
