Replace Part B1 CR1220-2 in C:\Users\Administrator\Desktop\Repositories\电子封装课设\sch\2_主控.SchDoc with CR1220-2 from 5_CPU_TF卡.schdoc.SCHLIB
Replace Part C22 CAP_0603 in C:\Users\Administrator\Desktop\Repositories\电子封装课设\sch\2_主控.SchDoc with CAP_0603 from 5_CPU_TF卡.schdoc.SCHLIB
Replace Part C23 CAP_0603 in C:\Users\Administrator\Desktop\Repositories\电子封装课设\sch\2_主控.SchDoc with CAP_0603 from 5_CPU_TF卡.schdoc.SCHLIB
Replace Part C24 CAP_0603 in C:\Users\Administrator\Desktop\Repositories\电子封装课设\sch\2_主控.SchDoc with CAP_0603 from 5_CPU_TF卡.schdoc.SCHLIB
Replace Part C25 CAP_0603 in C:\Users\Administrator\Desktop\Repositories\电子封装课设\sch\2_主控.SchDoc with CAP_0603 from 5_CPU_TF卡.schdoc.SCHLIB
Replace Part C26 CAP_0603 in C:\Users\Administrator\Desktop\Repositories\电子封装课设\sch\2_主控.SchDoc with CAP_0603 from 5_CPU_TF卡.schdoc.SCHLIB
Replace Part C27 CAP_0603 in C:\Users\Administrator\Desktop\Repositories\电子封装课设\sch\2_主控.SchDoc with CAP_0603 from 5_CPU_TF卡.schdoc.SCHLIB
Replace Part C28 CAP_0603 in C:\Users\Administrator\Desktop\Repositories\电子封装课设\sch\2_主控.SchDoc with CAP_0603 from 5_CPU_TF卡.schdoc.SCHLIB
Replace Part C29 CAP_0603 in C:\Users\Administrator\Desktop\Repositories\电子封装课设\sch\2_主控.SchDoc with CAP_0603 from 5_CPU_TF卡.schdoc.SCHLIB
Replace Part C30 CAP_0603 in C:\Users\Administrator\Desktop\Repositories\电子封装课设\sch\2_主控.SchDoc with CAP_0603 from 5_CPU_TF卡.schdoc.SCHLIB
Replace Part C31 TAJB107K006RNJ in C:\Users\Administrator\Desktop\Repositories\电子封装课设\sch\2_主控.SchDoc with TAJB107K006RNJ from 5_CPU_TF卡.schdoc.SCHLIB
Replace Part C32 CAP_0603 in C:\Users\Administrator\Desktop\Repositories\电子封装课设\sch\2_主控.SchDoc with CAP_0603 from 5_CPU_TF卡.schdoc.SCHLIB
Replace Part C33 CAP_0603 in C:\Users\Administrator\Desktop\Repositories\电子封装课设\sch\2_主控.SchDoc with CAP_0603 from 5_CPU_TF卡.schdoc.SCHLIB
Replace Part C34 CAP_0603 in C:\Users\Administrator\Desktop\Repositories\电子封装课设\sch\2_主控.SchDoc with CAP_0603 from 5_CPU_TF卡.schdoc.SCHLIB
Replace Part C35 CAP_0603 in C:\Users\Administrator\Desktop\Repositories\电子封装课设\sch\2_主控.SchDoc with CAP_0603 from 5_CPU_TF卡.schdoc.SCHLIB
Replace Part C36 CAP_0603 in C:\Users\Administrator\Desktop\Repositories\电子封装课设\sch\2_主控.SchDoc with CAP_0603 from 5_CPU_TF卡.schdoc.SCHLIB
Replace Part C37 CAP_0603 in C:\Users\Administrator\Desktop\Repositories\电子封装课设\sch\2_主控.SchDoc with CAP_0603 from 5_CPU_TF卡.schdoc.SCHLIB
Replace Part C38 CAP_0603 in C:\Users\Administrator\Desktop\Repositories\电子封装课设\sch\2_主控.SchDoc with CAP_0603 from 5_CPU_TF卡.schdoc.SCHLIB
Replace Part C39 CAP_0603 in C:\Users\Administrator\Desktop\Repositories\电子封装课设\sch\2_主控.SchDoc with CAP_0603 from 5_CPU_TF卡.schdoc.SCHLIB
Replace Part CARD1 TF-02A in C:\Users\Administrator\Desktop\Repositories\电子封装课设\sch\2_主控.SchDoc with TF-02A from 5_CPU_TF卡.schdoc.SCHLIB
Replace Part D5 1N4148WS_C2128 in C:\Users\Administrator\Desktop\Repositories\电子封装课设\sch\2_主控.SchDoc with 1N4148WS_C2128 from 5_CPU_TF卡.schdoc.SCHLIB
Replace Part H2 HDR-M_2.54_1x6P in C:\Users\Administrator\Desktop\Repositories\电子封装课设\sch\2_主控.SchDoc with HDR-M_2.54_1x6P from 5_CPU_TF卡.schdoc.SCHLIB
Replace Part L3 L_0603 in C:\Users\Administrator\Desktop\Repositories\电子封装课设\sch\2_主控.SchDoc with L_0603 from 5_CPU_TF卡.schdoc.SCHLIB
Replace Part L4 L_0603 in C:\Users\Administrator\Desktop\Repositories\电子封装课设\sch\2_主控.SchDoc with L_0603 from 5_CPU_TF卡.schdoc.SCHLIB
Replace Part LED3 19-217/BHC-ZL1M2RY/3T in C:\Users\Administrator\Desktop\Repositories\电子封装课设\sch\2_主控.SchDoc with 19-217/BHC-ZL1M2RY/3T from 5_CPU_TF卡.schdoc.SCHLIB
Replace Part LED4 19-217/BHC-ZL1M2RY/3T in C:\Users\Administrator\Desktop\Repositories\电子封装课设\sch\2_主控.SchDoc with 19-217/BHC-ZL1M2RY/3T from 5_CPU_TF卡.schdoc.SCHLIB
Replace Part LED5 19-217/BHC-ZL1M2RY/3T in C:\Users\Administrator\Desktop\Repositories\电子封装课设\sch\2_主控.SchDoc with 19-217/BHC-ZL1M2RY/3T from 5_CPU_TF卡.schdoc.SCHLIB
Replace Part LED6 19-217/BHC-ZL1M2RY/3T in C:\Users\Administrator\Desktop\Repositories\电子封装课设\sch\2_主控.SchDoc with 19-217/BHC-ZL1M2RY/3T from 5_CPU_TF卡.schdoc.SCHLIB
Replace Part OLED1 0.96OLED___4P in C:\Users\Administrator\Desktop\Repositories\电子封装课设\sch\2_主控.SchDoc with 0.96OLED___4P from 5_CPU_TF卡.schdoc.SCHLIB
Replace Part R26 RC0402FR-0710KL in C:\Users\Administrator\Desktop\Repositories\电子封装课设\sch\2_主控.SchDoc with RC0402FR-0710KL from 5_CPU_TF卡.schdoc.SCHLIB
Replace Part R27 RC0402FR-0710KL in C:\Users\Administrator\Desktop\Repositories\电子封装课设\sch\2_主控.SchDoc with RC0402FR-0710KL from 5_CPU_TF卡.schdoc.SCHLIB
Replace Part R28 RC0402FR-0710KL in C:\Users\Administrator\Desktop\Repositories\电子封装课设\sch\2_主控.SchDoc with RC0402FR-0710KL from 5_CPU_TF卡.schdoc.SCHLIB
Replace Part R29 RC0402FR-0710KL in C:\Users\Administrator\Desktop\Repositories\电子封装课设\sch\2_主控.SchDoc with RC0402FR-0710KL from 5_CPU_TF卡.schdoc.SCHLIB
Replace Part R30 RC0402FR-0710KL in C:\Users\Administrator\Desktop\Repositories\电子封装课设\sch\2_主控.SchDoc with RC0402FR-0710KL from 5_CPU_TF卡.schdoc.SCHLIB
Replace Part R31 RC0402FR-0710KL in C:\Users\Administrator\Desktop\Repositories\电子封装课设\sch\2_主控.SchDoc with RC0402FR-0710KL from 5_CPU_TF卡.schdoc.SCHLIB
Replace Part R32 RC0402FR-0710KL in C:\Users\Administrator\Desktop\Repositories\电子封装课设\sch\2_主控.SchDoc with RC0402FR-0710KL from 5_CPU_TF卡.schdoc.SCHLIB
Replace Part R33 RC0402FR-0710KL in C:\Users\Administrator\Desktop\Repositories\电子封装课设\sch\2_主控.SchDoc with RC0402FR-0710KL from 5_CPU_TF卡.schdoc.SCHLIB
Replace Part R34 RC0402FR-0710KL in C:\Users\Administrator\Desktop\Repositories\电子封装课设\sch\2_主控.SchDoc with RC0402FR-0710KL from 5_CPU_TF卡.schdoc.SCHLIB
Replace Part R35 RC0402FR-0710KL in C:\Users\Administrator\Desktop\Repositories\电子封装课设\sch\2_主控.SchDoc with RC0402FR-0710KL from 5_CPU_TF卡.schdoc.SCHLIB
Replace Part R36 RC0402FR-0710KL in C:\Users\Administrator\Desktop\Repositories\电子封装课设\sch\2_主控.SchDoc with RC0402FR-0710KL from 5_CPU_TF卡.schdoc.SCHLIB
Replace Part R37 RC0402FR-0710KL in C:\Users\Administrator\Desktop\Repositories\电子封装课设\sch\2_主控.SchDoc with RC0402FR-0710KL from 5_CPU_TF卡.schdoc.SCHLIB
Replace Part R38 RC0402FR-0710KL in C:\Users\Administrator\Desktop\Repositories\电子封装课设\sch\2_主控.SchDoc with RC0402FR-0710KL from 5_CPU_TF卡.schdoc.SCHLIB
Replace Part R39 RC0402FR-0710KL in C:\Users\Administrator\Desktop\Repositories\电子封装课设\sch\2_主控.SchDoc with RC0402FR-0710KL from 5_CPU_TF卡.schdoc.SCHLIB
Replace Part R40 RC0402FR-0710KL in C:\Users\Administrator\Desktop\Repositories\电子封装课设\sch\2_主控.SchDoc with RC0402FR-0710KL from 5_CPU_TF卡.schdoc.SCHLIB
Replace Part R41 RC0402FR-0710KL in C:\Users\Administrator\Desktop\Repositories\电子封装课设\sch\2_主控.SchDoc with RC0402FR-0710KL from 5_CPU_TF卡.schdoc.SCHLIB
Replace Part R42 RC0402FR-0710KL in C:\Users\Administrator\Desktop\Repositories\电子封装课设\sch\2_主控.SchDoc with RC0402FR-0710KL from 5_CPU_TF卡.schdoc.SCHLIB
Replace Part R43 RC0402FR-0710KL in C:\Users\Administrator\Desktop\Repositories\电子封装课设\sch\2_主控.SchDoc with RC0402FR-0710KL from 5_CPU_TF卡.schdoc.SCHLIB
Replace Part R44 RC0402FR-0710KL in C:\Users\Administrator\Desktop\Repositories\电子封装课设\sch\2_主控.SchDoc with RC0402FR-0710KL from 5_CPU_TF卡.schdoc.SCHLIB
Replace Part R45 RC0402FR-0710KL in C:\Users\Administrator\Desktop\Repositories\电子封装课设\sch\2_主控.SchDoc with RC0402FR-0710KL from 5_CPU_TF卡.schdoc.SCHLIB
Replace Part R46 Res_0603 in C:\Users\Administrator\Desktop\Repositories\电子封装课设\sch\2_主控.SchDoc with Res_0603 from 5_CPU_TF卡.schdoc.SCHLIB
Replace Part R47 RC0402FR-0710KL in C:\Users\Administrator\Desktop\Repositories\电子封装课设\sch\2_主控.SchDoc with RC0402FR-0710KL from 5_CPU_TF卡.schdoc.SCHLIB
Replace Part R48 RC0402FR-0710KL in C:\Users\Administrator\Desktop\Repositories\电子封装课设\sch\2_主控.SchDoc with RC0402FR-0710KL from 5_CPU_TF卡.schdoc.SCHLIB
Replace Part R49 RC0402FR-0710KL in C:\Users\Administrator\Desktop\Repositories\电子封装课设\sch\2_主控.SchDoc with RC0402FR-0710KL from 5_CPU_TF卡.schdoc.SCHLIB
Replace Part R50 RC0402FR-0710KL in C:\Users\Administrator\Desktop\Repositories\电子封装课设\sch\2_主控.SchDoc with RC0402FR-0710KL from 5_CPU_TF卡.schdoc.SCHLIB
Replace Part R51 RC0402FR-0710KL in C:\Users\Administrator\Desktop\Repositories\电子封装课设\sch\2_主控.SchDoc with RC0402FR-0710KL from 5_CPU_TF卡.schdoc.SCHLIB
Replace Part R52 RC0402FR-0710KL in C:\Users\Administrator\Desktop\Repositories\电子封装课设\sch\2_主控.SchDoc with RC0402FR-0710KL from 5_CPU_TF卡.schdoc.SCHLIB
Replace Part R53 RC0402FR-0710KL in C:\Users\Administrator\Desktop\Repositories\电子封装课设\sch\2_主控.SchDoc with RC0402FR-0710KL from 5_CPU_TF卡.schdoc.SCHLIB
Replace Part SW1 TS-1187A-B-A-B in C:\Users\Administrator\Desktop\Repositories\电子封装课设\sch\2_主控.SchDoc with TS-1187A-B-A-B from 5_CPU_TF卡.schdoc.SCHLIB
Replace Part SW2 TS-1187A-B-A-B in C:\Users\Administrator\Desktop\Repositories\电子封装课设\sch\2_主控.SchDoc with TS-1187A-B-A-B from 5_CPU_TF卡.schdoc.SCHLIB
Replace Part U7 STM32F405RGT6 in C:\Users\Administrator\Desktop\Repositories\电子封装课设\sch\2_主控.SchDoc with STM32F405RGT6 from 5_CPU_TF卡.schdoc.SCHLIB
Replace Part U7 STM32F405RGT6 in C:\Users\Administrator\Desktop\Repositories\电子封装课设\sch\2_主控.SchDoc with STM32F405RGT6 from 5_CPU_TF卡.schdoc.SCHLIB
Replace Part U8 HT7533-1_C14289 in C:\Users\Administrator\Desktop\Repositories\电子封装课设\sch\2_主控.SchDoc with HT7533-1_C14289 from 5_CPU_TF卡.schdoc.SCHLIB
Replace Part USB1 TYPE-C-31-M-19 in C:\Users\Administrator\Desktop\Repositories\电子封装课设\sch\2_主控.SchDoc with TYPE-C-31-M-19 from 5_CPU_TF卡.schdoc.SCHLIB
Replace Part X1 X50328MSB2GI in C:\Users\Administrator\Desktop\Repositories\电子封装课设\sch\2_主控.SchDoc with X50328MSB2GI from 5_CPU_TF卡.schdoc.SCHLIB
Replace Part X2 Q13FC1350000400 in C:\Users\Administrator\Desktop\Repositories\电子封装课设\sch\2_主控.SchDoc with Q13FC1350000400 from 5_CPU_TF卡.schdoc.SCHLIB
