Replace Part B? CR1220-2 in C:\Users\Administrator\Desktop\Repositories\电子封装课设\sch\2_主控.SchDoc with CR1220-2 from 5_CPU_TF卡.schdoc.SCHLIB
Replace Part C? CAP_0603 in C:\Users\Administrator\Desktop\Repositories\电子封装课设\sch\2_主控.SchDoc with CAP_0603 from 5_CPU_TF卡.schdoc.SCHLIB
Replace Part C? CAP_0603 in C:\Users\Administrator\Desktop\Repositories\电子封装课设\sch\2_主控.SchDoc with CAP_0603 from 5_CPU_TF卡.schdoc.SCHLIB
Replace Part C? CAP_0603 in C:\Users\Administrator\Desktop\Repositories\电子封装课设\sch\2_主控.SchDoc with CAP_0603 from 5_CPU_TF卡.schdoc.SCHLIB
Replace Part C? CAP_0603 in C:\Users\Administrator\Desktop\Repositories\电子封装课设\sch\2_主控.SchDoc with CAP_0603 from 5_CPU_TF卡.schdoc.SCHLIB
Replace Part C? CAP_0603 in C:\Users\Administrator\Desktop\Repositories\电子封装课设\sch\2_主控.SchDoc with CAP_0603 from 5_CPU_TF卡.schdoc.SCHLIB
Replace Part C? CAP_0603 in C:\Users\Administrator\Desktop\Repositories\电子封装课设\sch\2_主控.SchDoc with CAP_0603 from 5_CPU_TF卡.schdoc.SCHLIB
Replace Part C? CAP_0603 in C:\Users\Administrator\Desktop\Repositories\电子封装课设\sch\2_主控.SchDoc with CAP_0603 from 5_CPU_TF卡.schdoc.SCHLIB
Replace Part C? CAP_0603 in C:\Users\Administrator\Desktop\Repositories\电子封装课设\sch\2_主控.SchDoc with CAP_0603 from 5_CPU_TF卡.schdoc.SCHLIB
Replace Part C? CAP_0603 in C:\Users\Administrator\Desktop\Repositories\电子封装课设\sch\2_主控.SchDoc with CAP_0603 from 5_CPU_TF卡.schdoc.SCHLIB
Replace Part C? CAP_0603 in C:\Users\Administrator\Desktop\Repositories\电子封装课设\sch\2_主控.SchDoc with CAP_0603 from 5_CPU_TF卡.schdoc.SCHLIB
Replace Part C? CAP_0603 in C:\Users\Administrator\Desktop\Repositories\电子封装课设\sch\2_主控.SchDoc with CAP_0603 from 5_CPU_TF卡.schdoc.SCHLIB
Replace Part C? CAP_0603 in C:\Users\Administrator\Desktop\Repositories\电子封装课设\sch\2_主控.SchDoc with CAP_0603 from 5_CPU_TF卡.schdoc.SCHLIB
Replace Part C? CAP_0603 in C:\Users\Administrator\Desktop\Repositories\电子封装课设\sch\2_主控.SchDoc with CAP_0603 from 5_CPU_TF卡.schdoc.SCHLIB
Replace Part C? CAP_0603 in C:\Users\Administrator\Desktop\Repositories\电子封装课设\sch\2_主控.SchDoc with CAP_0603 from 5_CPU_TF卡.schdoc.SCHLIB
Replace Part C? CAP_0603 in C:\Users\Administrator\Desktop\Repositories\电子封装课设\sch\2_主控.SchDoc with CAP_0603 from 5_CPU_TF卡.schdoc.SCHLIB
Replace Part C? CAP_0603 in C:\Users\Administrator\Desktop\Repositories\电子封装课设\sch\2_主控.SchDoc with CAP_0603 from 5_CPU_TF卡.schdoc.SCHLIB
Replace Part C? TAJB107K006RNJ in C:\Users\Administrator\Desktop\Repositories\电子封装课设\sch\2_主控.SchDoc with TAJB107K006RNJ from 5_CPU_TF卡.schdoc.SCHLIB
Replace Part C? CAP_0603 in C:\Users\Administrator\Desktop\Repositories\电子封装课设\sch\2_主控.SchDoc with CAP_0603 from 5_CPU_TF卡.schdoc.SCHLIB
Replace Part CARD? TF-02A in C:\Users\Administrator\Desktop\Repositories\电子封装课设\sch\2_主控.SchDoc with TF-02A from 5_CPU_TF卡.schdoc.SCHLIB
Replace Part D? 1N4148WS_C2128 in C:\Users\Administrator\Desktop\Repositories\电子封装课设\sch\2_主控.SchDoc with 1N4148WS_C2128 from 5_CPU_TF卡.schdoc.SCHLIB
Replace Part H? HDR-M_2.54_1x6P in C:\Users\Administrator\Desktop\Repositories\电子封装课设\sch\2_主控.SchDoc with HDR-M_2.54_1x6P from 5_CPU_TF卡.schdoc.SCHLIB
Replace Part L? L_0603 in C:\Users\Administrator\Desktop\Repositories\电子封装课设\sch\2_主控.SchDoc with L_0603 from 5_CPU_TF卡.schdoc.SCHLIB
Replace Part L? L_0603 in C:\Users\Administrator\Desktop\Repositories\电子封装课设\sch\2_主控.SchDoc with L_0603 from 5_CPU_TF卡.schdoc.SCHLIB
Replace Part LED? 19-217/BHC-ZL1M2RY/3T in C:\Users\Administrator\Desktop\Repositories\电子封装课设\sch\2_主控.SchDoc with 19-217/BHC-ZL1M2RY/3T from 5_CPU_TF卡.schdoc.SCHLIB
Replace Part LED? 19-217/BHC-ZL1M2RY/3T in C:\Users\Administrator\Desktop\Repositories\电子封装课设\sch\2_主控.SchDoc with 19-217/BHC-ZL1M2RY/3T from 5_CPU_TF卡.schdoc.SCHLIB
Replace Part LED? 19-217/BHC-ZL1M2RY/3T in C:\Users\Administrator\Desktop\Repositories\电子封装课设\sch\2_主控.SchDoc with 19-217/BHC-ZL1M2RY/3T from 5_CPU_TF卡.schdoc.SCHLIB
Replace Part LED? 19-217/BHC-ZL1M2RY/3T in C:\Users\Administrator\Desktop\Repositories\电子封装课设\sch\2_主控.SchDoc with 19-217/BHC-ZL1M2RY/3T from 5_CPU_TF卡.schdoc.SCHLIB
Replace Part OLED? 0.96OLED___4P in C:\Users\Administrator\Desktop\Repositories\电子封装课设\sch\2_主控.SchDoc with 0.96OLED___4P from 5_CPU_TF卡.schdoc.SCHLIB
Replace Part R? RC0402FR-0710KL in C:\Users\Administrator\Desktop\Repositories\电子封装课设\sch\2_主控.SchDoc with RC0402FR-0710KL from 5_CPU_TF卡.schdoc.SCHLIB
Replace Part R? RC0402FR-0710KL in C:\Users\Administrator\Desktop\Repositories\电子封装课设\sch\2_主控.SchDoc with RC0402FR-0710KL from 5_CPU_TF卡.schdoc.SCHLIB
Replace Part R? RC0402FR-0710KL in C:\Users\Administrator\Desktop\Repositories\电子封装课设\sch\2_主控.SchDoc with RC0402FR-0710KL from 5_CPU_TF卡.schdoc.SCHLIB
Replace Part R? RC0402FR-0710KL in C:\Users\Administrator\Desktop\Repositories\电子封装课设\sch\2_主控.SchDoc with RC0402FR-0710KL from 5_CPU_TF卡.schdoc.SCHLIB
Replace Part R? RC0402FR-0710KL in C:\Users\Administrator\Desktop\Repositories\电子封装课设\sch\2_主控.SchDoc with RC0402FR-0710KL from 5_CPU_TF卡.schdoc.SCHLIB
Replace Part R? RC0402FR-0710KL in C:\Users\Administrator\Desktop\Repositories\电子封装课设\sch\2_主控.SchDoc with RC0402FR-0710KL from 5_CPU_TF卡.schdoc.SCHLIB
Replace Part R? RC0402FR-0710KL in C:\Users\Administrator\Desktop\Repositories\电子封装课设\sch\2_主控.SchDoc with RC0402FR-0710KL from 5_CPU_TF卡.schdoc.SCHLIB
Replace Part R? RC0402FR-0710KL in C:\Users\Administrator\Desktop\Repositories\电子封装课设\sch\2_主控.SchDoc with RC0402FR-0710KL from 5_CPU_TF卡.schdoc.SCHLIB
Replace Part R? RC0402FR-0710KL in C:\Users\Administrator\Desktop\Repositories\电子封装课设\sch\2_主控.SchDoc with RC0402FR-0710KL from 5_CPU_TF卡.schdoc.SCHLIB
Replace Part R? RC0402FR-0710KL in C:\Users\Administrator\Desktop\Repositories\电子封装课设\sch\2_主控.SchDoc with RC0402FR-0710KL from 5_CPU_TF卡.schdoc.SCHLIB
Replace Part R? Res_0603 in C:\Users\Administrator\Desktop\Repositories\电子封装课设\sch\2_主控.SchDoc with Res_0603 from 5_CPU_TF卡.schdoc.SCHLIB
Replace Part R? RC0402FR-0710KL in C:\Users\Administrator\Desktop\Repositories\电子封装课设\sch\2_主控.SchDoc with RC0402FR-0710KL from 5_CPU_TF卡.schdoc.SCHLIB
Replace Part R? RC0402FR-0710KL in C:\Users\Administrator\Desktop\Repositories\电子封装课设\sch\2_主控.SchDoc with RC0402FR-0710KL from 5_CPU_TF卡.schdoc.SCHLIB
Replace Part R? RC0402FR-0710KL in C:\Users\Administrator\Desktop\Repositories\电子封装课设\sch\2_主控.SchDoc with RC0402FR-0710KL from 5_CPU_TF卡.schdoc.SCHLIB
Replace Part R? RC0402FR-0710KL in C:\Users\Administrator\Desktop\Repositories\电子封装课设\sch\2_主控.SchDoc with RC0402FR-0710KL from 5_CPU_TF卡.schdoc.SCHLIB
Replace Part R? RC0402FR-0710KL in C:\Users\Administrator\Desktop\Repositories\电子封装课设\sch\2_主控.SchDoc with RC0402FR-0710KL from 5_CPU_TF卡.schdoc.SCHLIB
Replace Part R? RC0402FR-0710KL in C:\Users\Administrator\Desktop\Repositories\电子封装课设\sch\2_主控.SchDoc with RC0402FR-0710KL from 5_CPU_TF卡.schdoc.SCHLIB
Replace Part R? RC0402FR-0710KL in C:\Users\Administrator\Desktop\Repositories\电子封装课设\sch\2_主控.SchDoc with RC0402FR-0710KL from 5_CPU_TF卡.schdoc.SCHLIB
Replace Part R? RC0402FR-0710KL in C:\Users\Administrator\Desktop\Repositories\电子封装课设\sch\2_主控.SchDoc with RC0402FR-0710KL from 5_CPU_TF卡.schdoc.SCHLIB
Replace Part R? RC0402FR-0710KL in C:\Users\Administrator\Desktop\Repositories\电子封装课设\sch\2_主控.SchDoc with RC0402FR-0710KL from 5_CPU_TF卡.schdoc.SCHLIB
Replace Part R? RC0402FR-0710KL in C:\Users\Administrator\Desktop\Repositories\电子封装课设\sch\2_主控.SchDoc with RC0402FR-0710KL from 5_CPU_TF卡.schdoc.SCHLIB
Replace Part R? RC0402FR-0710KL in C:\Users\Administrator\Desktop\Repositories\电子封装课设\sch\2_主控.SchDoc with RC0402FR-0710KL from 5_CPU_TF卡.schdoc.SCHLIB
Replace Part R? RC0402FR-0710KL in C:\Users\Administrator\Desktop\Repositories\电子封装课设\sch\2_主控.SchDoc with RC0402FR-0710KL from 5_CPU_TF卡.schdoc.SCHLIB
Replace Part R? RC0402FR-0710KL in C:\Users\Administrator\Desktop\Repositories\电子封装课设\sch\2_主控.SchDoc with RC0402FR-0710KL from 5_CPU_TF卡.schdoc.SCHLIB
Replace Part R? RC0402FR-0710KL in C:\Users\Administrator\Desktop\Repositories\电子封装课设\sch\2_主控.SchDoc with RC0402FR-0710KL from 5_CPU_TF卡.schdoc.SCHLIB
Replace Part R? RC0402FR-0710KL in C:\Users\Administrator\Desktop\Repositories\电子封装课设\sch\2_主控.SchDoc with RC0402FR-0710KL from 5_CPU_TF卡.schdoc.SCHLIB
Replace Part R? RC0402FR-0710KL in C:\Users\Administrator\Desktop\Repositories\电子封装课设\sch\2_主控.SchDoc with RC0402FR-0710KL from 5_CPU_TF卡.schdoc.SCHLIB
Replace Part R? RC0402FR-0710KL in C:\Users\Administrator\Desktop\Repositories\电子封装课设\sch\2_主控.SchDoc with RC0402FR-0710KL from 5_CPU_TF卡.schdoc.SCHLIB
Replace Part SW? TS-1187A-B-A-B in C:\Users\Administrator\Desktop\Repositories\电子封装课设\sch\2_主控.SchDoc with TS-1187A-B-A-B from 5_CPU_TF卡.schdoc.SCHLIB
Replace Part SW? TS-1187A-B-A-B in C:\Users\Administrator\Desktop\Repositories\电子封装课设\sch\2_主控.SchDoc with TS-1187A-B-A-B from 5_CPU_TF卡.schdoc.SCHLIB
Replace Part U? HT7533-1_C14289 in C:\Users\Administrator\Desktop\Repositories\电子封装课设\sch\2_主控.SchDoc with HT7533-1_C14289 from 5_CPU_TF卡.schdoc.SCHLIB
Replace Part U? STM32F405RGT6 in C:\Users\Administrator\Desktop\Repositories\电子封装课设\sch\2_主控.SchDoc with STM32F405RGT6 from 5_CPU_TF卡.schdoc.SCHLIB
Replace Part U? STM32F405RGT6 in C:\Users\Administrator\Desktop\Repositories\电子封装课设\sch\2_主控.SchDoc with STM32F405RGT6 from 5_CPU_TF卡.schdoc.SCHLIB
Replace Part USB? TYPE-C-31-M-19 in C:\Users\Administrator\Desktop\Repositories\电子封装课设\sch\2_主控.SchDoc with TYPE-C-31-M-19 from 5_CPU_TF卡.schdoc.SCHLIB
Replace Part X? X50328MSB2GI in C:\Users\Administrator\Desktop\Repositories\电子封装课设\sch\2_主控.SchDoc with X50328MSB2GI from 5_CPU_TF卡.schdoc.SCHLIB
Replace Part X? Q13FC1350000400 in C:\Users\Administrator\Desktop\Repositories\电子封装课设\sch\2_主控.SchDoc with Q13FC1350000400 from 5_CPU_TF卡.schdoc.SCHLIB
