Change Component Designator: Old Designator=C9 New Designator=C20
Change Component Designator: Old Designator=C10 New Designator=C17
Change Component Designator: Old Designator=C11 New Designator=C18
Change Component Designator: Old Designator=C12 New Designator=C13
Change Component Designator: Old Designator=C13 New Designator=C19
Change Component Designator: Old Designator=C36 New Designator=C15
Change Component Designator: Old Designator=C37 New Designator=C16
Change Component Designator: Old Designator=C48 New Designator=C14
Change Component Designator: Old Designator=C49 New Designator=C21
Change Component Designator: Old Designator=D5 New Designator=D4
Change Component Designator: Old Designator=L7 New Designator=L2
Change Component Designator: Old Designator=Q3 New Designator=Q1
Change Component Designator: Old Designator=Q4 New Designator=Q2
Change Component Designator: Old Designator=R20 New Designator=R22
Change Component Designator: Old Designator=R21 New Designator=R24
Change Component Designator: Old Designator=R43 New Designator=R18
Change Component Designator: Old Designator=R44 New Designator=R20
Change Component Designator: Old Designator=R45 New Designator=R17
Change Component Designator: Old Designator=R46 New Designator=R19
Change Component Designator: Old Designator=R47 New Designator=R21
Change Component Designator: Old Designator=R48 New Designator=R25
Change Component Designator: Old Designator=R49 New Designator=R23
Change Component Designator: Old Designator=U1 New Designator=U6
Change Component Designator: Old Designator=U3 New Designator=U5
Change Component Designator: Old Designator=U15 New Designator=U3
