Replace Part C13 CL05B104KO5NNNC in C:\Users\Administrator\Desktop\Repositories\电子封装课设\sch\2_传感器.schdoc.schdoc with CL05B104KO5NNNC from 2_传感器.schdoc.SCHLIB
Replace Part C14 CL31A476MPHNNNE in C:\Users\Administrator\Desktop\Repositories\电子封装课设\sch\2_传感器.schdoc.schdoc with CL31A476MPHNNNE from 2_传感器.schdoc.SCHLIB
Replace Part C15 CAP_0603 in C:\Users\Administrator\Desktop\Repositories\电子封装课设\sch\2_传感器.schdoc.schdoc with CAP_0603 from 2_传感器.schdoc.SCHLIB
Replace Part C16 CAP_0603 in C:\Users\Administrator\Desktop\Repositories\电子封装课设\sch\2_传感器.schdoc.schdoc with CAP_0603 from 2_传感器.schdoc.SCHLIB
Replace Part C17 CL05B104KO5NNNC in C:\Users\Administrator\Desktop\Repositories\电子封装课设\sch\2_传感器.schdoc.schdoc with CL05B104KO5NNNC from 2_传感器.schdoc.SCHLIB
Replace Part C18 CL05B104KO5NNNC in C:\Users\Administrator\Desktop\Repositories\电子封装课设\sch\2_传感器.schdoc.schdoc with CL05B104KO5NNNC from 2_传感器.schdoc.SCHLIB
Replace Part C19 CL05B104KO5NNNC in C:\Users\Administrator\Desktop\Repositories\电子封装课设\sch\2_传感器.schdoc.schdoc with CL05B104KO5NNNC from 2_传感器.schdoc.SCHLIB
Replace Part C20 CAP_0603 in C:\Users\Administrator\Desktop\Repositories\电子封装课设\sch\2_传感器.schdoc.schdoc with CAP_0603 from 2_传感器.schdoc.SCHLIB
Replace Part C21 CAP_0402 in C:\Users\Administrator\Desktop\Repositories\电子封装课设\sch\2_传感器.schdoc.schdoc with CAP_0402 from 1_对外接口.schdoc.SCHLIB
Replace Part D4 SM340A in C:\Users\Administrator\Desktop\Repositories\电子封装课设\sch\2_传感器.schdoc.schdoc with SM340A from 2_传感器.schdoc.SCHLIB
Replace Part L2 SDRH.1207.NLF6R8MT00 in C:\Users\Administrator\Desktop\Repositories\电子封装课设\sch\2_传感器.schdoc.schdoc with SDRH.1207.NLF6R8MT00 from 2_传感器.schdoc.SCHLIB
Replace Part Q1 2N7002_C8545 in C:\Users\Administrator\Desktop\Repositories\电子封装课设\sch\2_传感器.schdoc.schdoc with 2N7002_C8545 from 2_传感器.schdoc.SCHLIB
Replace Part Q2 2N7002_C8545 in C:\Users\Administrator\Desktop\Repositories\电子封装课设\sch\2_传感器.schdoc.schdoc with 2N7002_C8545 from 2_传感器.schdoc.SCHLIB
Replace Part R17 Res_0603 in C:\Users\Administrator\Desktop\Repositories\电子封装课设\sch\2_传感器.schdoc.schdoc with Res_0603 from 1_对外接口.schdoc.SCHLIB
Replace Part R18 Res_0603 in C:\Users\Administrator\Desktop\Repositories\电子封装课设\sch\2_传感器.schdoc.schdoc with Res_0603 from 1_对外接口.schdoc.SCHLIB
Replace Part R19 Res_0603 in C:\Users\Administrator\Desktop\Repositories\电子封装课设\sch\2_传感器.schdoc.schdoc with Res_0603 from 1_对外接口.schdoc.SCHLIB
Replace Part R20 Res_0603 in C:\Users\Administrator\Desktop\Repositories\电子封装课设\sch\2_传感器.schdoc.schdoc with Res_0603 from 1_对外接口.schdoc.SCHLIB
Replace Part R21 0402WGF1001TCE in C:\Users\Administrator\Desktop\Repositories\电子封装课设\sch\2_传感器.schdoc.schdoc with 0402WGF1001TCE from 2_传感器.schdoc.SCHLIB
Replace Part R22 Res_0402 in C:\Users\Administrator\Desktop\Repositories\电子封装课设\sch\2_传感器.schdoc.schdoc with Res_0402 from 2_传感器.schdoc.SCHLIB
Replace Part R23 0402WGF1002TCE in C:\Users\Administrator\Desktop\Repositories\电子封装课设\sch\2_传感器.schdoc.schdoc with 0402WGF1002TCE from 2_传感器.schdoc.SCHLIB
Replace Part R24 Res_0402 in C:\Users\Administrator\Desktop\Repositories\电子封装课设\sch\2_传感器.schdoc.schdoc with Res_0402 from 2_传感器.schdoc.SCHLIB
Replace Part R25 0402WGF1001TCE in C:\Users\Administrator\Desktop\Repositories\电子封装课设\sch\2_传感器.schdoc.schdoc with 0402WGF1001TCE from 2_传感器.schdoc.SCHLIB
Replace Part U3 TC6291B in C:\Users\Administrator\Desktop\Repositories\电子封装课设\sch\2_传感器.schdoc.schdoc with TC6291B from 2_传感器.schdoc.SCHLIB
Replace Part U4 QMC5883L in C:\Users\Administrator\Desktop\Repositories\电子封装课设\sch\2_传感器.schdoc.schdoc with QMC5883L from 2_传感器.schdoc.SCHLIB
Replace Part U5 MAX3485ECSA+ in C:\Users\Administrator\Desktop\Repositories\电子封装课设\sch\2_传感器.schdoc.schdoc with MAX3485ECSA+ from 2_传感器.schdoc.SCHLIB
Replace Part U6 AHT10 in C:\Users\Administrator\Desktop\Repositories\电子封装课设\sch\2_传感器.schdoc.schdoc with AHT10 from 2_传感器.schdoc.SCHLIB
