Replace Part C9 CAP_0603 in C:\Users\Administrator\Desktop\Repositories\电子封装课设\sch\2_传感器.schdoc.schdoc with CAP_0603 from 2_传感器.schdoc.SCHLIB
Replace Part C10 CL05B104KO5NNNC in C:\Users\Administrator\Desktop\Repositories\电子封装课设\sch\2_传感器.schdoc.schdoc with CL05B104KO5NNNC from 2_传感器.schdoc.SCHLIB
Replace Part C11 CL05B104KO5NNNC in C:\Users\Administrator\Desktop\Repositories\电子封装课设\sch\2_传感器.schdoc.schdoc with CL05B104KO5NNNC from 2_传感器.schdoc.SCHLIB
Replace Part C12 CL05B104KO5NNNC in C:\Users\Administrator\Desktop\Repositories\电子封装课设\sch\2_传感器.schdoc.schdoc with CL05B104KO5NNNC from 2_传感器.schdoc.SCHLIB
Replace Part C13 CL05B104KO5NNNC in C:\Users\Administrator\Desktop\Repositories\电子封装课设\sch\2_传感器.schdoc.schdoc with CL05B104KO5NNNC from 2_传感器.schdoc.SCHLIB
Replace Part C36 CAP_0603 in C:\Users\Administrator\Desktop\Repositories\电子封装课设\sch\2_传感器.schdoc.schdoc with CAP_0603 from 2_传感器.schdoc.SCHLIB
Replace Part C37 CAP_0603 in C:\Users\Administrator\Desktop\Repositories\电子封装课设\sch\2_传感器.schdoc.schdoc with CAP_0603 from 2_传感器.schdoc.SCHLIB
Replace Part C48 CL31A476MPHNNNE in C:\Users\Administrator\Desktop\Repositories\电子封装课设\sch\2_传感器.schdoc.schdoc with CL31A476MPHNNNE from 2_传感器.schdoc.SCHLIB
Replace Part C49 CAP_0402 in C:\Users\Administrator\Desktop\Repositories\电子封装课设\sch\2_传感器.schdoc.schdoc with CAP_0402 from 1_对外接口.schdoc.SCHLIB
Replace Part D5 SM340A in C:\Users\Administrator\Desktop\Repositories\电子封装课设\sch\2_传感器.schdoc.schdoc with SM340A from 2_传感器.schdoc.SCHLIB
Replace Part L7 SDRH.1207.NLF6R8MT00 in C:\Users\Administrator\Desktop\Repositories\电子封装课设\sch\2_传感器.schdoc.schdoc with SDRH.1207.NLF6R8MT00 from 2_传感器.schdoc.SCHLIB
Replace Part Q3 2N7002_C8545 in C:\Users\Administrator\Desktop\Repositories\电子封装课设\sch\2_传感器.schdoc.schdoc with 2N7002_C8545 from 2_传感器.schdoc.SCHLIB
Replace Part Q4 2N7002_C8545 in C:\Users\Administrator\Desktop\Repositories\电子封装课设\sch\2_传感器.schdoc.schdoc with 2N7002_C8545 from 2_传感器.schdoc.SCHLIB
Replace Part R20 Res_0402 in C:\Users\Administrator\Desktop\Repositories\电子封装课设\sch\2_传感器.schdoc.schdoc with Res_0402 from 2_传感器.schdoc.SCHLIB
Replace Part R21 Res_0402 in C:\Users\Administrator\Desktop\Repositories\电子封装课设\sch\2_传感器.schdoc.schdoc with Res_0402 from 2_传感器.schdoc.SCHLIB
Replace Part R43 Res_0603 in C:\Users\Administrator\Desktop\Repositories\电子封装课设\sch\2_传感器.schdoc.schdoc with Res_0603 from 1_对外接口.schdoc.SCHLIB
Replace Part R44 Res_0603 in C:\Users\Administrator\Desktop\Repositories\电子封装课设\sch\2_传感器.schdoc.schdoc with Res_0603 from 1_对外接口.schdoc.SCHLIB
Replace Part R45 Res_0603 in C:\Users\Administrator\Desktop\Repositories\电子封装课设\sch\2_传感器.schdoc.schdoc with Res_0603 from 1_对外接口.schdoc.SCHLIB
Replace Part R46 Res_0603 in C:\Users\Administrator\Desktop\Repositories\电子封装课设\sch\2_传感器.schdoc.schdoc with Res_0603 from 1_对外接口.schdoc.SCHLIB
Replace Part R47 0402WGF1001TCE in C:\Users\Administrator\Desktop\Repositories\电子封装课设\sch\2_传感器.schdoc.schdoc with 0402WGF1001TCE from 2_传感器.schdoc.SCHLIB
Replace Part R48 0402WGF1001TCE in C:\Users\Administrator\Desktop\Repositories\电子封装课设\sch\2_传感器.schdoc.schdoc with 0402WGF1001TCE from 2_传感器.schdoc.SCHLIB
Replace Part R49 0402WGF1002TCE in C:\Users\Administrator\Desktop\Repositories\电子封装课设\sch\2_传感器.schdoc.schdoc with 0402WGF1002TCE from 2_传感器.schdoc.SCHLIB
Replace Part U1 AHT10 in C:\Users\Administrator\Desktop\Repositories\电子封装课设\sch\2_传感器.schdoc.schdoc with AHT10 from 2_传感器.schdoc.SCHLIB
Replace Part U3 MAX3485ECSA+ in C:\Users\Administrator\Desktop\Repositories\电子封装课设\sch\2_传感器.schdoc.schdoc with MAX3485ECSA+ from 2_传感器.schdoc.SCHLIB
Replace Part U4 QMC5883L in C:\Users\Administrator\Desktop\Repositories\电子封装课设\sch\2_传感器.schdoc.schdoc with QMC5883L from 2_传感器.schdoc.SCHLIB
Replace Part U15 TC6291B in C:\Users\Administrator\Desktop\Repositories\电子封装课设\sch\2_传感器.schdoc.schdoc with TC6291B from 2_传感器.schdoc.SCHLIB
