Change Component Designator: Old Designator=C27 New Designator=C40
Change Component Designator: Old Designator=C28 New Designator=C42
Change Component Designator: Old Designator=C29 New Designator=C41
Change Component Designator: Old Designator=C30 New Designator=C43
Change Component Designator: Old Designator=C31 New Designator=C44
Change Component Designator: Old Designator=C32 New Designator=C45
Change Component Designator: Old Designator=C33 New Designator=C47
Change Component Designator: Old Designator=C34 New Designator=C49
Change Component Designator: Old Designator=C35 New Designator=C48
Change Component Designator: Old Designator=C47 New Designator=C46
Change Component Designator: Old Designator=CN5 New Designator=CN4
Change Component Designator: Old Designator=D3 New Designator=D6
Change Component Designator: Old Designator=L6 New Designator=L5
Change Component Designator: Old Designator=LED3 New Designator=LED8
Change Component Designator: Old Designator=LED4 New Designator=LED7
Change Component Designator: Old Designator=R36 New Designator=R54
Change Component Designator: Old Designator=R37 New Designator=R55
Change Component Designator: Old Designator=R41 New Designator=R56
Change Component Designator: Old Designator=R42 New Designator=R57
Change Component Designator: Old Designator=U13 New Designator=U10
Change Component Designator: Old Designator=U17 New Designator=U9
