Replace Part C40 CL31A226KAHNNNE in C:\Users\Administrator\Desktop\Repositories\电子封装课设\sch\3_C5157152_TP5000移动电源方案验证板.schdoc.schdoc with CL31A226KAHNNNE from 3_C5157152_TP5000移动电源方案验证板.schdoc.SCHLIB
Replace Part C41 0603B104K500NT in C:\Users\Administrator\Desktop\Repositories\电子封装课设\sch\3_C5157152_TP5000移动电源方案验证板.schdoc.schdoc with 0603B104K500NT from 3_C5157152_TP5000移动电源方案验证板.schdoc.SCHLIB
Replace Part C42 0603B104K500NT in C:\Users\Administrator\Desktop\Repositories\电子封装课设\sch\3_C5157152_TP5000移动电源方案验证板.schdoc.schdoc with 0603B104K500NT from 3_C5157152_TP5000移动电源方案验证板.schdoc.SCHLIB
Replace Part C43 0603B104K500NT in C:\Users\Administrator\Desktop\Repositories\电子封装课设\sch\3_C5157152_TP5000移动电源方案验证板.schdoc.schdoc with 0603B104K500NT from 3_C5157152_TP5000移动电源方案验证板.schdoc.SCHLIB
Replace Part C44 CL31A226KAHNNNE in C:\Users\Administrator\Desktop\Repositories\电子封装课设\sch\3_C5157152_TP5000移动电源方案验证板.schdoc.schdoc with CL31A226KAHNNNE from 3_C5157152_TP5000移动电源方案验证板.schdoc.SCHLIB
Replace Part C45 0603B104K500NT in C:\Users\Administrator\Desktop\Repositories\电子封装课设\sch\3_C5157152_TP5000移动电源方案验证板.schdoc.schdoc with 0603B104K500NT from 3_C5157152_TP5000移动电源方案验证板.schdoc.SCHLIB
Replace Part C46 CL31A106KBHNNNE in C:\Users\Administrator\Desktop\Repositories\电子封装课设\sch\3_C5157152_TP5000移动电源方案验证板.schdoc.schdoc with CL31A106KBHNNNE from 3_C5157152_TP5000移动电源方案验证板.schdoc.SCHLIB
Replace Part C47 0603B104K500NT in C:\Users\Administrator\Desktop\Repositories\电子封装课设\sch\3_C5157152_TP5000移动电源方案验证板.schdoc.schdoc with 0603B104K500NT from 3_C5157152_TP5000移动电源方案验证板.schdoc.SCHLIB
Replace Part C48 CL31A226KAHNNNE in C:\Users\Administrator\Desktop\Repositories\电子封装课设\sch\3_C5157152_TP5000移动电源方案验证板.schdoc.schdoc with CL31A226KAHNNNE from 3_C5157152_TP5000移动电源方案验证板.schdoc.SCHLIB
Replace Part C49 0603B104K500NT in C:\Users\Administrator\Desktop\Repositories\电子封装课设\sch\3_C5157152_TP5000移动电源方案验证板.schdoc.schdoc with 0603B104K500NT from 3_C5157152_TP5000移动电源方案验证板.schdoc.SCHLIB
Replace Part CN4 XH2.54-3P in C:\Users\Administrator\Desktop\Repositories\电子封装课设\sch\3_C5157152_TP5000移动电源方案验证板.schdoc.schdoc with XH2.54-3P from 3_C5157152_TP5000移动电源方案验证板.schdoc.SCHLIB
Replace Part D6 SS32 in C:\Users\Administrator\Desktop\Repositories\电子封装课设\sch\3_C5157152_TP5000移动电源方案验证板.schdoc.schdoc with SS32 from 3_C5157152_TP5000移动电源方案验证板.schdoc.SCHLIB
Replace Part L5 SDRH.1207.NLF6R8MT00 in C:\Users\Administrator\Desktop\Repositories\电子封装课设\sch\3_C5157152_TP5000移动电源方案验证板.schdoc.schdoc with SDRH.1207.NLF6R8MT00 from 2_传感器.schdoc.SCHLIB
Replace Part LED7 XL-1608SURC-06 in C:\Users\Administrator\Desktop\Repositories\电子封装课设\sch\3_C5157152_TP5000移动电源方案验证板.schdoc.schdoc with XL-1608SURC-06 from 3_C5157152_TP5000移动电源方案验证板.schdoc.SCHLIB
Replace Part LED8 NCD0603G1 in C:\Users\Administrator\Desktop\Repositories\电子封装课设\sch\3_C5157152_TP5000移动电源方案验证板.schdoc.schdoc with NCD0603G1 from 3_C5157152_TP5000移动电源方案验证板.schdoc.SCHLIB
Replace Part R54 RMC06034.7k5%N in C:\Users\Administrator\Desktop\Repositories\电子封装课设\sch\3_C5157152_TP5000移动电源方案验证板.schdoc.schdoc with RMC06034.7k5%N from 3_C5157152_TP5000移动电源方案验证板.schdoc.SCHLIB
Replace Part R55 0 in C:\Users\Administrator\Desktop\Repositories\电子封装课设\sch\3_C5157152_TP5000移动电源方案验证板.schdoc.schdoc with 0 from 3_C5157152_TP5000移动电源方案验证板.schdoc.SCHLIB
Replace Part R56 0603WAF1002T5E in C:\Users\Administrator\Desktop\Repositories\电子封装课设\sch\3_C5157152_TP5000移动电源方案验证板.schdoc.schdoc with 0603WAF1002T5E from 3_C5157152_TP5000移动电源方案验证板.schdoc.SCHLIB
Replace Part R57 0402WGF1001TCE in C:\Users\Administrator\Desktop\Repositories\电子封装课设\sch\3_C5157152_TP5000移动电源方案验证板.schdoc.schdoc with 0402WGF1001TCE from 2_传感器.schdoc.SCHLIB
Replace Part RS1 1206W4F500MT5E in C:\Users\Administrator\Desktop\Repositories\电子封装课设\sch\3_C5157152_TP5000移动电源方案验证板.schdoc.schdoc with 1206W4F500MT5E from 3_C5157152_TP5000移动电源方案验证板.schdoc.SCHLIB
Replace Part U9 TP5000-QFN16 in C:\Users\Administrator\Desktop\Repositories\电子封装课设\sch\3_C5157152_TP5000移动电源方案验证板.schdoc.schdoc with TP5000-QFN16 from 3_C5157152_TP5000移动电源方案验证板.schdoc.SCHLIB
Replace Part U10 2N7002 in C:\Users\Administrator\Desktop\Repositories\电子封装课设\sch\3_C5157152_TP5000移动电源方案验证板.schdoc.schdoc with 2N7002 from 3_C5157152_TP5000移动电源方案验证板.schdoc.SCHLIB
