Replace Part B2 CR1220-2 in C:\Users\Administrator\Desktop\Repositories\电子封装课设\sch\5_CPU_TF卡.schdoc.schdoc with CR1220-2 from 5_CPU_TF卡.schdoc.SCHLIB
Replace Part C52 0402CG220J500NT in C:\Users\Administrator\Desktop\Repositories\电子封装课设\sch\5_CPU_TF卡.schdoc.schdoc with 0402CG220J500NT from 5_CPU_TF卡.schdoc.SCHLIB
Replace Part C53 0402CG220J500NT in C:\Users\Administrator\Desktop\Repositories\电子封装课设\sch\5_CPU_TF卡.schdoc.schdoc with 0402CG220J500NT from 5_CPU_TF卡.schdoc.SCHLIB
Replace Part C54 CAP_0603 in C:\Users\Administrator\Desktop\Repositories\电子封装课设\sch\5_CPU_TF卡.schdoc.schdoc with CAP_0603 from 2_传感器.schdoc.SCHLIB
Replace Part C55 CAP_0603 in C:\Users\Administrator\Desktop\Repositories\电子封装课设\sch\5_CPU_TF卡.schdoc.schdoc with CAP_0603 from 2_传感器.schdoc.SCHLIB
Replace Part C56 CAP_0603 in C:\Users\Administrator\Desktop\Repositories\电子封装课设\sch\5_CPU_TF卡.schdoc.schdoc with CAP_0603 from 2_传感器.schdoc.SCHLIB
Replace Part C57 0402CG220J500NT in C:\Users\Administrator\Desktop\Repositories\电子封装课设\sch\5_CPU_TF卡.schdoc.schdoc with 0402CG220J500NT from 5_CPU_TF卡.schdoc.SCHLIB
Replace Part C58 0402CG220J500NT in C:\Users\Administrator\Desktop\Repositories\电子封装课设\sch\5_CPU_TF卡.schdoc.schdoc with 0402CG220J500NT from 5_CPU_TF卡.schdoc.SCHLIB
Replace Part C59 CAP_0603 in C:\Users\Administrator\Desktop\Repositories\电子封装课设\sch\5_CPU_TF卡.schdoc.schdoc with CAP_0603 from 2_传感器.schdoc.SCHLIB
Replace Part C60 CAP_0603 in C:\Users\Administrator\Desktop\Repositories\电子封装课设\sch\5_CPU_TF卡.schdoc.schdoc with CAP_0603 from 2_传感器.schdoc.SCHLIB
Replace Part C61 CAP_0603 in C:\Users\Administrator\Desktop\Repositories\电子封装课设\sch\5_CPU_TF卡.schdoc.schdoc with CAP_0603 from 2_传感器.schdoc.SCHLIB
Replace Part C62 CAP_0402 in C:\Users\Administrator\Desktop\Repositories\电子封装课设\sch\5_CPU_TF卡.schdoc.schdoc with CAP_0402 from 1_对外接口.schdoc.SCHLIB
Replace Part C63 CAP_0402 in C:\Users\Administrator\Desktop\Repositories\电子封装课设\sch\5_CPU_TF卡.schdoc.schdoc with CAP_0402 from 1_对外接口.schdoc.SCHLIB
Replace Part C64 CAP_0402 in C:\Users\Administrator\Desktop\Repositories\电子封装课设\sch\5_CPU_TF卡.schdoc.schdoc with CAP_0402 from 1_对外接口.schdoc.SCHLIB
Replace Part C65 CAP_0402 in C:\Users\Administrator\Desktop\Repositories\电子封装课设\sch\5_CPU_TF卡.schdoc.schdoc with CAP_0402 from 1_对外接口.schdoc.SCHLIB
Replace Part C66 CAP_0402 in C:\Users\Administrator\Desktop\Repositories\电子封装课设\sch\5_CPU_TF卡.schdoc.schdoc with CAP_0402 from 1_对外接口.schdoc.SCHLIB
Replace Part C67 TAJB107K006RNJ in C:\Users\Administrator\Desktop\Repositories\电子封装课设\sch\5_CPU_TF卡.schdoc.schdoc with TAJB107K006RNJ from 5_CPU_TF卡.schdoc.SCHLIB
Replace Part C68 CAP_0603 in C:\Users\Administrator\Desktop\Repositories\电子封装课设\sch\5_CPU_TF卡.schdoc.schdoc with CAP_0603 from 2_传感器.schdoc.SCHLIB
Replace Part C69 CL05B104KO5NNNC in C:\Users\Administrator\Desktop\Repositories\电子封装课设\sch\5_CPU_TF卡.schdoc.schdoc with CL05B104KO5NNNC from 2_传感器.schdoc.SCHLIB
Replace Part CARD2 TF-02A in C:\Users\Administrator\Desktop\Repositories\电子封装课设\sch\5_CPU_TF卡.schdoc.schdoc with TF-02A from 5_CPU_TF卡.schdoc.SCHLIB
Replace Part D8 1N4148WS_C2128 in C:\Users\Administrator\Desktop\Repositories\电子封装课设\sch\5_CPU_TF卡.schdoc.schdoc with 1N4148WS_C2128 from 4_EC800M_4G_GPS.schdoc.SCHLIB
Replace Part H4 HDR-M_2.54_1x6P in C:\Users\Administrator\Desktop\Repositories\电子封装课设\sch\5_CPU_TF卡.schdoc.schdoc with HDR-M_2.54_1x6P from 5_CPU_TF卡.schdoc.SCHLIB
Replace Part L6 L_0603 in C:\Users\Administrator\Desktop\Repositories\电子封装课设\sch\5_CPU_TF卡.schdoc.schdoc with L_0603 from 5_CPU_TF卡.schdoc.SCHLIB
Replace Part L7 L_0603 in C:\Users\Administrator\Desktop\Repositories\电子封装课设\sch\5_CPU_TF卡.schdoc.schdoc with L_0603 from 5_CPU_TF卡.schdoc.SCHLIB
Replace Part LED9 19-217/BHC-ZL1M2RY/3T in C:\Users\Administrator\Desktop\Repositories\电子封装课设\sch\5_CPU_TF卡.schdoc.schdoc with 19-217/BHC-ZL1M2RY/3T from 5_CPU_TF卡.schdoc.SCHLIB
Replace Part LED10 19-217/BHC-ZL1M2RY/3T in C:\Users\Administrator\Desktop\Repositories\电子封装课设\sch\5_CPU_TF卡.schdoc.schdoc with 19-217/BHC-ZL1M2RY/3T from 5_CPU_TF卡.schdoc.SCHLIB
Replace Part LED11 19-217/BHC-ZL1M2RY/3T in C:\Users\Administrator\Desktop\Repositories\电子封装课设\sch\5_CPU_TF卡.schdoc.schdoc with 19-217/BHC-ZL1M2RY/3T from 5_CPU_TF卡.schdoc.SCHLIB
Replace Part LED12 19-217/BHC-ZL1M2RY/3T in C:\Users\Administrator\Desktop\Repositories\电子封装课设\sch\5_CPU_TF卡.schdoc.schdoc with 19-217/BHC-ZL1M2RY/3T from 5_CPU_TF卡.schdoc.SCHLIB
Replace Part OLED2 0.96OLED___4P in C:\Users\Administrator\Desktop\Repositories\电子封装课设\sch\5_CPU_TF卡.schdoc.schdoc with 0.96OLED___4P from 5_CPU_TF卡.schdoc.SCHLIB
Replace Part R59 0402WGF1002TCE in C:\Users\Administrator\Desktop\Repositories\电子封装课设\sch\5_CPU_TF卡.schdoc.schdoc with 0402WGF1002TCE from 2_传感器.schdoc.SCHLIB
Replace Part R60 RC0402FR-0710KL in C:\Users\Administrator\Desktop\Repositories\电子封装课设\sch\5_CPU_TF卡.schdoc.schdoc with RC0402FR-0710KL from 5_CPU_TF卡.schdoc.SCHLIB
Replace Part R61 RC0402FR-0710KL in C:\Users\Administrator\Desktop\Repositories\电子封装课设\sch\5_CPU_TF卡.schdoc.schdoc with RC0402FR-0710KL from 5_CPU_TF卡.schdoc.SCHLIB
Replace Part R62 RC0402FR-0710KL in C:\Users\Administrator\Desktop\Repositories\电子封装课设\sch\5_CPU_TF卡.schdoc.schdoc with RC0402FR-0710KL from 5_CPU_TF卡.schdoc.SCHLIB
Replace Part R63 RC0402FR-0710KL in C:\Users\Administrator\Desktop\Repositories\电子封装课设\sch\5_CPU_TF卡.schdoc.schdoc with RC0402FR-0710KL from 5_CPU_TF卡.schdoc.SCHLIB
Replace Part R64 RC0402FR-0710KL in C:\Users\Administrator\Desktop\Repositories\电子封装课设\sch\5_CPU_TF卡.schdoc.schdoc with RC0402FR-0710KL from 5_CPU_TF卡.schdoc.SCHLIB
Replace Part R65 RC0402FR-0710KL in C:\Users\Administrator\Desktop\Repositories\电子封装课设\sch\5_CPU_TF卡.schdoc.schdoc with RC0402FR-0710KL from 5_CPU_TF卡.schdoc.SCHLIB
Replace Part R66 Res_0402 in C:\Users\Administrator\Desktop\Repositories\电子封装课设\sch\5_CPU_TF卡.schdoc.schdoc with Res_0402 from 2_传感器.schdoc.SCHLIB
Replace Part R67 Res_0402 in C:\Users\Administrator\Desktop\Repositories\电子封装课设\sch\5_CPU_TF卡.schdoc.schdoc with Res_0402 from 2_传感器.schdoc.SCHLIB
Replace Part R68 Res_0402 in C:\Users\Administrator\Desktop\Repositories\电子封装课设\sch\5_CPU_TF卡.schdoc.schdoc with Res_0402 from 2_传感器.schdoc.SCHLIB
Replace Part R69 Res_0402 in C:\Users\Administrator\Desktop\Repositories\电子封装课设\sch\5_CPU_TF卡.schdoc.schdoc with Res_0402 from 2_传感器.schdoc.SCHLIB
Replace Part R70 Res_0402 in C:\Users\Administrator\Desktop\Repositories\电子封装课设\sch\5_CPU_TF卡.schdoc.schdoc with Res_0402 from 2_传感器.schdoc.SCHLIB
Replace Part R71 Res_0402 in C:\Users\Administrator\Desktop\Repositories\电子封装课设\sch\5_CPU_TF卡.schdoc.schdoc with Res_0402 from 2_传感器.schdoc.SCHLIB
Replace Part R72 Res_0402 in C:\Users\Administrator\Desktop\Repositories\电子封装课设\sch\5_CPU_TF卡.schdoc.schdoc with Res_0402 from 2_传感器.schdoc.SCHLIB
Replace Part R73 Res_0402 in C:\Users\Administrator\Desktop\Repositories\电子封装课设\sch\5_CPU_TF卡.schdoc.schdoc with Res_0402 from 2_传感器.schdoc.SCHLIB
Replace Part R74 RC0402FR-0710KL in C:\Users\Administrator\Desktop\Repositories\电子封装课设\sch\5_CPU_TF卡.schdoc.schdoc with RC0402FR-0710KL from 5_CPU_TF卡.schdoc.SCHLIB
Replace Part R75 Res_0402 in C:\Users\Administrator\Desktop\Repositories\电子封装课设\sch\5_CPU_TF卡.schdoc.schdoc with Res_0402 from 2_传感器.schdoc.SCHLIB
Replace Part R76 Res_0402 in C:\Users\Administrator\Desktop\Repositories\电子封装课设\sch\5_CPU_TF卡.schdoc.schdoc with Res_0402 from 2_传感器.schdoc.SCHLIB
Replace Part R77 Res_0402 in C:\Users\Administrator\Desktop\Repositories\电子封装课设\sch\5_CPU_TF卡.schdoc.schdoc with Res_0402 from 2_传感器.schdoc.SCHLIB
Replace Part R78 RC0402FR-0710KL in C:\Users\Administrator\Desktop\Repositories\电子封装课设\sch\5_CPU_TF卡.schdoc.schdoc with RC0402FR-0710KL from 5_CPU_TF卡.schdoc.SCHLIB
Replace Part R79 Res_0603 in C:\Users\Administrator\Desktop\Repositories\电子封装课设\sch\5_CPU_TF卡.schdoc.schdoc with Res_0603 from 1_对外接口.schdoc.SCHLIB
Replace Part R80 Res_0402 in C:\Users\Administrator\Desktop\Repositories\电子封装课设\sch\5_CPU_TF卡.schdoc.schdoc with Res_0402 from 2_传感器.schdoc.SCHLIB
Replace Part R81 0402WGF1002TCE in C:\Users\Administrator\Desktop\Repositories\电子封装课设\sch\5_CPU_TF卡.schdoc.schdoc with 0402WGF1002TCE from 2_传感器.schdoc.SCHLIB
Replace Part R82 0402WGF1002TCE in C:\Users\Administrator\Desktop\Repositories\电子封装课设\sch\5_CPU_TF卡.schdoc.schdoc with 0402WGF1002TCE from 2_传感器.schdoc.SCHLIB
Replace Part R83 0402WGF1002TCE in C:\Users\Administrator\Desktop\Repositories\电子封装课设\sch\5_CPU_TF卡.schdoc.schdoc with 0402WGF1002TCE from 2_传感器.schdoc.SCHLIB
Replace Part R84 0402WGF1002TCE in C:\Users\Administrator\Desktop\Repositories\电子封装课设\sch\5_CPU_TF卡.schdoc.schdoc with 0402WGF1002TCE from 2_传感器.schdoc.SCHLIB
Replace Part R85 0402WGF1002TCE in C:\Users\Administrator\Desktop\Repositories\电子封装课设\sch\5_CPU_TF卡.schdoc.schdoc with 0402WGF1002TCE from 2_传感器.schdoc.SCHLIB
Replace Part R86 0402WGF1002TCE in C:\Users\Administrator\Desktop\Repositories\电子封装课设\sch\5_CPU_TF卡.schdoc.schdoc with 0402WGF1002TCE from 2_传感器.schdoc.SCHLIB
Replace Part SW3 TS-1187A-B-A-B in C:\Users\Administrator\Desktop\Repositories\电子封装课设\sch\5_CPU_TF卡.schdoc.schdoc with TS-1187A-B-A-B from 5_CPU_TF卡.schdoc.SCHLIB
Replace Part SW4 TS-1187A-B-A-B in C:\Users\Administrator\Desktop\Repositories\电子封装课设\sch\5_CPU_TF卡.schdoc.schdoc with TS-1187A-B-A-B from 5_CPU_TF卡.schdoc.SCHLIB
Replace Part U11 STM32F405RGT6 in C:\Users\Administrator\Desktop\Repositories\电子封装课设\sch\5_CPU_TF卡.schdoc.schdoc with STM32F405RGT6 from 5_CPU_TF卡.schdoc.SCHLIB
Replace Part U11 STM32F405RGT6 in C:\Users\Administrator\Desktop\Repositories\电子封装课设\sch\5_CPU_TF卡.schdoc.schdoc with STM32F405RGT6 from 5_CPU_TF卡.schdoc.SCHLIB
Replace Part U12 HT7533-1_C14289 in C:\Users\Administrator\Desktop\Repositories\电子封装课设\sch\5_CPU_TF卡.schdoc.schdoc with HT7533-1_C14289 from 5_CPU_TF卡.schdoc.SCHLIB
Replace Part USB2 TYPE-C-31-M-19 in C:\Users\Administrator\Desktop\Repositories\电子封装课设\sch\5_CPU_TF卡.schdoc.schdoc with TYPE-C-31-M-19 from 5_CPU_TF卡.schdoc.SCHLIB
Replace Part X3 X50328MSB2GI in C:\Users\Administrator\Desktop\Repositories\电子封装课设\sch\5_CPU_TF卡.schdoc.schdoc with X50328MSB2GI from 5_CPU_TF卡.schdoc.SCHLIB
Replace Part X4 Q13FC1350000400 in C:\Users\Administrator\Desktop\Repositories\电子封装课设\sch\5_CPU_TF卡.schdoc.schdoc with Q13FC1350000400 from 5_CPU_TF卡.schdoc.SCHLIB
