Replace Part B1 CR1220-2 in C:\Users\Administrator\Desktop\Repositories\电子封装课设\sch\5_CPU_TF卡.schdoc.schdoc with CR1220-2 from 5_CPU_TF卡.schdoc.SCHLIB
Replace Part C8 CAP_0603 in C:\Users\Administrator\Desktop\Repositories\电子封装课设\sch\5_CPU_TF卡.schdoc.schdoc with CAP_0603 from 2_传感器.schdoc.SCHLIB
Replace Part C16 CL05B104KO5NNNC in C:\Users\Administrator\Desktop\Repositories\电子封装课设\sch\5_CPU_TF卡.schdoc.schdoc with CL05B104KO5NNNC from 2_传感器.schdoc.SCHLIB
Replace Part C17 CAP_0603 in C:\Users\Administrator\Desktop\Repositories\电子封装课设\sch\5_CPU_TF卡.schdoc.schdoc with CAP_0603 from 2_传感器.schdoc.SCHLIB
Replace Part C18 0402CG220J500NT in C:\Users\Administrator\Desktop\Repositories\电子封装课设\sch\5_CPU_TF卡.schdoc.schdoc with 0402CG220J500NT from 5_CPU_TF卡.schdoc.SCHLIB
Replace Part C19 0402CG220J500NT in C:\Users\Administrator\Desktop\Repositories\电子封装课设\sch\5_CPU_TF卡.schdoc.schdoc with 0402CG220J500NT from 5_CPU_TF卡.schdoc.SCHLIB
Replace Part C20 0402CG220J500NT in C:\Users\Administrator\Desktop\Repositories\电子封装课设\sch\5_CPU_TF卡.schdoc.schdoc with 0402CG220J500NT from 5_CPU_TF卡.schdoc.SCHLIB
Replace Part C21 0402CG220J500NT in C:\Users\Administrator\Desktop\Repositories\电子封装课设\sch\5_CPU_TF卡.schdoc.schdoc with 0402CG220J500NT from 5_CPU_TF卡.schdoc.SCHLIB
Replace Part C22 CAP_0603 in C:\Users\Administrator\Desktop\Repositories\电子封装课设\sch\5_CPU_TF卡.schdoc.schdoc with CAP_0603 from 2_传感器.schdoc.SCHLIB
Replace Part C23 CAP_0603 in C:\Users\Administrator\Desktop\Repositories\电子封装课设\sch\5_CPU_TF卡.schdoc.schdoc with CAP_0603 from 2_传感器.schdoc.SCHLIB
Replace Part C24 CAP_0603 in C:\Users\Administrator\Desktop\Repositories\电子封装课设\sch\5_CPU_TF卡.schdoc.schdoc with CAP_0603 from 2_传感器.schdoc.SCHLIB
Replace Part C25 CAP_0603 in C:\Users\Administrator\Desktop\Repositories\电子封装课设\sch\5_CPU_TF卡.schdoc.schdoc with CAP_0603 from 2_传感器.schdoc.SCHLIB
Replace Part C26 CAP_0603 in C:\Users\Administrator\Desktop\Repositories\电子封装课设\sch\5_CPU_TF卡.schdoc.schdoc with CAP_0603 from 2_传感器.schdoc.SCHLIB
Replace Part C38 CAP_0402 in C:\Users\Administrator\Desktop\Repositories\电子封装课设\sch\5_CPU_TF卡.schdoc.schdoc with CAP_0402 from 1_对外接口.schdoc.SCHLIB
Replace Part C39 CAP_0402 in C:\Users\Administrator\Desktop\Repositories\电子封装课设\sch\5_CPU_TF卡.schdoc.schdoc with CAP_0402 from 1_对外接口.schdoc.SCHLIB
Replace Part C40 CAP_0402 in C:\Users\Administrator\Desktop\Repositories\电子封装课设\sch\5_CPU_TF卡.schdoc.schdoc with CAP_0402 from 1_对外接口.schdoc.SCHLIB
Replace Part C41 CAP_0402 in C:\Users\Administrator\Desktop\Repositories\电子封装课设\sch\5_CPU_TF卡.schdoc.schdoc with CAP_0402 from 1_对外接口.schdoc.SCHLIB
Replace Part C42 CAP_0402 in C:\Users\Administrator\Desktop\Repositories\电子封装课设\sch\5_CPU_TF卡.schdoc.schdoc with CAP_0402 from 1_对外接口.schdoc.SCHLIB
Replace Part C46 TAJB107K006RNJ in C:\Users\Administrator\Desktop\Repositories\电子封装课设\sch\5_CPU_TF卡.schdoc.schdoc with TAJB107K006RNJ from 5_CPU_TF卡.schdoc.SCHLIB
Replace Part CARD1 TF-02A in C:\Users\Administrator\Desktop\Repositories\电子封装课设\sch\5_CPU_TF卡.schdoc.schdoc with TF-02A from 5_CPU_TF卡.schdoc.SCHLIB
Replace Part D8 1N4148WS_C2128 in C:\Users\Administrator\Desktop\Repositories\电子封装课设\sch\5_CPU_TF卡.schdoc.schdoc with 1N4148WS_C2128 from 4_EC800M_4G_GPS.schdoc.SCHLIB
Replace Part H6 HDR-M_2.54_1x6P in C:\Users\Administrator\Desktop\Repositories\电子封装课设\sch\5_CPU_TF卡.schdoc.schdoc with HDR-M_2.54_1x6P from 5_CPU_TF卡.schdoc.SCHLIB
Replace Part L2 L_0603 in C:\Users\Administrator\Desktop\Repositories\电子封装课设\sch\5_CPU_TF卡.schdoc.schdoc with L_0603 from 5_CPU_TF卡.schdoc.SCHLIB
Replace Part L5 L_0603 in C:\Users\Administrator\Desktop\Repositories\电子封装课设\sch\5_CPU_TF卡.schdoc.schdoc with L_0603 from 5_CPU_TF卡.schdoc.SCHLIB
Replace Part LED5 19-217/BHC-ZL1M2RY/3T in C:\Users\Administrator\Desktop\Repositories\电子封装课设\sch\5_CPU_TF卡.schdoc.schdoc with 19-217/BHC-ZL1M2RY/3T from 5_CPU_TF卡.schdoc.SCHLIB
Replace Part LED6 19-217/BHC-ZL1M2RY/3T in C:\Users\Administrator\Desktop\Repositories\电子封装课设\sch\5_CPU_TF卡.schdoc.schdoc with 19-217/BHC-ZL1M2RY/3T from 5_CPU_TF卡.schdoc.SCHLIB
Replace Part LED7 19-217/BHC-ZL1M2RY/3T in C:\Users\Administrator\Desktop\Repositories\电子封装课设\sch\5_CPU_TF卡.schdoc.schdoc with 19-217/BHC-ZL1M2RY/3T from 5_CPU_TF卡.schdoc.SCHLIB
Replace Part LED8 19-217/BHC-ZL1M2RY/3T in C:\Users\Administrator\Desktop\Repositories\电子封装课设\sch\5_CPU_TF卡.schdoc.schdoc with 19-217/BHC-ZL1M2RY/3T from 5_CPU_TF卡.schdoc.SCHLIB
Replace Part OLED1 0.96OLED___4P in C:\Users\Administrator\Desktop\Repositories\电子封装课设\sch\5_CPU_TF卡.schdoc.schdoc with 0.96OLED___4P from 5_CPU_TF卡.schdoc.SCHLIB
Replace Part R16 0402WGF1002TCE in C:\Users\Administrator\Desktop\Repositories\电子封装课设\sch\5_CPU_TF卡.schdoc.schdoc with 0402WGF1002TCE from 2_传感器.schdoc.SCHLIB
Replace Part R17 0402WGF1002TCE in C:\Users\Administrator\Desktop\Repositories\电子封装课设\sch\5_CPU_TF卡.schdoc.schdoc with 0402WGF1002TCE from 2_传感器.schdoc.SCHLIB
Replace Part R18 0402WGF1002TCE in C:\Users\Administrator\Desktop\Repositories\电子封装课设\sch\5_CPU_TF卡.schdoc.schdoc with 0402WGF1002TCE from 2_传感器.schdoc.SCHLIB
Replace Part R19 0402WGF1002TCE in C:\Users\Administrator\Desktop\Repositories\电子封装课设\sch\5_CPU_TF卡.schdoc.schdoc with 0402WGF1002TCE from 2_传感器.schdoc.SCHLIB
Replace Part R27 RC0402FR-0710KL in C:\Users\Administrator\Desktop\Repositories\电子封装课设\sch\5_CPU_TF卡.schdoc.schdoc with RC0402FR-0710KL from 5_CPU_TF卡.schdoc.SCHLIB
Replace Part R28 RC0402FR-0710KL in C:\Users\Administrator\Desktop\Repositories\电子封装课设\sch\5_CPU_TF卡.schdoc.schdoc with RC0402FR-0710KL from 5_CPU_TF卡.schdoc.SCHLIB
Replace Part R29 RC0402FR-0710KL in C:\Users\Administrator\Desktop\Repositories\电子封装课设\sch\5_CPU_TF卡.schdoc.schdoc with RC0402FR-0710KL from 5_CPU_TF卡.schdoc.SCHLIB
Replace Part R30 RC0402FR-0710KL in C:\Users\Administrator\Desktop\Repositories\电子封装课设\sch\5_CPU_TF卡.schdoc.schdoc with RC0402FR-0710KL from 5_CPU_TF卡.schdoc.SCHLIB
Replace Part R31 RC0402FR-0710KL in C:\Users\Administrator\Desktop\Repositories\电子封装课设\sch\5_CPU_TF卡.schdoc.schdoc with RC0402FR-0710KL from 5_CPU_TF卡.schdoc.SCHLIB
Replace Part R32 0402WGF1002TCE in C:\Users\Administrator\Desktop\Repositories\电子封装课设\sch\5_CPU_TF卡.schdoc.schdoc with 0402WGF1002TCE from 2_传感器.schdoc.SCHLIB
Replace Part R33 Res_0603 in C:\Users\Administrator\Desktop\Repositories\电子封装课设\sch\5_CPU_TF卡.schdoc.schdoc with Res_0603 from 1_对外接口.schdoc.SCHLIB
Replace Part R34 RC0402FR-0710KL in C:\Users\Administrator\Desktop\Repositories\电子封装课设\sch\5_CPU_TF卡.schdoc.schdoc with RC0402FR-0710KL from 5_CPU_TF卡.schdoc.SCHLIB
Replace Part R35 RC0402FR-0710KL in C:\Users\Administrator\Desktop\Repositories\电子封装课设\sch\5_CPU_TF卡.schdoc.schdoc with RC0402FR-0710KL from 5_CPU_TF卡.schdoc.SCHLIB
Replace Part R50 RC0402FR-0710KL in C:\Users\Administrator\Desktop\Repositories\电子封装课设\sch\5_CPU_TF卡.schdoc.schdoc with RC0402FR-0710KL from 5_CPU_TF卡.schdoc.SCHLIB
Replace Part R51 Res_0402 in C:\Users\Administrator\Desktop\Repositories\电子封装课设\sch\5_CPU_TF卡.schdoc.schdoc with Res_0402 from 2_传感器.schdoc.SCHLIB
Replace Part R52 Res_0402 in C:\Users\Administrator\Desktop\Repositories\电子封装课设\sch\5_CPU_TF卡.schdoc.schdoc with Res_0402 from 2_传感器.schdoc.SCHLIB
Replace Part R53 Res_0402 in C:\Users\Administrator\Desktop\Repositories\电子封装课设\sch\5_CPU_TF卡.schdoc.schdoc with Res_0402 from 2_传感器.schdoc.SCHLIB
Replace Part R54 Res_0402 in C:\Users\Administrator\Desktop\Repositories\电子封装课设\sch\5_CPU_TF卡.schdoc.schdoc with Res_0402 from 2_传感器.schdoc.SCHLIB
Replace Part R57 Res_0402 in C:\Users\Administrator\Desktop\Repositories\电子封装课设\sch\5_CPU_TF卡.schdoc.schdoc with Res_0402 from 2_传感器.schdoc.SCHLIB
Replace Part R58 Res_0402 in C:\Users\Administrator\Desktop\Repositories\电子封装课设\sch\5_CPU_TF卡.schdoc.schdoc with Res_0402 from 2_传感器.schdoc.SCHLIB
Replace Part R59 0402WGF1002TCE in C:\Users\Administrator\Desktop\Repositories\电子封装课设\sch\5_CPU_TF卡.schdoc.schdoc with 0402WGF1002TCE from 2_传感器.schdoc.SCHLIB
Replace Part R60 0402WGF1002TCE in C:\Users\Administrator\Desktop\Repositories\电子封装课设\sch\5_CPU_TF卡.schdoc.schdoc with 0402WGF1002TCE from 2_传感器.schdoc.SCHLIB
Replace Part R61 Res_0402 in C:\Users\Administrator\Desktop\Repositories\电子封装课设\sch\5_CPU_TF卡.schdoc.schdoc with Res_0402 from 2_传感器.schdoc.SCHLIB
Replace Part R68 Res_0402 in C:\Users\Administrator\Desktop\Repositories\电子封装课设\sch\5_CPU_TF卡.schdoc.schdoc with Res_0402 from 2_传感器.schdoc.SCHLIB
Replace Part R69 Res_0402 in C:\Users\Administrator\Desktop\Repositories\电子封装课设\sch\5_CPU_TF卡.schdoc.schdoc with Res_0402 from 2_传感器.schdoc.SCHLIB
Replace Part R70 Res_0402 in C:\Users\Administrator\Desktop\Repositories\电子封装课设\sch\5_CPU_TF卡.schdoc.schdoc with Res_0402 from 2_传感器.schdoc.SCHLIB
Replace Part R71 Res_0402 in C:\Users\Administrator\Desktop\Repositories\电子封装课设\sch\5_CPU_TF卡.schdoc.schdoc with Res_0402 from 2_传感器.schdoc.SCHLIB
Replace Part R74 Res_0402 in C:\Users\Administrator\Desktop\Repositories\电子封装课设\sch\5_CPU_TF卡.schdoc.schdoc with Res_0402 from 2_传感器.schdoc.SCHLIB
Replace Part SW1 TS-1187A-B-A-B in C:\Users\Administrator\Desktop\Repositories\电子封装课设\sch\5_CPU_TF卡.schdoc.schdoc with TS-1187A-B-A-B from 5_CPU_TF卡.schdoc.SCHLIB
Replace Part SW2 TS-1187A-B-A-B in C:\Users\Administrator\Desktop\Repositories\电子封装课设\sch\5_CPU_TF卡.schdoc.schdoc with TS-1187A-B-A-B from 5_CPU_TF卡.schdoc.SCHLIB
Replace Part U10 STM32F405RGT6 in C:\Users\Administrator\Desktop\Repositories\电子封装课设\sch\5_CPU_TF卡.schdoc.schdoc with STM32F405RGT6 from 5_CPU_TF卡.schdoc.SCHLIB
Replace Part U10 STM32F405RGT6 in C:\Users\Administrator\Desktop\Repositories\电子封装课设\sch\5_CPU_TF卡.schdoc.schdoc with STM32F405RGT6 from 5_CPU_TF卡.schdoc.SCHLIB
Replace Part U11 HT7533-1_C14289 in C:\Users\Administrator\Desktop\Repositories\电子封装课设\sch\5_CPU_TF卡.schdoc.schdoc with HT7533-1_C14289 from 5_CPU_TF卡.schdoc.SCHLIB
Replace Part USB2 TYPE-C-31-M-19 in C:\Users\Administrator\Desktop\Repositories\电子封装课设\sch\5_CPU_TF卡.schdoc.schdoc with TYPE-C-31-M-19 from 5_CPU_TF卡.schdoc.SCHLIB
Replace Part X1 Q13FC1350000400 in C:\Users\Administrator\Desktop\Repositories\电子封装课设\sch\5_CPU_TF卡.schdoc.schdoc with Q13FC1350000400 from 5_CPU_TF卡.schdoc.SCHLIB
Replace Part X2 X50328MSB2GI in C:\Users\Administrator\Desktop\Repositories\电子封装课设\sch\5_CPU_TF卡.schdoc.schdoc with X50328MSB2GI from 5_CPU_TF卡.schdoc.SCHLIB
