Change Component Designator: Old Designator=B1 New Designator=B2
Change Component Designator: Old Designator=C8 New Designator=C59
Change Component Designator: Old Designator=C16 New Designator=C69
Change Component Designator: Old Designator=C17 New Designator=C68
Change Component Designator: Old Designator=C18 New Designator=C57
Change Component Designator: Old Designator=C19 New Designator=C58
Change Component Designator: Old Designator=C20 New Designator=C52
Change Component Designator: Old Designator=C21 New Designator=C53
Change Component Designator: Old Designator=C22 New Designator=C54
Change Component Designator: Old Designator=C23 New Designator=C56
Change Component Designator: Old Designator=C24 New Designator=C55
Change Component Designator: Old Designator=C25 New Designator=C60
Change Component Designator: Old Designator=C26 New Designator=C61
Change Component Designator: Old Designator=C38 New Designator=C66
Change Component Designator: Old Designator=C39 New Designator=C65
Change Component Designator: Old Designator=C40 New Designator=C64
Change Component Designator: Old Designator=C41 New Designator=C63
Change Component Designator: Old Designator=C42 New Designator=C62
Change Component Designator: Old Designator=C46 New Designator=C67
Change Component Designator: Old Designator=CARD1 New Designator=CARD2
Change Component Designator: Old Designator=H6 New Designator=H4
Change Component Designator: Old Designator=L2 New Designator=L6
Change Component Designator: Old Designator=L5 New Designator=L7
Change Component Designator: Old Designator=LED5 New Designator=LED12
Change Component Designator: Old Designator=LED6 New Designator=LED11
Change Component Designator: Old Designator=LED7 New Designator=LED10
Change Component Designator: Old Designator=LED8 New Designator=LED9
Change Component Designator: Old Designator=OLED1 New Designator=OLED2
Change Component Designator: Old Designator=R16 New Designator=R85
Change Component Designator: Old Designator=R17 New Designator=R84
Change Component Designator: Old Designator=R18 New Designator=R83
Change Component Designator: Old Designator=R19 New Designator=R82
Change Component Designator: Old Designator=R27 New Designator=R61
Change Component Designator: Old Designator=R28 New Designator=R62
Change Component Designator: Old Designator=R29 New Designator=R63
Change Component Designator: Old Designator=R30 New Designator=R64
Change Component Designator: Old Designator=R31 New Designator=R60
Change Component Designator: Old Designator=R32 New Designator=R59
Change Component Designator: Old Designator=R33 New Designator=R79
Change Component Designator: Old Designator=R34 New Designator=R74
Change Component Designator: Old Designator=R35 New Designator=R78
Change Component Designator: Old Designator=R50 New Designator=R65
Change Component Designator: Old Designator=R51 New Designator=R67
Change Component Designator: Old Designator=R52 New Designator=R70
Change Component Designator: Old Designator=R53 New Designator=R68
Change Component Designator: Old Designator=R54 New Designator=R69
Change Component Designator: Old Designator=R57 New Designator=R76
Change Component Designator: Old Designator=R58 New Designator=R75
Change Component Designator: Old Designator=R59 New Designator=R81
Change Component Designator: Old Designator=R60 New Designator=R86
Change Component Designator: Old Designator=R61 New Designator=R80
Change Component Designator: Old Designator=R68 New Designator=R73
Change Component Designator: Old Designator=R69 New Designator=R77
Change Component Designator: Old Designator=R70 New Designator=R71
Change Component Designator: Old Designator=R71 New Designator=R72
Change Component Designator: Old Designator=R74 New Designator=R66
Change Component Designator: Old Designator=SW1 New Designator=SW4
Change Component Designator: Old Designator=SW2 New Designator=SW3
Change Component Designator: Old Designator=U10 New Designator=U11
Change Component Designator: Old Designator=U10 New Designator=U11
Change Component Designator: Old Designator=U11 New Designator=U12
Change Component Designator: Old Designator=X1 New Designator=X4
Change Component Designator: Old Designator=X2 New Designator=X3
