Change Component Designator: Old Designator=C28 New Designator=C41
Change Component Designator: Old Designator=C29 New Designator=C42
Change Component Designator: Old Designator=C30 New Designator=C43
Change Component Designator: Old Designator=C31 New Designator=C44
Change Component Designator: Old Designator=C32 New Designator=C45
Change Component Designator: Old Designator=C33 New Designator=C46
Change Component Designator: Old Designator=C34 New Designator=C47
Change Component Designator: Old Designator=C35 New Designator=C48
Change Component Designator: Old Designator=C36 New Designator=C49
Change Component Designator: Old Designator=D3 New Designator=D11
Change Component Designator: Old Designator=L4 New Designator=L3
Change Component Designator: Old Designator=R34 New Designator=R32
Change Component Designator: Old Designator=R35 New Designator=R33
Change Component Designator: Old Designator=R36 New Designator=R34
Change Component Designator: Old Designator=R37 New Designator=R35
Change Component Designator: Old Designator=R38 New Designator=R36
Change Component Designator: Old Designator=R39 New Designator=R37
Change Component Designator: Old Designator=R40 New Designator=R38
Change Component Designator: Old Designator=R41 New Designator=R39
Change Component Designator: Old Designator=R42 New Designator=R40
Change Component Designator: Old Designator=U5 New Designator=U6
Change Component Designator: Old Designator=U6 New Designator=U7
Change Component Designator: Old Designator=U7 New Designator=U8
Change Component Designator: Old Designator=U8 New Designator=U9
