Change Component Designator: Old Designator=C37 New Designator=C50
Change Component Designator: Old Designator=C38 New Designator=C51
Change Component Designator: Old Designator=C39 New Designator=C52
Change Component Designator: Old Designator=CN2 New Designator=CN3
Change Component Designator: Old Designator=CN3 New Designator=CN4
Change Component Designator: Old Designator=D4 New Designator=D12
Change Component Designator: Old Designator=D5 New Designator=D13
Change Component Designator: Old Designator=R43 New Designator=R41
Change Component Designator: Old Designator=R44 New Designator=R42
Change Component Designator: Old Designator=R45 New Designator=R43
Change Component Designator: Old Designator=R46 New Designator=R44
Change Component Designator: Old Designator=R47 New Designator=R45
Change Component Designator: Old Designator=R48 New Designator=R46
Change Component Designator: Old Designator=R49 New Designator=R47
Change Component Designator: Old Designator=R50 New Designator=R48
Change Component Designator: Old Designator=R51 New Designator=R49
Change Component Designator: Old Designator=R52 New Designator=R50
Change Component Designator: Old Designator=R53 New Designator=R51
Change Component Designator: Old Designator=TP? New Designator=TP1
Change Component Designator: Old Designator=TP? New Designator=TP2
Change Component Designator: Old Designator=TP? New Designator=TP3
Change Component Designator: Old Designator=TP? New Designator=TP4
Change Component Designator: Old Designator=TP? New Designator=TP5
Change Component Designator: Old Designator=TP? New Designator=TP6
