Removed Pin From Net: NetName=GND Pin=C2-1
Removed Pin From Net: NetName=GND Pin=C9-1
Removed Pin From Net: NetName=3V3 Pin=C9-2
Removed Pin From Net: NetName=GND Pin=SW1-1
Removed Pin From Net: NetName=GND Pin=SW1-2
Removed Pin From Net: NetName=GND Pin=SW2-1
Removed Pin From Net: NetName=GND Pin=SW2-2
Removed Member From Class: ClassName=2 Member=SW1
Removed Member From Class: ClassName=2 Member=SW2
Change Component DesignItemId : Designator=C2 Old DesignItemId=CAP_0603 New DesignItemId=Cap
Change Component DesignItemId : Designator=C9 Old DesignItemId=CAP_0603 New DesignItemId=Cap
Change Component Comment : Designator=C2 Old Comment=100nF New Comment=100nF/0603
Change Component Comment : Designator=C9 Old Comment=100nF New Comment=100nF/0603
Change Component Designator: OldDesignator=C3 NewDesignator=C4
Change Component Designator: OldDesignator=C4 NewDesignator=C5
Change Component Designator: OldDesignator=C5 NewDesignator=C6
Change Component Designator: OldDesignator=C6 NewDesignator=C7
Change Component Designator: OldDesignator=C7 NewDesignator=C8
Change Component Designator: OldDesignator=C8 NewDesignator=C10
Change Component Designator: OldDesignator=C10 NewDesignator=C12
Change Component Designator: OldDesignator=C11 NewDesignator=C13
Change Component Designator: OldDesignator=C12 NewDesignator=C14
Change Component Designator: OldDesignator=C13 NewDesignator=C15
Change Component Designator: OldDesignator=C14 NewDesignator=C16
Change Component Designator: OldDesignator=C15 NewDesignator=C17
Change Component Designator: OldDesignator=C16 NewDesignator=C18
Change Component Designator: OldDesignator=C17 NewDesignator=C19
Change Component Designator: OldDesignator=C18 NewDesignator=C20
Change Component Designator: OldDesignator=C19 NewDesignator=C21
Change Component Designator: OldDesignator=C20 NewDesignator=C22
Change Component Designator: OldDesignator=C21 NewDesignator=C23
Change Component Designator: OldDesignator=C22 NewDesignator=C24
Change Component Designator: OldDesignator=C23 NewDesignator=C25
Change Component Designator: OldDesignator=C24 NewDesignator=C26
Change Component Designator: OldDesignator=C25 NewDesignator=C27
Change Component Designator: OldDesignator=C26 NewDesignator=C28
Change Component Designator: OldDesignator=C27 NewDesignator=C29
Change Component Designator: OldDesignator=C28 NewDesignator=C30
Change Component Designator: OldDesignator=C29 NewDesignator=C31
Change Component Designator: OldDesignator=C30 NewDesignator=C32
Change Component Designator: OldDesignator=C31 NewDesignator=C33
Change Component Designator: OldDesignator=C32 NewDesignator=C34
Change Component Designator: OldDesignator=C33 NewDesignator=C35
Change Component Designator: OldDesignator=C34 NewDesignator=C36
Change Component Designator: OldDesignator=C35 NewDesignator=C37
Change Component Designator: OldDesignator=C36 NewDesignator=C38
Change Component Designator: OldDesignator=C37 NewDesignator=C39
Change Component Designator: OldDesignator=C38 NewDesignator=C40
Change Component Designator: OldDesignator=C39 NewDesignator=C41
Change Component Designator: OldDesignator=C40 NewDesignator=C42
Change Component Designator: OldDesignator=C41 NewDesignator=C43
Change Component Designator: OldDesignator=C42 NewDesignator=C44
Change Component Designator: OldDesignator=C43 NewDesignator=C45
Change Component Designator: OldDesignator=R10 NewDesignator=R12
Change Component Designator: OldDesignator=R11 NewDesignator=R13
Change Component Designator: OldDesignator=R12 NewDesignator=R14
Change Component Designator: OldDesignator=R13 NewDesignator=R15
Change Component Designator: OldDesignator=R14 NewDesignator=R10
Change Component Designator: OldDesignator=R15 NewDesignator=R11
Change Component Designator: OldDesignator=USB?? NewDesignator=USB1
Change Component Description : Designator=C2 Old Description= New Description=Capacitor
Change Component Description : Designator=C9 Old Description= New Description=Capacitor
Change Component Library : Designator=C2 Old Library=5_CPU_TF¿¨.schdoc.SCHLIB New Library=MyComponents_v2.5.SchLib
Change Component Library : Designator=C9 Old Library=5_CPU_TF¿¨.schdoc.SCHLIB New Library=MyComponents_v2.5.SchLib
Added Component: Designator=C3(0603C)
Added Component: Designator=C11(0603C)
Added Component: Designator=S1(SW-3x6mm-SMT)
Added Component: Designator=S2(SW-3x6mm-SMT)
Added Pin To Net: NetName=GND Pin=C2-2
Added Pin To Net: NetName=GND Pin=C3-1
Added Pin To Net: NetName=GND Pin=C4-2
Added Pin To Net: NetName=GND Pin=C9-2
Added Pin To Net: NetName=GND Pin=C11-1
Added Pin To Net: NetName=3V3 Pin=C11-2
Added Pin To Net: NetName=GND Pin=R19-2
Added Pin To Net: NetName=GND Pin=S1-2
Added Pin To Net: NetName=GND Pin=S2-2
Added Pin To Net: NetName=GND Pin=U1-7
Change Net Name : Old Net Name=NetC4_2 New Net Name=NetC5_2
Change Net Name : Old Net Name=NetC5_2 New Net Name=NetC6_2
Change Net Name : Old Net Name=NetC6_2 New Net Name=NetC7_2
Change Net Name : Old Net Name=NetC7_2 New Net Name=NetC8_2
Change Net Name : Old Net Name=NetC13_2 New Net Name=NetC15_2
Change Net Name : Old Net Name=NetC26_2 New Net Name=NetC28_2
Change Net Name : Old Net Name=NetC27_2 New Net Name=NetC29_2
Change Net Name : Old Net Name=NetC28_2 New Net Name=NetC30_2
Change Net Name : Old Net Name=NetC32_1 New Net Name=NetC34_1
Change Net Name : Old Net Name=NetC32_2 New Net Name=NetC34_2
Change Net Name : Old Net Name=NetC33_1 New Net Name=NetC35_1
Change Net Name : Old Net Name=NetC37_2 New Net Name=NetC39_2
Change Net Name : Old Net Name=NetC38_1 New Net Name=NetC40_1
Change Net Name : Old Net Name=NetC38_2 New Net Name=NetC40_2
Change Net Name : Old Net Name=NetR14_2 New Net Name=NetR10_2
Added Pin To Net: NetName=NetC2_1 Pin=C2-1
Added Pin To Net: NetName=NetC2_1 Pin=R15-1
Added Pin To Net: NetName=NetC2_1 Pin=S1-1
Added Net: Name=NetC2_1
Added Pin To Net: NetName=NetC3_2 Pin=C3-2
Added Pin To Net: NetName=NetC3_2 Pin=U1-6
Added Pin To Net: NetName=NetC3_2 Pin=X1-1
Added Net: Name=NetC3_2
Added Pin To Net: NetName=NetC9_1 Pin=C9-1
Added Pin To Net: NetName=NetC9_1 Pin=S2-1
Added Net: Name=NetC9_1
Added Member To Class: ClassName=2 Member=Component C15 100nF
Added Member To Class: ClassName=2 Member=Component C16 100nF
Added Member To Class: ClassName=2 Member=Component S1 SW-SPST
Added Member To Class: ClassName=2 Member=Component S2 SW-SPST
Added Room: Name=2
Added Room: Name=3
Added Room: Name=4
Added Room: Name=5
Added Room: Name=6
Added Room: Name=7
Added Room: Name=8
Added Room: Name=9
