Added Component: Designator=C11(0603C)
Added Component: Designator=C12(0603C)
Added Component: Designator=C13(0603C)
Added Component: Designator=C14(0603C)
Added Component: Designator=C15(0603C)
Added Component: Designator=C16(0603C)
Added Component: Designator=C17(0603C)
Added Component: Designator=C18(0603C)
Added Component: Designator=C19(0603C)
Added Component: Designator=C20(0603C)
Added Component: Designator=C21(0603C)
Added Component: Designator=C22(0603C)
Added Component: Designator=C23(0603C)
Added Component: Designator=C24(0603C)
Added Component: Designator=C25(0603C)
Added Component: Designator=C26(0603C)
Added Component: Designator=C27(0603C)
Added Component: Designator=C28(0603C)
Added Component: Designator=C29(1206C)
Added Component: Designator=C30(1206C)
Added Component: Designator=C31(0603C)
Added Component: Designator=C32(0603C)
Added Component: Designator=C33(0603C)
Added Component: Designator=C34(0603C)
Added Component: Designator=C35(1206C)
Added Component: Designator=C36(1206C)
Added Component: Designator=C37(1206C)
Added Component: Designator=C38(1206C)
Added Component: Designator=C39(0402C)
Added Component: Designator=C40(0402C)
Added Component: Designator=C41(0402C)
Added Component: Designator=C42(0402C)
Added Component: Designator=C43(0402C)
Added Component: Designator=C44(0402C)
Added Component: Designator=C45(0402)
Added Component: Designator=C46(0402)
Added Component: Designator=C47(0603C)
Added Component: Designator=C49(0603C)
Added Component: Designator=C50(0603C)
Added Component: Designator=C53(1206C)
Added Component: Designator=C55(1206C)
Added Component: Designator=CARD2(TF_SD)
Added Component: Designator=D3(SOD-323_L1.8-W1.3-LS2.5-RD)
Added Component: Designator=R10(0402R)
Added Component: Designator=R11(0402R)
Added Component: Designator=R12(0402R)
Added Component: Designator=R13(0402R)
Added Component: Designator=R14(0402R)
Added Component: Designator=R15(0402R)
Added Component: Designator=R16(0402R)
Added Component: Designator=R17(0402R)
Added Component: Designator=R18(0402R)
Added Component: Designator=R19(0402R)
Added Component: Designator=R20(0402R)
Added Component: Designator=R21(0402R)
Added Component: Designator=R22(0402R)
Added Component: Designator=R23(0402R)
Added Component: Designator=R24(0402R)
Added Component: Designator=R25(0402R)
Added Component: Designator=R26(0402R)
Added Component: Designator=R27(0402R)
Added Component: Designator=R28(0402R)
Added Component: Designator=R29(0402R)
Added Component: Designator=R30(0603R)
Added Component: Designator=R31(0402R)
Added Component: Designator=R32(0603R)
Added Component: Designator=R33(0402R)
Added Component: Designator=R34(0603R)
Added Component: Designator=R35(0402R)
Added Component: Designator=R36(0402R)
Added Component: Designator=R37(0402R)
Added Component: Designator=R38(0402R)
Added Component: Designator=R39(0402R)
Added Component: Designator=R40(0402R)
Added Component: Designator=R41(0402R)
Added Component: Designator=R42(0603R)
Added Component: Designator=R43(0603R)
Added Component: Designator=R44(0603R)
Added Component: Designator=R45(0805)
Added Component: Designator=R46(0805)
Added Component: Designator=R47(0603R)
Added Component: Designator=R48(0603R)
Added Component: Designator=R49(0402R)
Added Component: Designator=R50(0402R)
Added Component: Designator=R51(0402R)
Added Component: Designator=R52(0402R)
Added Component: Designator=R53(0402R)
Added Component: Designator=R54(0402R)
Added Component: Designator=R55(0603R)
Added Component: Designator=R56(0603R)
Added Component: Designator=R57(0603R)
Added Component: Designator=R61(0603R)
Added Component: Designator=SW1(SW-3x6mm-SMT)
Added Component: Designator=SW2(SW-3x6mm-SMT)
Added Component: Designator=U4(SOT-23-8)
Added Component: Designator=U14(SOT223_4)
Added Pin To Net: NetName=0_2V_IN_A Pin=R47-1
Added Net: Name=0_2V_IN_A
Added Pin To Net: NetName=0_2V_IN_B Pin=R48-1
Added Net: Name=0_2V_IN_B
Added Pin To Net: NetName=3V3 Pin=C18-2
Added Pin To Net: NetName=3V3 Pin=C19-2
Added Pin To Net: NetName=3V3 Pin=C20-2
Added Pin To Net: NetName=3V3 Pin=C21-2
Added Pin To Net: NetName=3V3 Pin=C22-2
Added Pin To Net: NetName=3V3 Pin=C40-1
Added Pin To Net: NetName=3V3 Pin=C41-2
Added Pin To Net: NetName=3V3 Pin=C44-1
Added Pin To Net: NetName=3V3 Pin=R10-2
Added Pin To Net: NetName=3V3 Pin=R11-2
Added Pin To Net: NetName=3V3 Pin=R12-2
Added Pin To Net: NetName=3V3 Pin=R13-2
Added Pin To Net: NetName=3V3 Pin=R15-1
Added Pin To Net: NetName=3V3 Pin=R28-1
Added Pin To Net: NetName=3V3 Pin=U4-3
Added Pin To Net: NetName=3V3 Pin=U4-5
Added Pin To Net: NetName=3V3 Pin=U14-2
Added Net: Name=3V3
Added Pin To Net: NetName=5V Pin=C39-2
Added Pin To Net: NetName=5V Pin=C50-2
Added Pin To Net: NetName=5V Pin=C55-2
Added Pin To Net: NetName=5V Pin=R39-2
Added Pin To Net: NetName=5V Pin=R57-2
Added Pin To Net: NetName=5V Pin=U14-3
Added Net: Name=5V
Added Pin To Net: NetName=485_A Pin=R45-1
Added Net: Name=485_A
Added Pin To Net: NetName=485_B Pin=R46-1
Added Net: Name=485_B
Added Pin To Net: NetName=B00T0 Pin=R27-2
Added Net: Name=B00T0
Added Net: Name=B_CODE_OUT
Added Pin To Net: NetName=BAT Pin=C53-2
Added Pin To Net: NetName=BAT Pin=R56-1
Added Net: Name=BAT
Added Pin To Net: NetName=BB Pin=R42-2
Added Pin To Net: NetName=BB Pin=R46-2
Added Net: Name=BB
Added Pin To Net: NetName=BOOT1 Pin=R14-1
Added Net: Name=BOOT1
Added Pin To Net: NetName=CAN1_RX Pin=U4-4
Added Net: Name=CAN1_RX
Added Pin To Net: NetName=CAN1_TX Pin=U4-1
Added Net: Name=CAN1_TX
Added Net: Name=CONFIG_0
Added Net: Name=CONFIG_1
Added Net: Name=CONFIG_2
Added Net: Name=CONFIG_3
Added Pin To Net: NetName=DN Pin=R19-2
Added Net: Name=DN
Added Pin To Net: NetName=DP Pin=R18-2
Added Pin To Net: NetName=DP Pin=R23-2
Added Net: Name=DP
Added Net: Name=FULL_CARD_POWER_OFF#
Added Pin To Net: NetName=GND Pin=C11-1
Added Pin To Net: NetName=GND Pin=C12-1
Added Pin To Net: NetName=GND Pin=C13-1
Added Pin To Net: NetName=GND Pin=C14-1
Added Pin To Net: NetName=GND Pin=C15-1
Added Pin To Net: NetName=GND Pin=C16-1
Added Pin To Net: NetName=GND Pin=C17-1
Added Pin To Net: NetName=GND Pin=C18-1
Added Pin To Net: NetName=GND Pin=C19-1
Added Pin To Net: NetName=GND Pin=C20-1
Added Pin To Net: NetName=GND Pin=C21-1
Added Pin To Net: NetName=GND Pin=C22-1
Added Pin To Net: NetName=GND Pin=C23-1
Added Pin To Net: NetName=GND Pin=C24-1
Added Pin To Net: NetName=GND Pin=C25-1
Added Pin To Net: NetName=GND Pin=C26-1
Added Pin To Net: NetName=GND Pin=C27-1
Added Pin To Net: NetName=GND Pin=C28-1
Added Pin To Net: NetName=GND Pin=C29-2
Added Pin To Net: NetName=GND Pin=C30-2
Added Pin To Net: NetName=GND Pin=C31-1
Added Pin To Net: NetName=GND Pin=C32-1
Added Pin To Net: NetName=GND Pin=C33-1
Added Pin To Net: NetName=GND Pin=C34-1
Added Pin To Net: NetName=GND Pin=C35-1
Added Pin To Net: NetName=GND Pin=C36-1
Added Pin To Net: NetName=GND Pin=C37-1
Added Pin To Net: NetName=GND Pin=C38-1
Added Pin To Net: NetName=GND Pin=C39-1
Added Pin To Net: NetName=GND Pin=C40-2
Added Pin To Net: NetName=GND Pin=C41-1
Added Pin To Net: NetName=GND Pin=C43-2
Added Pin To Net: NetName=GND Pin=C44-2
Added Pin To Net: NetName=GND Pin=C45-2
Added Pin To Net: NetName=GND Pin=C46-2
Added Pin To Net: NetName=GND Pin=C47-1
Added Pin To Net: NetName=GND Pin=C53-1
Added Pin To Net: NetName=GND Pin=C55-1
Added Pin To Net: NetName=GND Pin=CARD2-6
Added Pin To Net: NetName=GND Pin=CARD2-10
Added Pin To Net: NetName=GND Pin=CARD2-10
Added Pin To Net: NetName=GND Pin=CARD2-10
Added Pin To Net: NetName=GND Pin=CARD2-10
Added Pin To Net: NetName=GND Pin=R14-2
Added Pin To Net: NetName=GND Pin=R16-2
Added Pin To Net: NetName=GND Pin=R23-1
Added Pin To Net: NetName=GND Pin=R24-1
Added Pin To Net: NetName=GND Pin=R27-1
Added Pin To Net: NetName=GND Pin=R30-1
Added Pin To Net: NetName=GND Pin=R32-1
Added Pin To Net: NetName=GND Pin=R40-1
Added Pin To Net: NetName=GND Pin=R43-1
Added Pin To Net: NetName=GND Pin=R44-1
Added Pin To Net: NetName=GND Pin=R61-1
Added Pin To Net: NetName=GND Pin=SW1-1
Added Pin To Net: NetName=GND Pin=SW1-2
Added Pin To Net: NetName=GND Pin=SW2-1
Added Pin To Net: NetName=GND Pin=SW2-2
Added Pin To Net: NetName=GND Pin=U4-2
Added Pin To Net: NetName=GND Pin=U14-1
Added Pin To Net: NetName=GND Pin=U14-4
Added Net: Name=GND
Added Net: Name=I2C_SCL
Added Net: Name=I2C_SDA
Added Net: Name=IN1
Added Net: Name=IN2
Added Net: Name=IN3
Added Net: Name=IN4
Added Net: Name=IN5
Added Net: Name=IN6
Added Net: Name=IN7
Added Net: Name=IN8
Added Pin To Net: NetName=LED_B Pin=R29-1
Added Net: Name=LED_B
Added Pin To Net: NetName=LED_G Pin=R25-2
Added Net: Name=LED_G
Added Pin To Net: NetName=LED_R Pin=R21-2
Added Net: Name=LED_R
Added Pin To Net: NetName=LED_Y Pin=R26-2
Added Net: Name=LED_Y
Added Pin To Net: NetName=NetC11_2 Pin=C11-2
Added Net: Name=NetC11_2
Added Pin To Net: NetName=NetC12_2 Pin=C12-2
Added Net: Name=NetC12_2
Added Pin To Net: NetName=NetC14_2 Pin=C14-2
Added Net: Name=NetC14_2
Added Pin To Net: NetName=NetC15_2 Pin=C15-2
Added Net: Name=NetC15_2
Added Pin To Net: NetName=NetC16_2 Pin=C16-2
Added Net: Name=NetC16_2
Added Pin To Net: NetName=NetC17_2 Pin=C17-2
Added Net: Name=NetC17_2
Added Pin To Net: NetName=NetC23_2 Pin=C23-2
Added Pin To Net: NetName=NetC23_2 Pin=C24-2
Added Net: Name=NetC23_2
Added Pin To Net: NetName=NetC36_2 Pin=C36-2
Added Pin To Net: NetName=NetC36_2 Pin=R35-2
Added Net: Name=NetC36_2
Added Pin To Net: NetName=NetC37_2 Pin=C37-2
Added Pin To Net: NetName=NetC37_2 Pin=R36-2
Added Net: Name=NetC37_2
Added Pin To Net: NetName=NetC38_2 Pin=C38-2
Added Pin To Net: NetName=NetC38_2 Pin=R34-1
Added Net: Name=NetC38_2
Added Pin To Net: NetName=NetC42_1 Pin=C42-1
Added Net: Name=NetC42_1
Added Pin To Net: NetName=NetC42_2 Pin=C42-2
Added Net: Name=NetC42_2
Added Pin To Net: NetName=NetC43_1 Pin=C43-1
Added Net: Name=NetC43_1
Added Pin To Net: NetName=NetC47_2 Pin=C47-2
Added Pin To Net: NetName=NetC47_2 Pin=CARD2-4
Added Pin To Net: NetName=NetC47_2 Pin=R49-2
Added Pin To Net: NetName=NetC47_2 Pin=R50-2
Added Pin To Net: NetName=NetC47_2 Pin=R51-2
Added Pin To Net: NetName=NetC47_2 Pin=R52-2
Added Pin To Net: NetName=NetC47_2 Pin=R53-2
Added Pin To Net: NetName=NetC47_2 Pin=R54-2
Added Net: Name=NetC47_2
Added Pin To Net: NetName=NetC49_1 Pin=C49-1
Added Net: Name=NetC49_1
Added Pin To Net: NetName=NetC49_2 Pin=C49-2
Added Pin To Net: NetName=NetC49_2 Pin=C50-1
Added Pin To Net: NetName=NetC49_2 Pin=R55-2
Added Pin To Net: NetName=NetC49_2 Pin=R57-1
Added Pin To Net: NetName=NetC49_2 Pin=R61-2
Added Net: Name=NetC49_2
Added Pin To Net: NetName=NetCARD1_C7 Pin=R37-2
Added Net: Name=NetCARD1_C7
Added Net: Name=NetCN3_70
Added Pin To Net: NetName=NetCN5_1 Pin=R42-1
Added Pin To Net: NetName=NetCN5_1 Pin=R45-2
Added Net: Name=NetCN5_1
Added Pin To Net: NetName=NetLED6_1 Pin=R21-1
Added Net: Name=NetLED6_1
Added Pin To Net: NetName=NetLED7_1 Pin=R25-1
Added Net: Name=NetLED7_1
Added Pin To Net: NetName=NetLED8_1 Pin=R26-1
Added Net: Name=NetLED8_1
Added Pin To Net: NetName=NetLED9_1 Pin=R29-2
Added Net: Name=NetLED9_1
Added Pin To Net: NetName=NetLED10_2 Pin=R33-2
Added Net: Name=NetLED10_2
Added Pin To Net: NetName=NetQ1_3 Pin=R39-1
Added Net: Name=NetQ1_3
Added Pin To Net: NetName=NetR16_1 Pin=R16-1
Added Net: Name=NetR16_1
Added Pin To Net: NetName=NetR22_1 Pin=R22-1
Added Net: Name=NetR22_1
Added Pin To Net: NetName=NetR24_2 Pin=R24-2
Added Net: Name=NetR24_2
Added Pin To Net: NetName=NetR38_2 Pin=R38-2
Added Net: Name=NetR38_2
Added Pin To Net: NetName=NetR40_2 Pin=R40-2
Added Net: Name=NetR40_2
Added Pin To Net: NetName=NetR55_1 Pin=R55-1
Added Net: Name=NetR55_1
Added Pin To Net: NetName=NetR56_2 Pin=R56-2
Added Net: Name=NetR56_2
Added Pin To Net: NetName=NetU4_6 Pin=U4-6
Added Net: Name=NetU4_6
Added Pin To Net: NetName=NetU4_7 Pin=U4-7
Added Net: Name=NetU4_7
Added Net: Name=NetUSB1_A1
Added Pin To Net: NetName=NRST Pin=C13-2
Added Pin To Net: NetName=NRST Pin=R28-2
Added Net: Name=NRST
Added Net: Name=O1
Added Net: Name=O2
Added Net: Name=O3
Added Net: Name=O4
Added Net: Name=O5
Added Net: Name=O6
Added Net: Name=O7
Added Net: Name=O8
Added Pin To Net: NetName=PA2-X3 Pin=R31-1
Added Net: Name=PA2-X3
Added Pin To Net: NetName=PA3-X4 Pin=D3-2
Added Net: Name=PA3-X4
Added Pin To Net: NetName=PA4-X5 Pin=C46-1
Added Pin To Net: NetName=PA4-X5 Pin=R44-2
Added Pin To Net: NetName=PA4-X5 Pin=R48-2
Added Net: Name=PA4-X5
Added Pin To Net: NetName=PA5-X6 Pin=C45-1
Added Pin To Net: NetName=PA5-X6 Pin=R43-2
Added Pin To Net: NetName=PA5-X6 Pin=R47-2
Added Net: Name=PA5-X6
Added Net: Name=PA6-X7
Added Net: Name=PA7-X8
Added Pin To Net: NetName=PA9-VBUS Pin=R17-1
Added Net: Name=PA9-VBUS
Added Pin To Net: NetName=PA10-ID Pin=R15-2
Added Pin To Net: NetName=PA10-ID Pin=R20-2
Added Net: Name=PA10-ID
Added Pin To Net: NetName=PA11-DM Pin=R18-1
Added Net: Name=PA11-DM
Added Pin To Net: NetName=PA11-DP Pin=R19-1
Added Net: Name=PA11-DP
Added Net: Name=PCIE_CLKREQ_N
Added Net: Name=PCIE_REFCLK_M
Added Net: Name=PCIE_REFCLK_P
Added Net: Name=PCIE_RST_N
Added Net: Name=PCIE_RX_M
Added Net: Name=PCIE_RX_P
Added Net: Name=PCIE_TX_M
Added Net: Name=PCIE_TX_P
Added Net: Name=PCIE_WAKE_N
Added Net: Name=PCM_CLK
Added Net: Name=PCM_DIN
Added Net: Name=PCM_DOUT
Added Net: Name=PCM_LCK
Added Net: Name=PCM_SYNC
Added Net: Name=RESET#
Added Net: Name=RFFE_CLK
Added Net: Name=RFFE_DATA
Added Net: Name=RFFE_VIO_1V8
Added Pin To Net: NetName=RX Pin=D3-1
Added Net: Name=RX
Added Pin To Net: NetName=SDIO_CK Pin=CARD2-5
Added Pin To Net: NetName=SDIO_CK Pin=R51-1
Added Net: Name=SDIO_CK
Added Pin To Net: NetName=SDIO_CMD Pin=CARD2-3
Added Pin To Net: NetName=SDIO_CMD Pin=R52-1
Added Net: Name=SDIO_CMD
Added Pin To Net: NetName=SDIO_D0 Pin=CARD2-7
Added Pin To Net: NetName=SDIO_D0 Pin=R50-1
Added Net: Name=SDIO_D0
Added Pin To Net: NetName=SDIO_D1 Pin=CARD2-8
Added Pin To Net: NetName=SDIO_D1 Pin=R49-1
Added Net: Name=SDIO_D1
Added Pin To Net: NetName=SDIO_D2 Pin=CARD2-1
Added Pin To Net: NetName=SDIO_D2 Pin=R54-1
Added Net: Name=SDIO_D2
Added Pin To Net: NetName=SDIO_D3 Pin=CARD2-2
Added Pin To Net: NetName=SDIO_D3 Pin=R30-2
Added Pin To Net: NetName=SDIO_D3 Pin=R53-1
Added Net: Name=SDIO_D3
Added Pin To Net: NetName=SDIO_SW Pin=CARD2-9
Added Net: Name=SDIO_SW
Added Net: Name=SPI_CLK
Added Net: Name=SPI_CS
Added Net: Name=SPI_DI
Added Net: Name=SPI_DO
Added Pin To Net: NetName=TX Pin=R31-2
Added Net: Name=TX
Added Pin To Net: NetName=UART4_RX Pin=R41-1
Added Net: Name=UART4_RX
Added Pin To Net: NetName=UART4_TX Pin=R38-1
Added Net: Name=UART4_TX
Added Net: Name=UART_RXD
Added Net: Name=UART_TXD
Added Net: Name=USB_DM
Added Net: Name=USB_DP
Added Net: Name=USB_SS_RX_M
Added Net: Name=USB_SS_RX_P
Added Net: Name=USB_SS_TX_M
Added Net: Name=USB_SS_TX_P
Added Pin To Net: NetName=USIM1_CLK Pin=R35-1
Added Net: Name=USIM1_CLK
Added Pin To Net: NetName=USIM1_DATA Pin=R37-1
Added Net: Name=USIM1_DATA
Added Net: Name=USIM1_DET
Added Pin To Net: NetName=USIM1_RST Pin=R36-1
Added Net: Name=USIM1_RST
Added Pin To Net: NetName=USIM1_VDD Pin=C35-2
Added Pin To Net: NetName=USIM1_VDD Pin=R34-2
Added Net: Name=USIM1_VDD
Added Net: Name=USIM2_CLK
Added Net: Name=USIM2_DATA
Added Net: Name=USIM2_DET
Added Net: Name=USIM2_RST
Added Net: Name=USIM2_VDD
Added Net: Name=USM1_CLK
Added Net: Name=USM1_RST
Added Pin To Net: NetName=VBUS Pin=R17-2
Added Net: Name=VBUS
Added Pin To Net: NetName=VCC_MODULE Pin=C25-2
Added Pin To Net: NetName=VCC_MODULE Pin=C26-2
Added Pin To Net: NetName=VCC_MODULE Pin=C27-2
Added Pin To Net: NetName=VCC_MODULE Pin=C28-2
Added Pin To Net: NetName=VCC_MODULE Pin=C29-1
Added Pin To Net: NetName=VCC_MODULE Pin=C30-1
Added Pin To Net: NetName=VCC_MODULE Pin=C31-2
Added Pin To Net: NetName=VCC_MODULE Pin=C32-2
Added Pin To Net: NetName=VCC_MODULE Pin=C33-2
Added Pin To Net: NetName=VCC_MODULE Pin=C34-2
Added Pin To Net: NetName=VCC_MODULE Pin=R33-1
Added Net: Name=VCC_MODULE
Added Net: Name=W_DISABLE#
Added Net: Name=WAKE_ON_WAN#
Added Net: Name=WAKE_UP_OUT
Added Pin To Net: NetName=WWAN_LED# Pin=R32-2
Added Net: Name=WWAN_LED#
Added Pin To Net: NetName=X9_SCL Pin=R10-1
Added Net: Name=X9_SCL
Added Pin To Net: NetName=X10_SDA Pin=R11-1
Added Net: Name=X10_SDA
Added Net: Name=X11
Added Net: Name=X12
Added Pin To Net: NetName=X17 Pin=R22-2
Added Net: Name=X17
Added Net: Name=X18
Added Pin To Net: NetName=Y9_SCL Pin=R13-1
Added Net: Name=Y9_SCL
Added Pin To Net: NetName=Y9_SDA Pin=R12-1
Added Net: Name=Y9_SDA
Added Class: Name=2
Added Class: Name=3
Added Class: Name=4
Added Class: Name=5
Added Class: Name=6
Added Class: Name=7
Added Class: Name=8
Added Class: Name=9
Added Room: Name=2
Added Room: Name=3
Added Room: Name=4
Added Room: Name=5
Added Room: Name=6
Added Room: Name=7
Added Room: Name=8
Added Room: Name=9
