Change Component Designator: OldDesignator=C11 NewDesignator=C1
Change Component Designator: OldDesignator=C12 NewDesignator=C2
Change Component Designator: OldDesignator=C13 NewDesignator=C3
Change Component Designator: OldDesignator=C14 NewDesignator=C4
Change Component Designator: OldDesignator=C15 NewDesignator=C5
Change Component Designator: OldDesignator=C16 NewDesignator=C6
Change Component Designator: OldDesignator=C17 NewDesignator=C7
Change Component Designator: OldDesignator=C18 NewDesignator=C8
Change Component Designator: OldDesignator=C19 NewDesignator=C9
Change Component Designator: OldDesignator=C20 NewDesignator=C10
Change Component Designator: OldDesignator=C21 NewDesignator=C11
Change Component Designator: OldDesignator=C22 NewDesignator=C12
Change Component Designator: OldDesignator=C23 NewDesignator=C13
Change Component Designator: OldDesignator=C24 NewDesignator=C14
Change Component Designator: OldDesignator=C25 NewDesignator=C15
Change Component Designator: OldDesignator=C26 NewDesignator=C16
Change Component Designator: OldDesignator=C27 NewDesignator=C17
Change Component Designator: OldDesignator=C28 NewDesignator=C18
Change Component Designator: OldDesignator=C29 NewDesignator=C19
Change Component Designator: OldDesignator=C30 NewDesignator=C20
Change Component Designator: OldDesignator=C31 NewDesignator=C21
Change Component Designator: OldDesignator=C32 NewDesignator=C22
Change Component Designator: OldDesignator=C33 NewDesignator=C23
Change Component Designator: OldDesignator=C34 NewDesignator=C24
Change Component Designator: OldDesignator=C35 NewDesignator=C25
Change Component Designator: OldDesignator=C36 NewDesignator=C26
Change Component Designator: OldDesignator=C37 NewDesignator=C27
Change Component Designator: OldDesignator=C38 NewDesignator=C28
Change Component Designator: OldDesignator=C39 NewDesignator=C29
Change Component Designator: OldDesignator=C40 NewDesignator=C30
Change Component Designator: OldDesignator=C41 NewDesignator=C31
Change Component Designator: OldDesignator=C42 NewDesignator=C32
Change Component Designator: OldDesignator=C43 NewDesignator=C33
Change Component Designator: OldDesignator=C44 NewDesignator=C34
Change Component Designator: OldDesignator=C45 NewDesignator=C35
Change Component Designator: OldDesignator=C46 NewDesignator=C36
Change Component Designator: OldDesignator=C47 NewDesignator=C37
Change Component Designator: OldDesignator=C49 NewDesignator=C38
Change Component Designator: OldDesignator=C50 NewDesignator=C39
Change Component Designator: OldDesignator=C51 NewDesignator=C40
Change Component Designator: OldDesignator=C53 NewDesignator=C41
Change Component Designator: OldDesignator=C54 NewDesignator=C42
Change Component Designator: OldDesignator=C55 NewDesignator=C43
Change Component Designator: OldDesignator=CN? NewDesignator=CN7
Change Component Designator: OldDesignator=CN?? NewDesignator=CN8
Change Component Designator: OldDesignator=D3 NewDesignator=D1
Change Component Designator: OldDesignator=D4 NewDesignator=D2
Change Component Designator: OldDesignator=D5 NewDesignator=D3
Change Component Designator: OldDesignator=D6 NewDesignator=D4
Change Component Designator: OldDesignator=D7 NewDesignator=D5
Change Component Designator: OldDesignator=D8 NewDesignator=D6
Change Component Designator: OldDesignator=D9 NewDesignator=D7
Change Component Designator: OldDesignator=D10 NewDesignator=D8
Change Component Designator: OldDesignator=D11 NewDesignator=D9
Change Component Designator: OldDesignator=D14 NewDesignator=D10
Change Component Designator: OldDesignator=L2 NewDesignator=L1
Change Component Designator: OldDesignator=L3 NewDesignator=L2
Change Component Designator: OldDesignator=L5 NewDesignator=L3
Change Component Designator: OldDesignator=LED6 NewDesignator=LED1
Change Component Designator: OldDesignator=LED7 NewDesignator=LED2
Change Component Designator: OldDesignator=LED8 NewDesignator=LED3
Change Component Designator: OldDesignator=LED9 NewDesignator=LED4
Change Component Designator: OldDesignator=LED10 NewDesignator=LED5
Change Component Designator: OldDesignator=R10 NewDesignator=R1
Change Component Designator: OldDesignator=R11 NewDesignator=R2
Change Component Designator: OldDesignator=R12 NewDesignator=R3
Change Component Designator: OldDesignator=R13 NewDesignator=R4
Change Component Designator: OldDesignator=R14 NewDesignator=R5
Change Component Designator: OldDesignator=R15 NewDesignator=R6
Change Component Designator: OldDesignator=R16 NewDesignator=R7
Change Component Designator: OldDesignator=R17 NewDesignator=R8
Change Component Designator: OldDesignator=R18 NewDesignator=R9
Change Component Designator: OldDesignator=R19 NewDesignator=R10
Change Component Designator: OldDesignator=R20 NewDesignator=R11
Change Component Designator: OldDesignator=R21 NewDesignator=R12
Change Component Designator: OldDesignator=R22 NewDesignator=R13
Change Component Designator: OldDesignator=R23 NewDesignator=R14
Change Component Designator: OldDesignator=R24 NewDesignator=R15
Change Component Designator: OldDesignator=R25 NewDesignator=R16
Change Component Designator: OldDesignator=R26 NewDesignator=R17
Change Component Designator: OldDesignator=R27 NewDesignator=R18
Change Component Designator: OldDesignator=R28 NewDesignator=R19
Change Component Designator: OldDesignator=R29 NewDesignator=R20
Change Component Designator: OldDesignator=R30 NewDesignator=R21
Change Component Designator: OldDesignator=R31 NewDesignator=R22
Change Component Designator: OldDesignator=R32 NewDesignator=R23
Change Component Designator: OldDesignator=R33 NewDesignator=R24
Change Component Designator: OldDesignator=R34 NewDesignator=R25
Change Component Designator: OldDesignator=R35 NewDesignator=R26
Change Component Designator: OldDesignator=R36 NewDesignator=R27
Change Component Designator: OldDesignator=R37 NewDesignator=R28
Change Component Designator: OldDesignator=R38 NewDesignator=R29
Change Component Designator: OldDesignator=R39 NewDesignator=R30
Change Component Designator: OldDesignator=R40 NewDesignator=R31
Change Component Designator: OldDesignator=R41 NewDesignator=R32
Change Component Designator: OldDesignator=R42 NewDesignator=R33
Change Component Designator: OldDesignator=R43 NewDesignator=R34
Change Component Designator: OldDesignator=R44 NewDesignator=R35
Change Component Designator: OldDesignator=R45 NewDesignator=R36
Change Component Designator: OldDesignator=R46 NewDesignator=R37
Change Component Designator: OldDesignator=R47 NewDesignator=R38
Change Component Designator: OldDesignator=R48 NewDesignator=R39
Change Component Designator: OldDesignator=R49 NewDesignator=R40
Change Component Designator: OldDesignator=R50 NewDesignator=R41
Change Component Designator: OldDesignator=R51 NewDesignator=R42
Change Component Designator: OldDesignator=R52 NewDesignator=R43
Change Component Designator: OldDesignator=R53 NewDesignator=R44
Change Component Designator: OldDesignator=R54 NewDesignator=R45
Change Component Designator: OldDesignator=R55 NewDesignator=R46
Change Component Designator: OldDesignator=R56 NewDesignator=R47
Change Component Designator: OldDesignator=R57 NewDesignator=R48
Change Component Designator: OldDesignator=R61 NewDesignator=R49
Change Component Designator: OldDesignator=U3 NewDesignator=U1
Change Component Designator: OldDesignator=U4 NewDesignator=U2
Change Component Designator: OldDesignator=U5 NewDesignator=U3
Change Component Designator: OldDesignator=U6 NewDesignator=U4
Change Component Designator: OldDesignator=U8 NewDesignator=U6
Change Component Designator: OldDesignator=U9 NewDesignator=U7
Change Component Designator: OldDesignator=U10 NewDesignator=U8
Change Component Designator: OldDesignator=U11 NewDesignator=U9
Change Component Designator: OldDesignator=U12 NewDesignator=U11
Change Component Designator: OldDesignator=U14 NewDesignator=U10
Change Component Designator: OldDesignator=USB2 NewDesignator=USB3
Change Component Designator: OldDesignator=USB?? NewDesignator=USB2
Change Net Name : Old Net Name=NetC11_2 New Net Name=NetC1_2
Change Net Name : Old Net Name=NetC12_2 New Net Name=NetC2_2
Change Net Name : Old Net Name=NetC14_2 New Net Name=NetC4_2
Change Net Name : Old Net Name=NetC15_2 New Net Name=NetC5_2
Change Net Name : Old Net Name=NetC16_2 New Net Name=NetC6_2
Change Net Name : Old Net Name=NetC17_2 New Net Name=NetC7_2
Change Net Name : Old Net Name=NetC23_2 New Net Name=NetC13_2
Change Net Name : Old Net Name=NetC36_2 New Net Name=NetC26_2
Change Net Name : Old Net Name=NetC37_2 New Net Name=NetC27_2
Change Net Name : Old Net Name=NetC38_2 New Net Name=NetC28_2
Change Net Name : Old Net Name=NetC42_1 New Net Name=NetC32_1
Change Net Name : Old Net Name=NetC42_2 New Net Name=NetC32_2
Change Net Name : Old Net Name=NetC43_1 New Net Name=NetC33_1
Change Net Name : Old Net Name=NetC47_2 New Net Name=NetC37_2
Change Net Name : Old Net Name=NetC49_1 New Net Name=NetC38_1
Change Net Name : Old Net Name=NetC49_2 New Net Name=NetC38_2
Change Net Name : Old Net Name=NetLED6_1 New Net Name=NetLED1_1
Change Net Name : Old Net Name=NetLED7_1 New Net Name=NetLED2_1
Change Net Name : Old Net Name=NetLED8_1 New Net Name=NetLED3_1
Change Net Name : Old Net Name=NetLED9_1 New Net Name=NetLED4_1
Change Net Name : Old Net Name=NetLED10_2 New Net Name=NetLED5_2
Change Net Name : Old Net Name=NetR16_1 New Net Name=NetR7_1
Change Net Name : Old Net Name=NetR24_2 New Net Name=NetR15_2
Change Net Name : Old Net Name=NetR38_2 New Net Name=NetR29_2
Change Net Name : Old Net Name=NetR40_2 New Net Name=NetR31_2
Change Net Name : Old Net Name=NetR55_1 New Net Name=NetR46_1
Change Net Name : Old Net Name=NetR56_2 New Net Name=NetR47_2
Change Net Name : Old Net Name=NetU4_6 New Net Name=NetU2_6
Change Net Name : Old Net Name=NetU4_7 New Net Name=NetU2_7
Added Pin To Net: NetName=NetR13_1 Pin=R13-1
Added Net: Name=NetR13_1
