Added Component: Designator=CN1(CONN-TH_4P-P2.50_HCTL_HC-XHB-4A)
Added Component: Designator=CN2(CONN-TH_4P-P2.50_HCTL_HC-XHB-4A)
Added Component: Designator=U5(DIP-16_L20.0-W6.4-P2.54-LS7.6-BL)
Added Component: Designator=U6(DIP-16_L20.0-W6.4-P2.54-LS7.6-BL)
Added Pin To Net: NetName=O1 Pin=CN1-1
Added Pin To Net: NetName=O2 Pin=CN1-2
Added Pin To Net: NetName=O3 Pin=CN1-3
Added Pin To Net: NetName=O4 Pin=CN1-4
Added Pin To Net: NetName=O5 Pin=CN2-1
Added Pin To Net: NetName=O6 Pin=CN2-2
Added Pin To Net: NetName=O7 Pin=CN2-3
Added Pin To Net: NetName=O8 Pin=CN2-4
Added Pin To Net: NetName=5V Pin=U5-1
Added Pin To Net: NetName=IN1 Pin=U5-2
Added Pin To Net: NetName=O1 Pin=U5-3
Added Pin To Net: NetName=GND Pin=U5-4
Added Pin To Net: NetName=GND Pin=U5-5
Added Pin To Net: NetName=IN2 Pin=U5-6
Added Pin To Net: NetName=O2 Pin=U5-7
Added Pin To Net: NetName=5V Pin=U5-8
Added Pin To Net: NetName=5V Pin=U5-9
Added Pin To Net: NetName=O3 Pin=U5-10
Added Pin To Net: NetName=IN3 Pin=U5-11
Added Pin To Net: NetName=GND Pin=U5-12
Added Pin To Net: NetName=GND Pin=U5-13
Added Pin To Net: NetName=O4 Pin=U5-14
Added Pin To Net: NetName=IN4 Pin=U5-15
Added Pin To Net: NetName=5V Pin=U5-16
Added Pin To Net: NetName=5V Pin=U6-1
Added Pin To Net: NetName=IN5 Pin=U6-2
Added Pin To Net: NetName=O5 Pin=U6-3
Added Pin To Net: NetName=GND Pin=U6-4
Added Pin To Net: NetName=GND Pin=U6-5
Added Pin To Net: NetName=IN6 Pin=U6-6
Added Pin To Net: NetName=O6 Pin=U6-7
Added Pin To Net: NetName=5V Pin=U6-8
Added Pin To Net: NetName=5V Pin=U6-9
Added Pin To Net: NetName=O7 Pin=U6-10
Added Pin To Net: NetName=IN7 Pin=U6-11
Added Pin To Net: NetName=GND Pin=U6-12
Added Pin To Net: NetName=GND Pin=U6-13
Added Pin To Net: NetName=O8 Pin=U6-14
Added Pin To Net: NetName=IN8 Pin=U6-15
Added Pin To Net: NetName=5V Pin=U6-16
Added Member To Class: ClassName=2 Member=Component CN1 HC-XHB-4A
Added Member To Class: ClassName=2 Member=Component CN2 HC-XHB-4A
Added Member To Class: ClassName=2 Member=Component U5 L293D
Added Member To Class: ClassName=2 Member=Component U6 L293D
