Added Component: Designator=B1(BAT-SMD_CR1220-2)
Added Component: Designator=C1(0603)
Added Component: Designator=C2(0603)
Added Component: Designator=C3(CAP-SMD_BD6.3-L6.6-W6.6-FD)
Added Component: Designator=C4(0603)
Added Component: Designator=C5(0603)
Added Component: Designator=C6(0603)
Added Component: Designator=C7(0603)
Added Component: Designator=C8(0603)
Added Component: Designator=C9(CAP-SMD_BD6.3-L6.6-W6.6-FD)
Added Component: Designator=C10(0603)
Added Component: Designator=C11(0603C)
Added Component: Designator=C12(0603C)
Added Component: Designator=C13(0603C)
Added Component: Designator=C14(0603C)
Added Component: Designator=C15(0603C)
Added Component: Designator=C16(0603C)
Added Component: Designator=C17(0603C)
Added Component: Designator=C18(0603C)
Added Component: Designator=C19(0603C)
Added Component: Designator=C20(0603C)
Added Component: Designator=C21(0603C)
Added Component: Designator=C22(0603C)
Added Component: Designator=C23(0603C)
Added Component: Designator=C24(0603C)
Added Component: Designator=C29(1206C)
Added Component: Designator=C30(1206C)
Added Component: Designator=C35(1206C)
Added Component: Designator=C36(1206C)
Added Component: Designator=C37(1206C)
Added Component: Designator=C38(1206C)
Added Component: Designator=C39(0402C)
Added Component: Designator=C40(0402C)
Added Component: Designator=C41(0402C)
Added Component: Designator=C42(0402C)
Added Component: Designator=C43(0402C)
Added Component: Designator=C44(0402C)
Added Component: Designator=C45(0402)
Added Component: Designator=C46(0402)
Added Component: Designator=C51(CAP-SMD_BD6.3-L6.6-W6.6-FD)
Added Component: Designator=C52(1206C)
Added Component: Designator=C53(1206C)
Added Component: Designator=C54(CAP-SMD_BD6.3-L6.6-W6.6-FD)
Added Component: Designator=C55(1206C)
Added Component: Designator=C56(1206C)
Added Component: Designator=CARD1(SIM-SMD_SMN-303)
Added Component: Designator=CARD2(TF_SD)
Added Component: Designator=CN1(NGFF-SMD_APCI0078-P002A)
Added Component: Designator=CN2(CONN-SMD_4P-P2.50_HX25003-4AWB)
Added Component: Designator=CN3(CONN-TH_2P-P2.50_HCTL_XH-2A-X)
Added Component: Designator=CN4(CONN-TH_XH-3A)
Added Component: Designator=CN5(CONN-TH_XT30PW-M)
Added Component: Designator=D1(SOD-123FL_L2.8-W1.8-LS3.7-RD)
Added Component: Designator=D2(SOD-123FL_L2.8-W1.8-LS3.7-RD)
Added Component: Designator=D3(SOD-323_L1.8-W1.3-LS2.5-RD)
Added Component: Designator=D4(SOD-323_L1.8-W1.3-LS2.5-BI)
Added Component: Designator=D5(SOD-323_L1.8-W1.3-LS2.5-BI)
Added Component: Designator=D6(SOD-123FL_L2.8-W1.8-LS3.7-RD)
Added Component: Designator=D7(SOD-123FL_L2.8-W1.8-LS3.7-RD)
Added Component: Designator=D8(SOD-123FL_L2.8-W1.8-LS3.7-RD)
Added Component: Designator=D9(SOD-123FL_L2.8-W1.8-LS3.7-RD)
Added Component: Designator=D10(SOD-123FL_L2.8-W1.8-LS3.7-RD)
Added Component: Designator=D11(SOD-123FL_L2.8-W1.8-LS3.7-RD)
Added Component: Designator=D12(SMAF_L4.3-W2.5-LS5.0-RD)
Added Component: Designator=D13(SMAF_L4.3-W2.5-LS5.0-RD)
Added Component: Designator=D14(SMAF_L4.3-W2.5-LS5.0-RD)
Added Component: Designator=D15(SOD-323_L1.8-W1.3-LS2.5-BI)
Added Component: Designator=H1(HDR-TH_6P-P2.54-V-M-1)
Added Component: Designator=H2(HDR-TH_4P-P2.54-V-M)
Added Component: Designator=L1(IND-SMD_L12.0-W12.0)
Added Component: Designator=L2(L0603)
Added Component: Designator=L3(L0603)
Added Component: Designator=L4(IND-SMD_L12.0-W12.0)
Added Component: Designator=L5(IND-SMD_L12.0-W12.0)
Added Component: Designator=LED1(LED0603-RD_RED)
Added Component: Designator=LED2(LED0603-RD_RED)
Added Component: Designator=LED3(LED0603-RD_RED)
Added Component: Designator=LED4(LED0603-RD_RED)
Added Component: Designator=LED5(LED0603-RD_RED)
Added Component: Designator=LED6(LED0603-R-RD)
Added Component: Designator=LED7(LED0603-R-RD)
Added Component: Designator=LED8(LED0603-R-RD)
Added Component: Designator=LED9(LED0603-R-RD)
Added Component: Designator=LED10(LED0603-RD)
Added Component: Designator=Q1(SOT-23-3_L2.9-W1.3-P1.90-LS2.4-BR)
Added Component: Designator=R1(0603C)
Added Component: Designator=R2(0603)
Added Component: Designator=R3(R1206)
Added Component: Designator=R4(0603C)
Added Component: Designator=R5(R1206)
Added Component: Designator=R6(0603C)
Added Component: Designator=R7(0603C)
Added Component: Designator=R8(0603C)
Added Component: Designator=R9(0402R)
Added Component: Designator=R10(0402C)
Added Component: Designator=R11(0402R)
Added Component: Designator=R12(0402R)
Added Component: Designator=R13(0402R)
Added Component: Designator=R14(0402R)
Added Component: Designator=R15(0402R)
Added Component: Designator=R16(0402R)
Added Component: Designator=R17(0402R)
Added Component: Designator=R18(0402R)
Added Component: Designator=R19(0402R)
Added Component: Designator=R20(0402R)
Added Component: Designator=R21(0402R)
Added Component: Designator=R22(0402R)
Added Component: Designator=R23(0402R)
Added Component: Designator=R24(0402R)
Added Component: Designator=R25(0402R)
Added Component: Designator=R26(0402R)
Added Component: Designator=R27(0402R)
Added Component: Designator=R28(0402R)
Added Component: Designator=R29(0603C)
Added Component: Designator=R30(0402R)
Added Component: Designator=R31(0603C)
Added Component: Designator=R32(0402R)
Added Component: Designator=R33(0603C)
Added Component: Designator=R34(0402R)
Added Component: Designator=R35(0402R)
Added Component: Designator=R36(0402R)
Added Component: Designator=R37(0402R)
Added Component: Designator=R38(0402R)
Added Component: Designator=R39(0402R)
Added Component: Designator=R40(0402R)
Added Component: Designator=R41(0603)
Added Component: Designator=R42(0603C)
Added Component: Designator=R43(0603C)
Added Component: Designator=R44(0603C)
Added Component: Designator=R45(0603C)
Added Component: Designator=R46(R0805)
Added Component: Designator=R47(R0805)
Added Component: Designator=R48(0402R)
Added Component: Designator=R49(0402R)
Added Component: Designator=R50(0402R)
Added Component: Designator=R51(0402R)
Added Component: Designator=R52(0402R)
Added Component: Designator=R53(0402R)
Added Component: Designator=R54(0603C)
Added Component: Designator=R55(0603C)
Added Component: Designator=R56(0603C)
Added Component: Designator=R57(0402R)
Added Component: Designator=R58(0603C)
Added Component: Designator=R59(R1206)
Added Component: Designator=R60(0603C)
Added Component: Designator=R61(0603C)
Added Component: Designator=R?(0603C)
Added Component: Designator=RBAT_MODE1(0603C)
Added Component: Designator=RBAT_NUM1(0603C)
Added Component: Designator=RCAP1(0603C)
Added Component: Designator=RISET1(0603C)
Added Component: Designator=RISET_MODE1(0603C)
Added Component: Designator=RVSET1(0603C)
Added Component: Designator=SW1(SW-3x6mm-SMT)
Added Component: Designator=SW2(SW-3x6mm-SMT)
Added Component: Designator=TP1(PCBComponent_1 - duplicate)
Added Component: Designator=TP2(PCBComponent_1 - duplicate)
Added Component: Designator=TP3(PCBComponent_1 - duplicate)
Added Component: Designator=TP4(PCBComponent_1 - duplicate)
Added Component: Designator=TP5(PCBComponent_1 - duplicate)
Added Component: Designator=TP6(PCBComponent_1 - duplicate)
Added Component: Designator=U1(QFN-48_L7.0-W7.0-P0.50-TL-EP5.4-1)
Added Component: Designator=U2(SOT-23-3_L2.9-W1.3-P1.90-LS2.4-BR)
Added Component: Designator=U3(LQFP-64_L10.0-W10.0-P0.50-LS12.0-BL)
Added Component: Designator=U4(SOT-23-8)
Added Component: Designator=U6(SOIC-8_L4.9-W3.9-P1.27-LS6.0-BL)
Added Component: Designator=U7(LGA-16_L3.0-W3.0-P0.50-BL_SQ)
Added Component: Designator=U8(SENSOR-SMD_AHT10)
Added Component: Designator=U9(SOT-23-5_L2.9-W1.6-P0.95-LS2.8-BR)
Added Component: Designator=U10(ESOP-8_L4.9-W3.9-P1.27-LS6.0-TL-EP3.3)
Added Component: Designator=U11(SOIC-8_L4.9-W3.9-P1.27-LS6.0-BL-EP)
Added Component: Designator=U12(SOT223_4)
Added Component: Designator=USB1(USB-C-TH_TYPE-C-31-M-19)
Added Component: Designator=USB2(USB-3.0-A-TH_HC-ST-003-01-Z)
Added Component: Designator=X1(CRYSTAL-SMD_L5.0-W3.2)
Added Component: Designator=X2(FC-135R_L3.2-W1.5)
Added Component: Designator=X3(CONN-SMD_2P-P1.25_JUSHUO_GH125-S02DCA-00)
Added Pin To Net: NetName=0_2V_IN_A Pin=CN3-2
Added Pin To Net: NetName=0_2V_IN_A Pin=R43-1
Added Net: Name=0_2V_IN_A
Added Pin To Net: NetName=0_2V_IN_B Pin=CN3-1
Added Pin To Net: NetName=0_2V_IN_B Pin=R44-1
Added Net: Name=0_2V_IN_B
Added Pin To Net: NetName=3V3 Pin=U4-3
Added Pin To Net: NetName=3V3 Pin=U4-5
Added Pin To Net: NetName=3V3 Pin=U12-2
Added Net: Name=3V3
Added Pin To Net: NetName=5V Pin=C39-2
Added Pin To Net: NetName=5V Pin=C54-1
Added Pin To Net: NetName=5V Pin=C55-2
Added Pin To Net: NetName=5V Pin=CN4-3
Added Pin To Net: NetName=5V Pin=H2-4
Added Pin To Net: NetName=5V Pin=L5-2
Added Pin To Net: NetName=5V Pin=R38-2
Added Pin To Net: NetName=5V Pin=R56-2
Added Pin To Net: NetName=5V Pin=U6-8
Added Pin To Net: NetName=5V Pin=U9-1
Added Pin To Net: NetName=5V Pin=U9-3
Added Net: Name=5V
Added Pin To Net: NetName=12V Pin=C52-1
Added Pin To Net: NetName=12V Pin=L4-2
Added Pin To Net: NetName=12V Pin=R58-1
Added Pin To Net: NetName=12V Pin=U12-3
Added Net: Name=12V
Added Pin To Net: NetName=485_A Pin=R46-1
Added Pin To Net: NetName=485_A Pin=U6-6
Added Net: Name=485_A
Added Pin To Net: NetName=485_B Pin=R47-1
Added Pin To Net: NetName=485_B Pin=U6-7
Added Net: Name=485_B
Added Pin To Net: NetName=B00T0 Pin=R26-2
Added Pin To Net: NetName=B00T0 Pin=U3-60
Added Net: Name=B00T0
Added Pin To Net: NetName=B_CODE_OUT Pin=CN1-26
Added Net: Name=B_CODE_OUT
Added Pin To Net: NetName=BAT Pin=C9-1
Added Pin To Net: NetName=BAT Pin=C51-1
Added Pin To Net: NetName=BAT Pin=C53-2
Added Pin To Net: NetName=BAT Pin=CN5-2
Added Pin To Net: NetName=BAT Pin=D13-2
Added Pin To Net: NetName=BAT Pin=D15-2
Added Pin To Net: NetName=BAT Pin=R5-2
Added Pin To Net: NetName=BAT Pin=R55-1
Added Pin To Net: NetName=BAT Pin=U1-26
Added Pin To Net: NetName=BAT Pin=U10-1
Added Pin To Net: NetName=BAT Pin=U10-9
Added Net: Name=BAT
Added Pin To Net: NetName=BB Pin=CN4-2
Added Pin To Net: NetName=BB Pin=R45-2
Added Pin To Net: NetName=BB Pin=R47-2
Added Net: Name=BB
Added Pin To Net: NetName=BOOT1 Pin=R13-1
Added Pin To Net: NetName=BOOT1 Pin=U3-28
Added Net: Name=BOOT1
Added Pin To Net: NetName=CAN1_RX Pin=U3-61
Added Pin To Net: NetName=CAN1_RX Pin=U4-4
Added Net: Name=CAN1_RX
Added Pin To Net: NetName=CAN1_TX Pin=U3-62
Added Pin To Net: NetName=CAN1_TX Pin=U4-1
Added Net: Name=CAN1_TX
Added Pin To Net: NetName=CONFIG_0 Pin=CN1-21
Added Net: Name=CONFIG_0
Added Pin To Net: NetName=CONFIG_1 Pin=CN1-69
Added Net: Name=CONFIG_1
Added Pin To Net: NetName=CONFIG_2 Pin=CN1-75
Added Net: Name=CONFIG_2
Added Pin To Net: NetName=CONFIG_3 Pin=CN1-1
Added Net: Name=CONFIG_3
Added Pin To Net: NetName=DN Pin=H2-3
Added Pin To Net: NetName=DN Pin=R18-2
Added Pin To Net: NetName=DN Pin=USB1-A6
Added Pin To Net: NetName=DN Pin=USB1-B5
Added Net: Name=DN
Added Pin To Net: NetName=DP Pin=H2-2
Added Pin To Net: NetName=DP Pin=R17-2
Added Pin To Net: NetName=DP Pin=R22-2
Added Pin To Net: NetName=DP Pin=USB1-A5
Added Pin To Net: NetName=DP Pin=USB1-B6
Added Net: Name=DP
Added Pin To Net: NetName=FULL_CARD_POWER_OFF# Pin=CN1-6
Added Pin To Net: NetName=FULL_CARD_POWER_OFF# Pin=U3-37
Added Net: Name=FULL_CARD_POWER_OFF#
Added Pin To Net: NetName=GND Pin=B1-2
Added Pin To Net: NetName=GND Pin=C1-2
Added Pin To Net: NetName=GND Pin=C2-2
Added Pin To Net: NetName=GND Pin=C3-2
Added Pin To Net: NetName=GND Pin=C4-2
Added Pin To Net: NetName=GND Pin=C7-2
Added Pin To Net: NetName=GND Pin=C8-2
Added Pin To Net: NetName=GND Pin=C9-2
Added Pin To Net: NetName=GND Pin=C11-1
Added Pin To Net: NetName=GND Pin=C12-1
Added Pin To Net: NetName=GND Pin=C13-1
Added Pin To Net: NetName=GND Pin=C14-1
Added Pin To Net: NetName=GND Pin=C15-1
Added Pin To Net: NetName=GND Pin=C16-1
Added Pin To Net: NetName=GND Pin=C17-1
Added Pin To Net: NetName=GND Pin=C18-1
Added Pin To Net: NetName=GND Pin=C19-1
Added Pin To Net: NetName=GND Pin=C20-1
Added Pin To Net: NetName=GND Pin=C21-1
Added Pin To Net: NetName=GND Pin=C22-1
Added Pin To Net: NetName=GND Pin=C23-1
Added Pin To Net: NetName=GND Pin=C24-1
Added Pin To Net: NetName=GND Pin=C29-2
Added Pin To Net: NetName=GND Pin=C30-2
Added Pin To Net: NetName=GND Pin=C35-1
Added Pin To Net: NetName=GND Pin=C36-1
Added Pin To Net: NetName=GND Pin=C37-1
Added Pin To Net: NetName=GND Pin=C38-1
Added Pin To Net: NetName=GND Pin=C39-1
Added Pin To Net: NetName=GND Pin=C40-2
Added Pin To Net: NetName=GND Pin=C41-1
Added Pin To Net: NetName=GND Pin=C43-2
Added Pin To Net: NetName=GND Pin=C44-2
Added Pin To Net: NetName=GND Pin=C45-2
Added Pin To Net: NetName=GND Pin=C46-2
Added Pin To Net: NetName=GND Pin=C51-2
Added Pin To Net: NetName=GND Pin=C53-1
Added Pin To Net: NetName=GND Pin=C54-2
Added Pin To Net: NetName=GND Pin=C55-1
Added Pin To Net: NetName=GND Pin=C56-2
Added Pin To Net: NetName=GND Pin=CARD1-C5
Added Pin To Net: NetName=GND Pin=CARD2-6
Added Pin To Net: NetName=GND Pin=CARD2-10
Added Pin To Net: NetName=GND Pin=CARD2-10
Added Pin To Net: NetName=GND Pin=CARD2-10
Added Pin To Net: NetName=GND Pin=CARD2-10
Added Pin To Net: NetName=GND Pin=CN1-3
Added Pin To Net: NetName=GND Pin=CN1-5
Added Pin To Net: NetName=GND Pin=CN1-11
Added Pin To Net: NetName=GND Pin=CN1-27
Added Pin To Net: NetName=GND Pin=CN1-33
Added Pin To Net: NetName=GND Pin=CN1-39
Added Pin To Net: NetName=GND Pin=CN1-45
Added Pin To Net: NetName=GND Pin=CN1-51
Added Pin To Net: NetName=GND Pin=CN1-57
Added Pin To Net: NetName=GND Pin=CN1-71
Added Pin To Net: NetName=GND Pin=CN1-73
Added Pin To Net: NetName=GND Pin=CN2-4
Added Pin To Net: NetName=GND Pin=CN2-5
Added Pin To Net: NetName=GND Pin=CN2-6
Added Pin To Net: NetName=GND Pin=CN5-1
Added Pin To Net: NetName=GND Pin=D1-2
Added Pin To Net: NetName=GND Pin=D2-2
Added Pin To Net: NetName=GND Pin=D4-1
Added Pin To Net: NetName=GND Pin=D5-1
Added Pin To Net: NetName=GND Pin=D6-2
Added Pin To Net: NetName=GND Pin=D7-2
Added Pin To Net: NetName=GND Pin=D8-2
Added Pin To Net: NetName=GND Pin=D9-2
Added Pin To Net: NetName=GND Pin=D10-2
Added Pin To Net: NetName=GND Pin=D11-2
Added Pin To Net: NetName=GND Pin=D12-2
Added Pin To Net: NetName=GND Pin=D14-2
Added Pin To Net: NetName=GND Pin=D15-1
Added Pin To Net: NetName=GND Pin=H1-1
Added Pin To Net: NetName=GND Pin=H2-1
Added Pin To Net: NetName=GND Pin=LED1-1
Added Pin To Net: NetName=GND Pin=LED6-2
Added Pin To Net: NetName=GND Pin=LED7-2
Added Pin To Net: NetName=GND Pin=LED8-2
Added Pin To Net: NetName=GND Pin=LED9-2
Added Pin To Net: NetName=GND Pin=LED10-1
Added Pin To Net: NetName=GND Pin=Q1-2
Added Pin To Net: NetName=GND Pin=R2-2
Added Pin To Net: NetName=GND Pin=R8-2
Added Pin To Net: NetName=GND Pin=R13-2
Added Pin To Net: NetName=GND Pin=R15-2
Added Pin To Net: NetName=GND Pin=R22-1
Added Pin To Net: NetName=GND Pin=R23-1
Added Pin To Net: NetName=GND Pin=R26-1
Added Pin To Net: NetName=GND Pin=R29-1
Added Pin To Net: NetName=GND Pin=R31-1
Added Pin To Net: NetName=GND Pin=R39-1
Added Pin To Net: NetName=GND Pin=R41-1
Added Pin To Net: NetName=GND Pin=R42-1
Added Pin To Net: NetName=GND Pin=R60-1
Added Pin To Net: NetName=GND Pin=R61-2
Added Pin To Net: NetName=GND Pin=RBAT_MODE1-2
Added Pin To Net: NetName=GND Pin=RBAT_NUM1-2
Added Pin To Net: NetName=GND Pin=RCAP1-2
Added Pin To Net: NetName=GND Pin=RISET1-2
Added Pin To Net: NetName=GND Pin=RISET_MODE1-2
Added Pin To Net: NetName=GND Pin=RVSET1-2
Added Pin To Net: NetName=GND Pin=SW1-1
Added Pin To Net: NetName=GND Pin=SW1-2
Added Pin To Net: NetName=GND Pin=SW2-1
Added Pin To Net: NetName=GND Pin=SW2-2
Added Pin To Net: NetName=GND Pin=TP1-1
Added Pin To Net: NetName=GND Pin=TP2-1
Added Pin To Net: NetName=GND Pin=TP3-1
Added Pin To Net: NetName=GND Pin=TP4-1
Added Pin To Net: NetName=GND Pin=TP5-1
Added Pin To Net: NetName=GND Pin=TP6-1
Added Pin To Net: NetName=GND Pin=U1-9
Added Pin To Net: NetName=GND Pin=U1-11
Added Pin To Net: NetName=GND Pin=U1-30
Added Pin To Net: NetName=GND Pin=U1-49
Added Pin To Net: NetName=GND Pin=U2-1
Added Pin To Net: NetName=GND Pin=U3-12
Added Pin To Net: NetName=GND Pin=U3-18
Added Pin To Net: NetName=GND Pin=U3-63
Added Pin To Net: NetName=GND Pin=U4-2
Added Pin To Net: NetName=GND Pin=U6-5
Added Pin To Net: NetName=GND Pin=U7-9
Added Pin To Net: NetName=GND Pin=U7-11
Added Pin To Net: NetName=GND Pin=U8-5
Added Pin To Net: NetName=GND Pin=U9-2
Added Pin To Net: NetName=GND Pin=U10-2
Added Pin To Net: NetName=GND Pin=U11-4
Added Pin To Net: NetName=GND Pin=U12-1
Added Pin To Net: NetName=GND Pin=U12-4
Added Pin To Net: NetName=GND Pin=USB1-A12
Added Pin To Net: NetName=GND Pin=USB1-B1
Added Pin To Net: NetName=GND Pin=USB2-4
Added Pin To Net: NetName=GND Pin=USB2-7
Added Net: Name=GND
Added Pin To Net: NetName=I2C_SCL Pin=CN1-25
Added Net: Name=I2C_SCL
Added Pin To Net: NetName=I2C_SDA Pin=CN1-68
Added Net: Name=I2C_SDA
Added Pin To Net: NetName=LED1 Pin=R6-1
Added Pin To Net: NetName=LED1 Pin=U1-43
Added Net: Name=LED1
Added Pin To Net: NetName=LED2 Pin=R7-1
Added Pin To Net: NetName=LED2 Pin=U1-42
Added Net: Name=LED2
Added Pin To Net: NetName=LED3 Pin=LED2-2
Added Pin To Net: NetName=LED3 Pin=LED3-2
Added Pin To Net: NetName=LED3 Pin=LED4-1
Added Pin To Net: NetName=LED3 Pin=LED5-1
Added Pin To Net: NetName=LED3 Pin=R8-1
Added Pin To Net: NetName=LED3 Pin=U1-4
Added Net: Name=LED3
Added Pin To Net: NetName=LED_B Pin=R28-1
Added Pin To Net: NetName=LED_B Pin=U3-56
Added Net: Name=LED_B
Added Pin To Net: NetName=LED_G Pin=R24-2
Added Pin To Net: NetName=LED_G Pin=U3-49
Added Net: Name=LED_G
Added Pin To Net: NetName=LED_R Pin=R20-2
Added Pin To Net: NetName=LED_R Pin=U3-46
Added Net: Name=LED_R
Added Pin To Net: NetName=LED_Y Pin=R25-2
Added Pin To Net: NetName=LED_Y Pin=U3-50
Added Net: Name=LED_Y
Added Pin To Net: NetName=NetC1_1 Pin=C1-1
Added Pin To Net: NetName=NetC1_1 Pin=R2-1
Added Pin To Net: NetName=NetC1_1 Pin=U1-37
Added Net: Name=NetC1_1
Added Pin To Net: NetName=NetC2_1 Pin=C2-1
Added Pin To Net: NetName=NetC2_1 Pin=C3-1
Added Pin To Net: NetName=NetC2_1 Pin=C6-2
Added Pin To Net: NetName=NetC2_1 Pin=R3-2
Added Pin To Net: NetName=NetC2_1 Pin=U1-12
Added Pin To Net: NetName=NetC2_1 Pin=U1-13
Added Net: Name=NetC2_1
Added Pin To Net: NetName=NetC4_1 Pin=C4-1
Added Pin To Net: NetName=NetC4_1 Pin=U1-32
Added Net: Name=NetC4_1
Added Pin To Net: NetName=NetC5_1 Pin=C5-1
Added Pin To Net: NetName=NetC5_1 Pin=U1-18
Added Pin To Net: NetName=NetC5_1 Pin=U2-2
Added Net: Name=NetC5_1
Added Pin To Net: NetName=NetC5_2 Pin=C5-2
Added Pin To Net: NetName=NetC5_2 Pin=D1-1
Added Pin To Net: NetName=NetC5_2 Pin=U1-17
Added Net: Name=NetC5_2
Added Pin To Net: NetName=NetC6_1 Pin=C6-1
Added Pin To Net: NetName=NetC6_1 Pin=R4-2
Added Net: Name=NetC6_1
Added Pin To Net: NetName=NetC7_1 Pin=C7-1
Added Pin To Net: NetName=NetC7_1 Pin=U1-29
Added Net: Name=NetC7_1
Added Pin To Net: NetName=NetC8_1 Pin=C8-1
Added Pin To Net: NetName=NetC8_1 Pin=U1-27
Added Net: Name=NetC8_1
Added Pin To Net: NetName=NetC10_1 Pin=C10-1
Added Pin To Net: NetName=NetC10_1 Pin=D2-1
Added Pin To Net: NetName=NetC10_1 Pin=U1-22
Added Net: Name=NetC10_1
Added Pin To Net: NetName=NetC10_2 Pin=C10-2
Added Pin To Net: NetName=NetC10_2 Pin=L1-1
Added Pin To Net: NetName=NetC10_2 Pin=R5-1
Added Pin To Net: NetName=NetC10_2 Pin=U1-21
Added Net: Name=NetC10_2
Added Pin To Net: NetName=NetC11_2 Pin=C11-2
Added Pin To Net: NetName=NetC11_2 Pin=U3-5
Added Pin To Net: NetName=NetC11_2 Pin=X1-2
Added Net: Name=NetC11_2
Added Pin To Net: NetName=NetC12_2 Pin=C12-2
Added Pin To Net: NetName=NetC12_2 Pin=U3-6
Added Pin To Net: NetName=NetC12_2 Pin=X1-1
Added Net: Name=NetC12_2
Added Pin To Net: NetName=NetC14_2 Pin=C14-2
Added Pin To Net: NetName=NetC14_2 Pin=U3-31
Added Net: Name=NetC14_2
Added Pin To Net: NetName=NetC15_2 Pin=C15-2
Added Pin To Net: NetName=NetC15_2 Pin=U3-47
Added Net: Name=NetC15_2
Added Pin To Net: NetName=NetC16_2 Pin=C16-2
Added Pin To Net: NetName=NetC16_2 Pin=U3-3
Added Pin To Net: NetName=NetC16_2 Pin=X2-1
Added Net: Name=NetC16_2
Added Pin To Net: NetName=NetC17_2 Pin=C17-2
Added Pin To Net: NetName=NetC17_2 Pin=U3-4
Added Pin To Net: NetName=NetC17_2 Pin=X2-2
Added Net: Name=NetC17_2
Added Pin To Net: NetName=NetC23_2 Pin=C23-2
Added Pin To Net: NetName=NetC23_2 Pin=C24-2
Added Pin To Net: NetName=NetC23_2 Pin=L2-2
Added Pin To Net: NetName=NetC23_2 Pin=U3-13
Added Net: Name=NetC23_2
Added Pin To Net: NetName=NetC36_2 Pin=C36-2
Added Pin To Net: NetName=NetC36_2 Pin=CARD1-C3
Added Pin To Net: NetName=NetC36_2 Pin=D7-1
Added Pin To Net: NetName=NetC36_2 Pin=R34-2
Added Net: Name=NetC36_2
Added Pin To Net: NetName=NetC37_2 Pin=C37-2
Added Pin To Net: NetName=NetC37_2 Pin=CARD1-C2
Added Pin To Net: NetName=NetC37_2 Pin=D9-1
Added Pin To Net: NetName=NetC37_2 Pin=R35-2
Added Net: Name=NetC37_2
Added Pin To Net: NetName=NetC38_2 Pin=C38-2
Added Pin To Net: NetName=NetC38_2 Pin=R33-1
Added Net: Name=NetC38_2
Added Pin To Net: NetName=NetC42_1 Pin=C42-1
Added Pin To Net: NetName=NetC42_1 Pin=U7-12
Added Net: Name=NetC42_1
Added Pin To Net: NetName=NetC42_2 Pin=C42-2
Added Pin To Net: NetName=NetC42_2 Pin=U7-8
Added Net: Name=NetC42_2
Added Pin To Net: NetName=NetC43_1 Pin=C43-1
Added Pin To Net: NetName=NetC43_1 Pin=U7-10
Added Net: Name=NetC43_1
Added Pin To Net: NetName=NetC47_2 Pin=CARD2-4
Added Pin To Net: NetName=NetC47_2 Pin=L3-2
Added Pin To Net: NetName=NetC47_2 Pin=R48-2
Added Pin To Net: NetName=NetC47_2 Pin=R49-2
Added Pin To Net: NetName=NetC47_2 Pin=R50-2
Added Pin To Net: NetName=NetC47_2 Pin=R51-2
Added Pin To Net: NetName=NetC47_2 Pin=R52-2
Added Pin To Net: NetName=NetC47_2 Pin=R53-2
Added Net: Name=NetC47_2
Added Pin To Net: NetName=NetC48_1 Pin=D12-1
Added Pin To Net: NetName=NetC48_1 Pin=L4-1
Added Pin To Net: NetName=NetC48_1 Pin=U11-1
Added Net: Name=NetC48_1
Added Pin To Net: NetName=NetC48_2 Pin=R57-2
Added Net: Name=NetC48_2
Added Pin To Net: NetName=NetC49_1 Pin=U10-6
Added Net: Name=NetC49_1
Added Pin To Net: NetName=NetC49_2 Pin=D14-1
Added Pin To Net: NetName=NetC49_2 Pin=L5-1
Added Pin To Net: NetName=NetC49_2 Pin=R54-2
Added Pin To Net: NetName=NetC49_2 Pin=R56-1
Added Pin To Net: NetName=NetC49_2 Pin=R60-2
Added Pin To Net: NetName=NetC49_2 Pin=U10-5
Added Pin To Net: NetName=NetC49_2 Pin=U10-7
Added Net: Name=NetC49_2
Added Pin To Net: NetName=NetC52_2 Pin=C52-2
Added Pin To Net: NetName=NetC52_2 Pin=R58-2
Added Pin To Net: NetName=NetC52_2 Pin=R61-1
Added Pin To Net: NetName=NetC52_2 Pin=U11-5
Added Net: Name=NetC52_2
Added Pin To Net: NetName=NetC56_1 Pin=C56-1
Added Pin To Net: NetName=NetC56_1 Pin=D13-1
Added Pin To Net: NetName=NetC56_1 Pin=R59-1
Added Net: Name=NetC56_1
Added Pin To Net: NetName=NetC57_1 Pin=U11-3
Added Net: Name=NetC57_1
Added Pin To Net: NetName=NetCARD1_C7 Pin=CARD1-C7
Added Pin To Net: NetName=NetCARD1_C7 Pin=D11-1
Added Pin To Net: NetName=NetCARD1_C7 Pin=R36-2
Added Net: Name=NetCARD1_C7
Added Pin To Net: NetName=NetCN1_70 Pin=CN1-70
Added Pin To Net: NetName=NetCN1_70 Pin=CN1-72
Added Pin To Net: NetName=NetCN1_70 Pin=CN1-74
Added Net: Name=NetCN1_70
Added Pin To Net: NetName=NetCN4_1 Pin=CN4-1
Added Pin To Net: NetName=NetCN4_1 Pin=R45-1
Added Pin To Net: NetName=NetCN4_1 Pin=R46-2
Added Net: Name=NetCN4_1
Added Pin To Net: NetName=NetL1_2 Pin=L1-2
Added Pin To Net: NetName=NetL1_2 Pin=U2-3
Added Net: Name=NetL1_2
Added Pin To Net: NetName=NetLED1_2 Pin=LED1-2
Added Pin To Net: NetName=NetLED1_2 Pin=R1-1
Added Pin To Net: NetName=NetLED1_2 Pin=R?-1
Added Net: Name=NetLED1_2
Added Pin To Net: NetName=NetLED2_1 Pin=LED2-1
Added Pin To Net: NetName=NetLED2_1 Pin=LED4-2
Added Pin To Net: NetName=NetLED2_1 Pin=R7-2
Added Net: Name=NetLED2_1
Added Pin To Net: NetName=NetLED3_1 Pin=LED3-1
Added Pin To Net: NetName=NetLED3_1 Pin=LED5-2
Added Pin To Net: NetName=NetLED3_1 Pin=R6-2
Added Net: Name=NetLED3_1
Added Pin To Net: NetName=NetLED6_1 Pin=LED6-1
Added Pin To Net: NetName=NetLED6_1 Pin=R20-1
Added Net: Name=NetLED6_1
Added Pin To Net: NetName=NetLED7_1 Pin=LED7-1
Added Pin To Net: NetName=NetLED7_1 Pin=R24-1
Added Net: Name=NetLED7_1
Added Pin To Net: NetName=NetLED8_1 Pin=LED8-1
Added Pin To Net: NetName=NetLED8_1 Pin=R25-1
Added Net: Name=NetLED8_1
Added Pin To Net: NetName=NetLED9_1 Pin=LED9-1
Added Pin To Net: NetName=NetLED9_1 Pin=R28-2
Added Net: Name=NetLED9_1
Added Pin To Net: NetName=NetLED10_2 Pin=LED10-2
Added Pin To Net: NetName=NetLED10_2 Pin=R32-2
Added Net: Name=NetLED10_2
Added Pin To Net: NetName=NetQ1_3 Pin=Q1-3
Added Pin To Net: NetName=NetQ1_3 Pin=R38-1
Added Pin To Net: NetName=NetQ1_3 Pin=U6-2
Added Pin To Net: NetName=NetQ1_3 Pin=U6-3
Added Net: Name=NetQ1_3
Added Pin To Net: NetName=NetR1_2 Pin=R1-2
Added Pin To Net: NetName=NetR1_2 Pin=R?-2
Added Pin To Net: NetName=NetR1_2 Pin=U1-5
Added Net: Name=NetR1_2
Added Pin To Net: NetName=NetR3_1 Pin=R3-1
Added Pin To Net: NetName=NetR3_1 Pin=R4-1
Added Pin To Net: NetName=NetR3_1 Pin=U1-15
Added Net: Name=NetR3_1
Added Pin To Net: NetName=NetR15_1 Pin=R15-1
Added Pin To Net: NetName=NetR15_1 Pin=U3-57
Added Net: Name=NetR15_1
Added Pin To Net: NetName=NetR21_1 Pin=R21-1
Added Net: Name=NetR21_1
Added Pin To Net: NetName=NetR23_2 Pin=R23-2
Added Pin To Net: NetName=NetR23_2 Pin=USB1-B7
Added Net: Name=NetR23_2
Added Pin To Net: NetName=NetR37_2 Pin=R37-2
Added Pin To Net: NetName=NetR37_2 Pin=U6-1
Added Net: Name=NetR37_2
Added Pin To Net: NetName=NetR39_2 Pin=R39-2
Added Pin To Net: NetName=NetR39_2 Pin=U6-4
Added Net: Name=NetR39_2
Added Pin To Net: NetName=NetR54_1 Pin=R54-1
Added Pin To Net: NetName=NetR54_1 Pin=U10-8
Added Net: Name=NetR54_1
Added Pin To Net: NetName=NetR55_2 Pin=R55-2
Added Pin To Net: NetName=NetR55_2 Pin=U10-3
Added Net: Name=NetR55_2
Added Pin To Net: NetName=NetR57_1 Pin=R57-1
Added Pin To Net: NetName=NetR57_1 Pin=U11-8
Added Net: Name=NetR57_1
Added Pin To Net: NetName=NetR59_2 Pin=R59-2
Added Pin To Net: NetName=NetR59_2 Pin=U11-2
Added Pin To Net: NetName=NetR59_2 Pin=U11-9
Added Net: Name=NetR59_2
Added Pin To Net: NetName=NetRBAT_MODE1_1 Pin=RBAT_MODE1-1
Added Pin To Net: NetName=NetRBAT_MODE1_1 Pin=U1-46
Added Net: Name=NetRBAT_MODE1_1
Added Pin To Net: NetName=NetRBAT_NUM1_1 Pin=RBAT_NUM1-1
Added Pin To Net: NetName=NetRBAT_NUM1_1 Pin=U1-33
Added Net: Name=NetRBAT_NUM1_1
Added Pin To Net: NetName=NetRCAP1_1 Pin=RCAP1-1
Added Pin To Net: NetName=NetRCAP1_1 Pin=U1-34
Added Net: Name=NetRCAP1_1
Added Pin To Net: NetName=NetRISET1_1 Pin=RISET1-1
Added Pin To Net: NetName=NetRISET1_1 Pin=U1-36
Added Net: Name=NetRISET1_1
Added Pin To Net: NetName=NetRISET_MODE1_1 Pin=RISET_MODE1-1
Added Pin To Net: NetName=NetRISET_MODE1_1 Pin=U1-47
Added Net: Name=NetRISET_MODE1_1
Added Pin To Net: NetName=NetRVSET1_1 Pin=RVSET1-1
Added Pin To Net: NetName=NetRVSET1_1 Pin=U1-35
Added Net: Name=NetRVSET1_1
Added Pin To Net: NetName=NetU4_6 Pin=U4-6
Added Pin To Net: NetName=NetU4_6 Pin=X3-2
Added Net: Name=NetU4_6
Added Pin To Net: NetName=NetU4_7 Pin=U4-7
Added Pin To Net: NetName=NetU4_7 Pin=X3-1
Added Net: Name=NetU4_7
Added Pin To Net: NetName=NetUSB1_A1 Pin=USB1-A1
Added Pin To Net: NetName=NetUSB1_A1 Pin=USB1-B12
Added Net: Name=NetUSB1_A1
Added Pin To Net: NetName=NRST Pin=C13-2
Added Pin To Net: NetName=NRST Pin=R27-2
Added Pin To Net: NetName=NRST Pin=U3-7
Added Net: Name=NRST
Added Pin To Net: NetName=PA2-X3 Pin=R30-1
Added Net: Name=PA2-X3
Added Pin To Net: NetName=PA3-X4 Pin=D3-2
Added Net: Name=PA3-X4
Added Pin To Net: NetName=PA4-X5 Pin=C46-1
Added Pin To Net: NetName=PA4-X5 Pin=R42-2
Added Pin To Net: NetName=PA4-X5 Pin=R44-2
Added Pin To Net: NetName=PA4-X5 Pin=U3-20
Added Net: Name=PA4-X5
Added Pin To Net: NetName=PA5-X6 Pin=C45-1
Added Pin To Net: NetName=PA5-X6 Pin=R41-2
Added Pin To Net: NetName=PA5-X6 Pin=R43-2
Added Pin To Net: NetName=PA5-X6 Pin=U3-21
Added Net: Name=PA5-X6
Added Pin To Net: NetName=PA6-X7 Pin=U3-22
Added Net: Name=PA6-X7
Added Pin To Net: NetName=PA7-X8 Pin=U3-23
Added Net: Name=PA7-X8
Added Pin To Net: NetName=PA9-VBUS Pin=R16-1
Added Pin To Net: NetName=PA9-VBUS Pin=U3-42
Added Net: Name=PA9-VBUS
Added Pin To Net: NetName=PA10-ID Pin=R14-2
Added Pin To Net: NetName=PA10-ID Pin=R19-2
Added Pin To Net: NetName=PA10-ID Pin=U3-43
Added Net: Name=PA10-ID
Added Pin To Net: NetName=PA11-DM Pin=R17-1
Added Pin To Net: NetName=PA11-DM Pin=U3-44
Added Net: Name=PA11-DM
Added Pin To Net: NetName=PA11-DP Pin=R18-1
Added Pin To Net: NetName=PA11-DP Pin=U3-45
Added Net: Name=PA11-DP
Added Pin To Net: NetName=PCIE_CLKREQ_N Pin=CN1-52
Added Net: Name=PCIE_CLKREQ_N
Added Pin To Net: NetName=PCIE_REFCLK_M Pin=CN1-53
Added Net: Name=PCIE_REFCLK_M
Added Pin To Net: NetName=PCIE_REFCLK_P Pin=CN1-55
Added Net: Name=PCIE_REFCLK_P
Added Pin To Net: NetName=PCIE_RST_N Pin=CN1-50
Added Net: Name=PCIE_RST_N
Added Pin To Net: NetName=PCIE_RX_M Pin=CN1-47
Added Net: Name=PCIE_RX_M
Added Pin To Net: NetName=PCIE_RX_P Pin=CN1-49
Added Net: Name=PCIE_RX_P
Added Pin To Net: NetName=PCIE_TX_M Pin=CN1-41
Added Net: Name=PCIE_TX_M
Added Pin To Net: NetName=PCIE_TX_P Pin=CN1-43
Added Net: Name=PCIE_TX_P
Added Pin To Net: NetName=PCIE_WAKE_N Pin=CN1-54
Added Net: Name=PCIE_WAKE_N
Added Net: Name=PCM_CLK
Added Pin To Net: NetName=PCM_DIN Pin=CN1-22
Added Net: Name=PCM_DIN
Added Pin To Net: NetName=PCM_DOUT Pin=CN1-24
Added Net: Name=PCM_DOUT
Added Pin To Net: NetName=PCM_LCK Pin=CN1-20
Added Net: Name=PCM_LCK
Added Pin To Net: NetName=PCM_SYNC Pin=CN1-28
Added Net: Name=PCM_SYNC
Added Pin To Net: NetName=RESET# Pin=CN1-67
Added Net: Name=RESET#
Added Pin To Net: NetName=RFFE_CLK Pin=CN1-56
Added Net: Name=RFFE_CLK
Added Pin To Net: NetName=RFFE_DATA Pin=CN1-58
Added Net: Name=RFFE_DATA
Added Pin To Net: NetName=RFFE_VIO_1V8 Pin=CN1-65
Added Net: Name=RFFE_VIO_1V8
Added Pin To Net: NetName=RX Pin=D3-1
Added Pin To Net: NetName=RX Pin=H1-6
Added Net: Name=RX
Added Pin To Net: NetName=SDIO_CK Pin=CARD2-5
Added Pin To Net: NetName=SDIO_CK Pin=R50-1
Added Pin To Net: NetName=SDIO_CK Pin=U3-53
Added Net: Name=SDIO_CK
Added Pin To Net: NetName=SDIO_CMD Pin=CARD2-3
Added Pin To Net: NetName=SDIO_CMD Pin=R51-1
Added Pin To Net: NetName=SDIO_CMD Pin=U3-54
Added Net: Name=SDIO_CMD
Added Pin To Net: NetName=SDIO_D0 Pin=CARD2-7
Added Pin To Net: NetName=SDIO_D0 Pin=R49-1
Added Pin To Net: NetName=SDIO_D0 Pin=U3-39
Added Net: Name=SDIO_D0
Added Pin To Net: NetName=SDIO_D1 Pin=CARD2-8
Added Pin To Net: NetName=SDIO_D1 Pin=R48-1
Added Pin To Net: NetName=SDIO_D1 Pin=U3-40
Added Net: Name=SDIO_D1
Added Pin To Net: NetName=SDIO_D2 Pin=CARD2-1
Added Pin To Net: NetName=SDIO_D2 Pin=R53-1
Added Pin To Net: NetName=SDIO_D2 Pin=U3-51
Added Net: Name=SDIO_D2
Added Pin To Net: NetName=SDIO_D3 Pin=CARD2-2
Added Pin To Net: NetName=SDIO_D3 Pin=R29-2
Added Pin To Net: NetName=SDIO_D3 Pin=R52-1
Added Pin To Net: NetName=SDIO_D3 Pin=U3-52
Added Net: Name=SDIO_D3
Added Pin To Net: NetName=SDIO_SW Pin=CARD2-9
Added Pin To Net: NetName=SDIO_SW Pin=U3-41
Added Net: Name=SDIO_SW
Added Pin To Net: NetName=SPI_CLK Pin=CN1-61
Added Net: Name=SPI_CLK
Added Pin To Net: NetName=SPI_CS Pin=CN1-59
Added Net: Name=SPI_CS
Added Pin To Net: NetName=SPI_DI Pin=CN1-60
Added Net: Name=SPI_DI
Added Pin To Net: NetName=SPI_DO Pin=CN1-63
Added Net: Name=SPI_DO
Added Pin To Net: NetName=TX Pin=H1-5
Added Pin To Net: NetName=TX Pin=R30-2
Added Net: Name=TX
Added Pin To Net: NetName=UART4_RX Pin=R40-1
Added Pin To Net: NetName=UART4_RX Pin=U3-15
Added Net: Name=UART4_RX
Added Pin To Net: NetName=UART4_TX Pin=R37-1
Added Pin To Net: NetName=UART4_TX Pin=U3-14
Added Net: Name=UART4_TX
Added Pin To Net: NetName=UART_RXD Pin=CN1-62
Added Pin To Net: NetName=UART_RXD Pin=U3-16
Added Net: Name=UART_RXD
Added Pin To Net: NetName=UART_TXD Pin=CN1-64
Added Pin To Net: NetName=UART_TXD Pin=U3-17
Added Net: Name=UART_TXD
Added Pin To Net: NetName=USB_DM Pin=CN1-9
Added Pin To Net: NetName=USB_DM Pin=D5-2
Added Net: Name=USB_DM
Added Pin To Net: NetName=USB_DP Pin=CN1-7
Added Pin To Net: NetName=USB_DP Pin=D4-2
Added Net: Name=USB_DP
Added Pin To Net: NetName=USB_SS_RX_M Pin=CN1-35
Added Pin To Net: NetName=USB_SS_RX_M Pin=USB2-8
Added Net: Name=USB_SS_RX_M
Added Pin To Net: NetName=USB_SS_RX_P Pin=CN1-37
Added Pin To Net: NetName=USB_SS_RX_P Pin=USB2-9
Added Net: Name=USB_SS_RX_P
Added Pin To Net: NetName=USB_SS_TX_M Pin=CN1-29
Added Pin To Net: NetName=USB_SS_TX_M Pin=USB2-5
Added Net: Name=USB_SS_TX_M
Added Pin To Net: NetName=USB_SS_TX_P Pin=CN1-31
Added Pin To Net: NetName=USB_SS_TX_P Pin=USB2-6
Added Net: Name=USB_SS_TX_P
Added Pin To Net: NetName=USIM1_CLK Pin=CN1-32
Added Pin To Net: NetName=USIM1_CLK Pin=R34-1
Added Net: Name=USIM1_CLK
Added Pin To Net: NetName=USIM1_DATA Pin=CN1-34
Added Pin To Net: NetName=USIM1_DATA Pin=R36-1
Added Net: Name=USIM1_DATA
Added Pin To Net: NetName=USIM1_DET Pin=CARD1-CD
Added Pin To Net: NetName=USIM1_DET Pin=CN1-66
Added Pin To Net: NetName=USIM1_DET Pin=D10-1
Added Net: Name=USIM1_DET
Added Pin To Net: NetName=USIM1_RST Pin=CN1-30
Added Pin To Net: NetName=USIM1_RST Pin=R35-1
Added Net: Name=USIM1_RST
Added Pin To Net: NetName=USIM1_VDD Pin=C35-2
Added Pin To Net: NetName=USIM1_VDD Pin=CARD1-C1
Added Pin To Net: NetName=USIM1_VDD Pin=CN1-36
Added Pin To Net: NetName=USIM1_VDD Pin=D8-1
Added Pin To Net: NetName=USIM1_VDD Pin=R33-2
Added Net: Name=USIM1_VDD
Added Pin To Net: NetName=USIM2_CLK Pin=CN1-44
Added Net: Name=USIM2_CLK
Added Pin To Net: NetName=USIM2_DATA Pin=CN1-42
Added Net: Name=USIM2_DATA
Added Pin To Net: NetName=USIM2_DET Pin=CN1-40
Added Net: Name=USIM2_DET
Added Pin To Net: NetName=USIM2_RST Pin=CN1-46
Added Net: Name=USIM2_RST
Added Pin To Net: NetName=USIM2_VDD Pin=CN1-48
Added Net: Name=USIM2_VDD
Added Net: Name=USM1_CLK
Added Net: Name=USM1_RST
Added Pin To Net: NetName=VBAT Pin=B1-1
Added Pin To Net: NetName=VBAT Pin=U3-1
Added Net: Name=VBAT
Added Pin To Net: NetName=VBUS Pin=R16-2
Added Pin To Net: NetName=VBUS Pin=USB1-A4
Added Pin To Net: NetName=VBUS Pin=USB1-A9
Added Pin To Net: NetName=VBUS Pin=USB1-B4
Added Pin To Net: NetName=VBUS Pin=USB1-B9
Added Pin To Net: NetName=VBUS Pin=USB2-1
Added Net: Name=VBUS
Added Pin To Net: NetName=VCC_MODULE Pin=C29-1
Added Pin To Net: NetName=VCC_MODULE Pin=C30-1
Added Pin To Net: NetName=VCC_MODULE Pin=CN1-2
Added Pin To Net: NetName=VCC_MODULE Pin=CN1-4
Added Pin To Net: NetName=VCC_MODULE Pin=D6-1
Added Pin To Net: NetName=VCC_MODULE Pin=R32-1
Added Pin To Net: NetName=VCC_MODULE Pin=U9-5
Added Net: Name=VCC_MODULE
Added Pin To Net: NetName=VDD Pin=C18-2
Added Pin To Net: NetName=VDD Pin=C19-2
Added Pin To Net: NetName=VDD Pin=C20-2
Added Pin To Net: NetName=VDD Pin=C21-2
Added Pin To Net: NetName=VDD Pin=C22-2
Added Pin To Net: NetName=VDD Pin=C40-1
Added Pin To Net: NetName=VDD Pin=C41-2
Added Pin To Net: NetName=VDD Pin=C44-1
Added Pin To Net: NetName=VDD Pin=CN2-1
Added Pin To Net: NetName=VDD Pin=H1-2
Added Pin To Net: NetName=VDD Pin=L2-1
Added Pin To Net: NetName=VDD Pin=L3-1
Added Pin To Net: NetName=VDD Pin=R9-2
Added Pin To Net: NetName=VDD Pin=R10-2
Added Pin To Net: NetName=VDD Pin=R11-2
Added Pin To Net: NetName=VDD Pin=R12-2
Added Pin To Net: NetName=VDD Pin=R14-1
Added Pin To Net: NetName=VDD Pin=R27-1
Added Pin To Net: NetName=VDD Pin=U3-19
Added Pin To Net: NetName=VDD Pin=U3-32
Added Pin To Net: NetName=VDD Pin=U3-48
Added Pin To Net: NetName=VDD Pin=U3-64
Added Pin To Net: NetName=VDD Pin=U7-2
Added Pin To Net: NetName=VDD Pin=U7-13
Added Pin To Net: NetName=VDD Pin=U8-4
Added Net: Name=VDD
Added Pin To Net: NetName=VIN Pin=U1-8
Added Pin To Net: NetName=VIN Pin=U1-10
Added Net: Name=VIN
Added Pin To Net: NetName=W_DISABLE# Pin=CN1-8
Added Net: Name=W_DISABLE#
Added Pin To Net: NetName=WAKE_ON_WAN# Pin=CN1-23
Added Net: Name=WAKE_ON_WAN#
Added Pin To Net: NetName=WAKE_UP_OUT Pin=CN1-38
Added Pin To Net: NetName=WAKE_UP_OUT Pin=U3-38
Added Net: Name=WAKE_UP_OUT
Added Pin To Net: NetName=WWAN_LED# Pin=CN1-10
Added Pin To Net: NetName=WWAN_LED# Pin=R31-2
Added Net: Name=WWAN_LED#
Added Pin To Net: NetName=X9_SCL Pin=H1-3
Added Pin To Net: NetName=X9_SCL Pin=R9-1
Added Pin To Net: NetName=X9_SCL Pin=U3-58
Added Pin To Net: NetName=X9_SCL Pin=U7-1
Added Net: Name=X9_SCL
Added Pin To Net: NetName=X10_SDA Pin=H1-4
Added Pin To Net: NetName=X10_SDA Pin=R10-1
Added Pin To Net: NetName=X10_SDA Pin=U3-59
Added Pin To Net: NetName=X10_SDA Pin=U7-16
Added Net: Name=X10_SDA
Added Pin To Net: NetName=X11 Pin=U3-24
Added Net: Name=X11
Added Pin To Net: NetName=X12 Pin=U3-25
Added Net: Name=X12
Added Pin To Net: NetName=X17 Pin=R21-2
Added Pin To Net: NetName=X17 Pin=U3-55
Added Net: Name=X17
Added Pin To Net: NetName=X18 Pin=U3-2
Added Net: Name=X18
Added Pin To Net: NetName=X19 Pin=U3-8
Added Net: Name=X19
Added Pin To Net: NetName=X20 Pin=U3-9
Added Net: Name=X20
Added Pin To Net: NetName=X21 Pin=U3-10
Added Net: Name=X21
Added Pin To Net: NetName=X22 Pin=U3-11
Added Net: Name=X22
Added Pin To Net: NetName=Y5 Pin=U3-33
Added Net: Name=Y5
Added Pin To Net: NetName=Y6 Pin=U3-34
Added Net: Name=Y6
Added Pin To Net: NetName=Y7 Pin=U3-35
Added Net: Name=Y7
Added Pin To Net: NetName=Y8 Pin=U3-36
Added Net: Name=Y8
Added Pin To Net: NetName=Y9_SCL Pin=CN2-2
Added Pin To Net: NetName=Y9_SCL Pin=R12-1
Added Pin To Net: NetName=Y9_SCL Pin=U3-30
Added Pin To Net: NetName=Y9_SCL Pin=U8-2
Added Net: Name=Y9_SCL
Added Pin To Net: NetName=Y9_SDA Pin=CN2-3
Added Pin To Net: NetName=Y9_SDA Pin=R11-1
Added Pin To Net: NetName=Y9_SDA Pin=U3-29
Added Pin To Net: NetName=Y9_SDA Pin=U8-3
Added Net: Name=Y9_SDA
Added Class: Name=1
Added Class: Name=2
Added Class: Name=3
Added Class: Name=4
Added Class: Name=5
Added Class: Name=6
Added Class: Name=7
Added Class: Name=8
Added Class: Name=9
Added Room: Name=1
Added Room: Name=2
Added Room: Name=3
Added Room: Name=4
Added Room: Name=5
Added Room: Name=6
Added Room: Name=7
Added Room: Name=8
Added Room: Name=9
