Change Component Designator: Old Designator=C8 New Designator=C17
Change Component Designator: Old Designator=C16 New Designator=C27
Change Component Designator: Old Designator=C17 New Designator=C26
Change Component Designator: Old Designator=C18 New Designator=C14
Change Component Designator: Old Designator=C19 New Designator=C15
Change Component Designator: Old Designator=C20 New Designator=C10
Change Component Designator: Old Designator=C21 New Designator=C11
Change Component Designator: Old Designator=C22 New Designator=C12
Change Component Designator: Old Designator=C23 New Designator=C16
Change Component Designator: Old Designator=C24 New Designator=C13
Change Component Designator: Old Designator=C25 New Designator=C21
Change Component Designator: Old Designator=C26 New Designator=C22
Change Component Designator: Old Designator=C38 New Designator=C25
Change Component Designator: Old Designator=C39 New Designator=C20
Change Component Designator: Old Designator=C40 New Designator=C19
Change Component Designator: Old Designator=C41 New Designator=C18
Change Component Designator: Old Designator=C42 New Designator=C24
Change Component Designator: Old Designator=C46 New Designator=C23
Change Component Designator: Old Designator=D8 New Designator=D2
Change Component Designator: Old Designator=H6 New Designator=H1
Change Component Designator: Old Designator=L5 New Designator=L3
Change Component Designator: Old Designator=LED5 New Designator=LED6
Change Component Designator: Old Designator=LED6 New Designator=LED5
Change Component Designator: Old Designator=LED7 New Designator=LED4
Change Component Designator: Old Designator=LED8 New Designator=LED3
Change Component Designator: Old Designator=R16 New Designator=R32
Change Component Designator: Old Designator=R17 New Designator=R31
Change Component Designator: Old Designator=R18 New Designator=R30
Change Component Designator: Old Designator=R19 New Designator=R29
Change Component Designator: Old Designator=R27 New Designator=R8
Change Component Designator: Old Designator=R28 New Designator=R9
Change Component Designator: Old Designator=R29 New Designator=R10
Change Component Designator: Old Designator=R30 New Designator=R11
Change Component Designator: Old Designator=R31 New Designator=R7
Change Component Designator: Old Designator=R32 New Designator=R6
Change Component Designator: Old Designator=R33 New Designator=R26
Change Component Designator: Old Designator=R34 New Designator=R21
Change Component Designator: Old Designator=R35 New Designator=R25
Change Component Designator: Old Designator=R50 New Designator=R13
Change Component Designator: Old Designator=R51 New Designator=R14
Change Component Designator: Old Designator=R52 New Designator=R17
Change Component Designator: Old Designator=R53 New Designator=R15
Change Component Designator: Old Designator=R54 New Designator=R16
Change Component Designator: Old Designator=R57 New Designator=R22
Change Component Designator: Old Designator=R58 New Designator=R23
Change Component Designator: Old Designator=R59 New Designator=R28
Change Component Designator: Old Designator=R60 New Designator=R33
Change Component Designator: Old Designator=R61 New Designator=R27
Change Component Designator: Old Designator=R68 New Designator=R20
Change Component Designator: Old Designator=R69 New Designator=R24
Change Component Designator: Old Designator=R70 New Designator=R18
Change Component Designator: Old Designator=R71 New Designator=R19
Change Component Designator: Old Designator=R74 New Designator=R12
Change Component Designator: Old Designator=SW1 New Designator=SW2
Change Component Designator: Old Designator=SW2 New Designator=SW1
Change Component Designator: Old Designator=U10 New Designator=U3
Change Component Designator: Old Designator=U10 New Designator=U3
Change Component Designator: Old Designator=U11 New Designator=U4
Change Component Designator: Old Designator=USB2 New Designator=USB1
Change Component Designator: Old Designator=X1 New Designator=X2
Change Component Designator: Old Designator=X2 New Designator=X1
