Replace Part B1 CR1220-2 in C:\Users\Administrator\Desktop\Repositories\电子封装课设\sch\主控电路.SchDoc with CR1220-2 from 5_CPU_TF卡.schdoc.SCHLIB
Replace Part C10 0402CG220J500NT in C:\Users\Administrator\Desktop\Repositories\电子封装课设\sch\主控电路.SchDoc with 0402CG220J500NT from 5_CPU_TF卡.schdoc.SCHLIB
Replace Part C11 0402CG220J500NT in C:\Users\Administrator\Desktop\Repositories\电子封装课设\sch\主控电路.SchDoc with 0402CG220J500NT from 5_CPU_TF卡.schdoc.SCHLIB
Replace Part C12 CAP_0603 in C:\Users\Administrator\Desktop\Repositories\电子封装课设\sch\主控电路.SchDoc with CAP_0603 from 2_传感器.schdoc.SCHLIB
Replace Part C13 CAP_0603 in C:\Users\Administrator\Desktop\Repositories\电子封装课设\sch\主控电路.SchDoc with CAP_0603 from 2_传感器.schdoc.SCHLIB
Replace Part C14 0402CG220J500NT in C:\Users\Administrator\Desktop\Repositories\电子封装课设\sch\主控电路.SchDoc with 0402CG220J500NT from 5_CPU_TF卡.schdoc.SCHLIB
Replace Part C15 0402CG220J500NT in C:\Users\Administrator\Desktop\Repositories\电子封装课设\sch\主控电路.SchDoc with 0402CG220J500NT from 5_CPU_TF卡.schdoc.SCHLIB
Replace Part C16 CAP_0603 in C:\Users\Administrator\Desktop\Repositories\电子封装课设\sch\主控电路.SchDoc with CAP_0603 from 2_传感器.schdoc.SCHLIB
Replace Part C17 CAP_0603 in C:\Users\Administrator\Desktop\Repositories\电子封装课设\sch\主控电路.SchDoc with CAP_0603 from 2_传感器.schdoc.SCHLIB
Replace Part C18 CAP_0402 in C:\Users\Administrator\Desktop\Repositories\电子封装课设\sch\主控电路.SchDoc with CAP_0402 from 1_对外接口.schdoc.SCHLIB
Replace Part C19 CAP_0402 in C:\Users\Administrator\Desktop\Repositories\电子封装课设\sch\主控电路.SchDoc with CAP_0402 from 1_对外接口.schdoc.SCHLIB
Replace Part C20 CAP_0402 in C:\Users\Administrator\Desktop\Repositories\电子封装课设\sch\主控电路.SchDoc with CAP_0402 from 1_对外接口.schdoc.SCHLIB
Replace Part C21 CAP_0603 in C:\Users\Administrator\Desktop\Repositories\电子封装课设\sch\主控电路.SchDoc with CAP_0603 from 2_传感器.schdoc.SCHLIB
Replace Part C22 CAP_0603 in C:\Users\Administrator\Desktop\Repositories\电子封装课设\sch\主控电路.SchDoc with CAP_0603 from 2_传感器.schdoc.SCHLIB
Replace Part C23 TAJB107K006RNJ in C:\Users\Administrator\Desktop\Repositories\电子封装课设\sch\主控电路.SchDoc with TAJB107K006RNJ from 5_CPU_TF卡.schdoc.SCHLIB
Replace Part C24 CAP_0402 in C:\Users\Administrator\Desktop\Repositories\电子封装课设\sch\主控电路.SchDoc with CAP_0402 from 1_对外接口.schdoc.SCHLIB
Replace Part C25 CAP_0402 in C:\Users\Administrator\Desktop\Repositories\电子封装课设\sch\主控电路.SchDoc with CAP_0402 from 1_对外接口.schdoc.SCHLIB
Replace Part C26 CAP_0603 in C:\Users\Administrator\Desktop\Repositories\电子封装课设\sch\主控电路.SchDoc with CAP_0603 from 2_传感器.schdoc.SCHLIB
Replace Part C27 CL05B104KO5NNNC in C:\Users\Administrator\Desktop\Repositories\电子封装课设\sch\主控电路.SchDoc with CL05B104KO5NNNC from 2_传感器.schdoc.SCHLIB
Replace Part CARD1 TF-02A in C:\Users\Administrator\Desktop\Repositories\电子封装课设\sch\主控电路.SchDoc with TF-02A from 5_CPU_TF卡.schdoc.SCHLIB
Replace Part D2 1N4148WS_C2128 in C:\Users\Administrator\Desktop\Repositories\电子封装课设\sch\主控电路.SchDoc with 1N4148WS_C2128 from 4_EC800M_4G_GPS.schdoc.SCHLIB
Replace Part H1 HDR-M_2.54_1x6P in C:\Users\Administrator\Desktop\Repositories\电子封装课设\sch\主控电路.SchDoc with HDR-M_2.54_1x6P from 5_CPU_TF卡.schdoc.SCHLIB
Replace Part L2 L_0603 in C:\Users\Administrator\Desktop\Repositories\电子封装课设\sch\主控电路.SchDoc with L_0603 from 5_CPU_TF卡.schdoc.SCHLIB
Replace Part L3 L_0603 in C:\Users\Administrator\Desktop\Repositories\电子封装课设\sch\主控电路.SchDoc with L_0603 from 5_CPU_TF卡.schdoc.SCHLIB
Replace Part LED3 19-217/BHC-ZL1M2RY/3T in C:\Users\Administrator\Desktop\Repositories\电子封装课设\sch\主控电路.SchDoc with 19-217/BHC-ZL1M2RY/3T from 5_CPU_TF卡.schdoc.SCHLIB
Replace Part LED4 19-217/BHC-ZL1M2RY/3T in C:\Users\Administrator\Desktop\Repositories\电子封装课设\sch\主控电路.SchDoc with 19-217/BHC-ZL1M2RY/3T from 5_CPU_TF卡.schdoc.SCHLIB
Replace Part LED5 19-217/BHC-ZL1M2RY/3T in C:\Users\Administrator\Desktop\Repositories\电子封装课设\sch\主控电路.SchDoc with 19-217/BHC-ZL1M2RY/3T from 5_CPU_TF卡.schdoc.SCHLIB
Replace Part LED6 19-217/BHC-ZL1M2RY/3T in C:\Users\Administrator\Desktop\Repositories\电子封装课设\sch\主控电路.SchDoc with 19-217/BHC-ZL1M2RY/3T from 5_CPU_TF卡.schdoc.SCHLIB
Replace Part OLED1 0.96OLED___4P in C:\Users\Administrator\Desktop\Repositories\电子封装课设\sch\主控电路.SchDoc with 0.96OLED___4P from 5_CPU_TF卡.schdoc.SCHLIB
Replace Part R6 0402WGF1002TCE in C:\Users\Administrator\Desktop\Repositories\电子封装课设\sch\主控电路.SchDoc with 0402WGF1002TCE from 2_传感器.schdoc.SCHLIB
Replace Part R7 RC0402FR-0710KL in C:\Users\Administrator\Desktop\Repositories\电子封装课设\sch\主控电路.SchDoc with RC0402FR-0710KL from 5_CPU_TF卡.schdoc.SCHLIB
Replace Part R8 RC0402FR-0710KL in C:\Users\Administrator\Desktop\Repositories\电子封装课设\sch\主控电路.SchDoc with RC0402FR-0710KL from 5_CPU_TF卡.schdoc.SCHLIB
Replace Part R9 RC0402FR-0710KL in C:\Users\Administrator\Desktop\Repositories\电子封装课设\sch\主控电路.SchDoc with RC0402FR-0710KL from 5_CPU_TF卡.schdoc.SCHLIB
Replace Part R10 RC0402FR-0710KL in C:\Users\Administrator\Desktop\Repositories\电子封装课设\sch\主控电路.SchDoc with RC0402FR-0710KL from 5_CPU_TF卡.schdoc.SCHLIB
Replace Part R11 RC0402FR-0710KL in C:\Users\Administrator\Desktop\Repositories\电子封装课设\sch\主控电路.SchDoc with RC0402FR-0710KL from 5_CPU_TF卡.schdoc.SCHLIB
Replace Part R12 Res_0402 in C:\Users\Administrator\Desktop\Repositories\电子封装课设\sch\主控电路.SchDoc with Res_0402 from 2_传感器.schdoc.SCHLIB
Replace Part R13 RC0402FR-0710KL in C:\Users\Administrator\Desktop\Repositories\电子封装课设\sch\主控电路.SchDoc with RC0402FR-0710KL from 5_CPU_TF卡.schdoc.SCHLIB
Replace Part R14 Res_0402 in C:\Users\Administrator\Desktop\Repositories\电子封装课设\sch\主控电路.SchDoc with Res_0402 from 2_传感器.schdoc.SCHLIB
Replace Part R15 Res_0402 in C:\Users\Administrator\Desktop\Repositories\电子封装课设\sch\主控电路.SchDoc with Res_0402 from 2_传感器.schdoc.SCHLIB
Replace Part R16 Res_0402 in C:\Users\Administrator\Desktop\Repositories\电子封装课设\sch\主控电路.SchDoc with Res_0402 from 2_传感器.schdoc.SCHLIB
Replace Part R17 Res_0402 in C:\Users\Administrator\Desktop\Repositories\电子封装课设\sch\主控电路.SchDoc with Res_0402 from 2_传感器.schdoc.SCHLIB
Replace Part R18 Res_0402 in C:\Users\Administrator\Desktop\Repositories\电子封装课设\sch\主控电路.SchDoc with Res_0402 from 2_传感器.schdoc.SCHLIB
Replace Part R19 Res_0402 in C:\Users\Administrator\Desktop\Repositories\电子封装课设\sch\主控电路.SchDoc with Res_0402 from 2_传感器.schdoc.SCHLIB
Replace Part R20 Res_0402 in C:\Users\Administrator\Desktop\Repositories\电子封装课设\sch\主控电路.SchDoc with Res_0402 from 2_传感器.schdoc.SCHLIB
Replace Part R21 RC0402FR-0710KL in C:\Users\Administrator\Desktop\Repositories\电子封装课设\sch\主控电路.SchDoc with RC0402FR-0710KL from 5_CPU_TF卡.schdoc.SCHLIB
Replace Part R22 Res_0402 in C:\Users\Administrator\Desktop\Repositories\电子封装课设\sch\主控电路.SchDoc with Res_0402 from 2_传感器.schdoc.SCHLIB
Replace Part R23 Res_0402 in C:\Users\Administrator\Desktop\Repositories\电子封装课设\sch\主控电路.SchDoc with Res_0402 from 2_传感器.schdoc.SCHLIB
Replace Part R24 Res_0402 in C:\Users\Administrator\Desktop\Repositories\电子封装课设\sch\主控电路.SchDoc with Res_0402 from 2_传感器.schdoc.SCHLIB
Replace Part R25 RC0402FR-0710KL in C:\Users\Administrator\Desktop\Repositories\电子封装课设\sch\主控电路.SchDoc with RC0402FR-0710KL from 5_CPU_TF卡.schdoc.SCHLIB
Replace Part R26 Res_0603 in C:\Users\Administrator\Desktop\Repositories\电子封装课设\sch\主控电路.SchDoc with Res_0603 from 1_对外接口.schdoc.SCHLIB
Replace Part R27 Res_0402 in C:\Users\Administrator\Desktop\Repositories\电子封装课设\sch\主控电路.SchDoc with Res_0402 from 2_传感器.schdoc.SCHLIB
Replace Part R28 0402WGF1002TCE in C:\Users\Administrator\Desktop\Repositories\电子封装课设\sch\主控电路.SchDoc with 0402WGF1002TCE from 2_传感器.schdoc.SCHLIB
Replace Part R29 0402WGF1002TCE in C:\Users\Administrator\Desktop\Repositories\电子封装课设\sch\主控电路.SchDoc with 0402WGF1002TCE from 2_传感器.schdoc.SCHLIB
Replace Part R30 0402WGF1002TCE in C:\Users\Administrator\Desktop\Repositories\电子封装课设\sch\主控电路.SchDoc with 0402WGF1002TCE from 2_传感器.schdoc.SCHLIB
Replace Part R31 0402WGF1002TCE in C:\Users\Administrator\Desktop\Repositories\电子封装课设\sch\主控电路.SchDoc with 0402WGF1002TCE from 2_传感器.schdoc.SCHLIB
Replace Part R32 0402WGF1002TCE in C:\Users\Administrator\Desktop\Repositories\电子封装课设\sch\主控电路.SchDoc with 0402WGF1002TCE from 2_传感器.schdoc.SCHLIB
Replace Part R33 0402WGF1002TCE in C:\Users\Administrator\Desktop\Repositories\电子封装课设\sch\主控电路.SchDoc with 0402WGF1002TCE from 2_传感器.schdoc.SCHLIB
Replace Part SW1 TS-1187A-B-A-B in C:\Users\Administrator\Desktop\Repositories\电子封装课设\sch\主控电路.SchDoc with TS-1187A-B-A-B from 5_CPU_TF卡.schdoc.SCHLIB
Replace Part SW2 TS-1187A-B-A-B in C:\Users\Administrator\Desktop\Repositories\电子封装课设\sch\主控电路.SchDoc with TS-1187A-B-A-B from 5_CPU_TF卡.schdoc.SCHLIB
Replace Part U3 STM32F405RGT6 in C:\Users\Administrator\Desktop\Repositories\电子封装课设\sch\主控电路.SchDoc with STM32F405RGT6 from 5_CPU_TF卡.schdoc.SCHLIB
Replace Part U3 STM32F405RGT6 in C:\Users\Administrator\Desktop\Repositories\电子封装课设\sch\主控电路.SchDoc with STM32F405RGT6 from 5_CPU_TF卡.schdoc.SCHLIB
Replace Part U4 HT7533-1_C14289 in C:\Users\Administrator\Desktop\Repositories\电子封装课设\sch\主控电路.SchDoc with HT7533-1_C14289 from 5_CPU_TF卡.schdoc.SCHLIB
Replace Part USB1 TYPE-C-31-M-19 in C:\Users\Administrator\Desktop\Repositories\电子封装课设\sch\主控电路.SchDoc with TYPE-C-31-M-19 from 5_CPU_TF卡.schdoc.SCHLIB
Replace Part X1 X50328MSB2GI in C:\Users\Administrator\Desktop\Repositories\电子封装课设\sch\主控电路.SchDoc with X50328MSB2GI from 5_CPU_TF卡.schdoc.SCHLIB
Replace Part X2 Q13FC1350000400 in C:\Users\Administrator\Desktop\Repositories\电子封装课设\sch\主控电路.SchDoc with Q13FC1350000400 from 5_CPU_TF卡.schdoc.SCHLIB
