Change Component Designator: Old Designator=C70 New Designator=C28
Change Component Designator: Old Designator=C71 New Designator=C29
Change Component Designator: Old Designator=C72 New Designator=C30
Change Component Designator: Old Designator=C73 New Designator=C31
Change Component Designator: Old Designator=C74 New Designator=C32
Change Component Designator: Old Designator=C75 New Designator=C33
Change Component Designator: Old Designator=C76 New Designator=C34
Change Component Designator: Old Designator=C77 New Designator=C35
Change Component Designator: Old Designator=C78 New Designator=C36
Change Component Designator: Old Designator=D9 New Designator=D3
Change Component Designator: Old Designator=L8 New Designator=L4
Change Component Designator: Old Designator=Q3 New Designator=Q1
Change Component Designator: Old Designator=Q4 New Designator=Q2
Change Component Designator: Old Designator=R87 New Designator=R34
Change Component Designator: Old Designator=R88 New Designator=R35
Change Component Designator: Old Designator=R89 New Designator=R36
Change Component Designator: Old Designator=R90 New Designator=R37
Change Component Designator: Old Designator=R91 New Designator=R38
Change Component Designator: Old Designator=R92 New Designator=R39
Change Component Designator: Old Designator=R93 New Designator=R40
Change Component Designator: Old Designator=R94 New Designator=R41
Change Component Designator: Old Designator=R95 New Designator=R42
Change Component Designator: Old Designator=U13 New Designator=U5
Change Component Designator: Old Designator=U14 New Designator=U6
Change Component Designator: Old Designator=U15 New Designator=U7
Change Component Designator: Old Designator=U16 New Designator=U8
