Replace Part C70 CAP_0402 in C:\Users\Administrator\Desktop\Repositories\电子封装课设\sch\传感器.SchDoc with CAP_0402 from 2_传感器.schdoc.SCHLIB
Replace Part C71 CAP_0402 in C:\Users\Administrator\Desktop\Repositories\电子封装课设\sch\传感器.SchDoc with CAP_0402 from 2_传感器.schdoc.SCHLIB
Replace Part C72 CL31A226KAHNNNE in C:\Users\Administrator\Desktop\Repositories\电子封装课设\sch\传感器.SchDoc with CL31A226KAHNNNE from 3_C5157152_TP5000移动电源方案验证板.schdoc.SCHLIB
Replace Part C73 CAP_0402 in C:\Users\Administrator\Desktop\Repositories\电子封装课设\sch\传感器.SchDoc with CAP_0402 from 2_传感器.schdoc.SCHLIB
Replace Part C74 CAP_0402 in C:\Users\Administrator\Desktop\Repositories\电子封装课设\sch\传感器.SchDoc with CAP_0402 from 2_传感器.schdoc.SCHLIB
Replace Part C75 CAP_0402 in C:\Users\Administrator\Desktop\Repositories\电子封装课设\sch\传感器.SchDoc with CAP_0402 from 2_传感器.schdoc.SCHLIB
Replace Part C76 CAP_0402 in C:\Users\Administrator\Desktop\Repositories\电子封装课设\sch\传感器.SchDoc with CAP_0402 from 2_传感器.schdoc.SCHLIB
Replace Part C77 CAP_0402 in C:\Users\Administrator\Desktop\Repositories\电子封装课设\sch\传感器.SchDoc with CAP_0402 from 2_传感器.schdoc.SCHLIB
Replace Part C78 CAP_0402 in C:\Users\Administrator\Desktop\Repositories\电子封装课设\sch\传感器.SchDoc with CAP_0402 from 2_传感器.schdoc.SCHLIB
Replace Part D9 SM340A in C:\Users\Administrator\Desktop\Repositories\电子封装课设\sch\传感器.SchDoc with SM340A from 2_传感器.schdoc.SCHLIB
Replace Part L8 SDRH.1207.NLF6R8MT00 in C:\Users\Administrator\Desktop\Repositories\电子封装课设\sch\传感器.SchDoc with SDRH.1207.NLF6R8MT00 from 2_传感器.schdoc.SCHLIB
Replace Part Q3 2N7002_C8545 in C:\Users\Administrator\Desktop\Repositories\电子封装课设\sch\传感器.SchDoc with 2N7002_C8545 from 2_传感器.schdoc.SCHLIB
Replace Part Q4 2N7002_C8545 in C:\Users\Administrator\Desktop\Repositories\电子封装课设\sch\传感器.SchDoc with 2N7002_C8545 from 2_传感器.schdoc.SCHLIB
Replace Part R87 Res_0603 in C:\Users\Administrator\Desktop\Repositories\电子封装课设\sch\传感器.SchDoc with Res_0603 from 2_传感器.schdoc.SCHLIB
Replace Part R88 Res_0603 in C:\Users\Administrator\Desktop\Repositories\电子封装课设\sch\传感器.SchDoc with Res_0603 from 2_传感器.schdoc.SCHLIB
Replace Part R89 Res_0603 in C:\Users\Administrator\Desktop\Repositories\电子封装课设\sch\传感器.SchDoc with Res_0603 from 2_传感器.schdoc.SCHLIB
Replace Part R90 Res_0603 in C:\Users\Administrator\Desktop\Repositories\电子封装课设\sch\传感器.SchDoc with Res_0603 from 2_传感器.schdoc.SCHLIB
Replace Part R91 Res_0402 in C:\Users\Administrator\Desktop\Repositories\电子封装课设\sch\传感器.SchDoc with Res_0402 from 2_传感器.schdoc.SCHLIB
Replace Part R92 Res_0402 in C:\Users\Administrator\Desktop\Repositories\电子封装课设\sch\传感器.SchDoc with Res_0402 from 2_传感器.schdoc.SCHLIB
Replace Part R93 Res_0402 in C:\Users\Administrator\Desktop\Repositories\电子封装课设\sch\传感器.SchDoc with Res_0402 from 2_传感器.schdoc.SCHLIB
Replace Part R94 Res_0402 in C:\Users\Administrator\Desktop\Repositories\电子封装课设\sch\传感器.SchDoc with Res_0402 from 2_传感器.schdoc.SCHLIB
Replace Part R95 Res_0402 in C:\Users\Administrator\Desktop\Repositories\电子封装课设\sch\传感器.SchDoc with Res_0402 from 2_传感器.schdoc.SCHLIB
Replace Part U13 TC6291B in C:\Users\Administrator\Desktop\Repositories\电子封装课设\sch\传感器.SchDoc with TC6291B from 2_传感器.schdoc.SCHLIB
Replace Part U14 QMC5883L in C:\Users\Administrator\Desktop\Repositories\电子封装课设\sch\传感器.SchDoc with QMC5883L from 2_传感器.schdoc.SCHLIB
Replace Part U15 AHT10 in C:\Users\Administrator\Desktop\Repositories\电子封装课设\sch\传感器.SchDoc with AHT10 from 2_传感器.schdoc.SCHLIB
Replace Part U16 MAX3485ECSA+ in C:\Users\Administrator\Desktop\Repositories\电子封装课设\sch\传感器.SchDoc with MAX3485ECSA+ from 2_传感器.schdoc.SCHLIB
