Replace Part C? CAP_0402 in C:\Users\Administrator\Desktop\Repositories\电子封装课设\sch\传感器.SchDoc with CAP_0402 from 2_传感器.schdoc.SCHLIB
Replace Part C? CAP_0402 in C:\Users\Administrator\Desktop\Repositories\电子封装课设\sch\传感器.SchDoc with CAP_0402 from 2_传感器.schdoc.SCHLIB
Replace Part C? CAP_0402 in C:\Users\Administrator\Desktop\Repositories\电子封装课设\sch\传感器.SchDoc with CAP_0402 from 2_传感器.schdoc.SCHLIB
Replace Part C? CAP_0402 in C:\Users\Administrator\Desktop\Repositories\电子封装课设\sch\传感器.SchDoc with CAP_0402 from 2_传感器.schdoc.SCHLIB
Replace Part C? CAP_0402 in C:\Users\Administrator\Desktop\Repositories\电子封装课设\sch\传感器.SchDoc with CAP_0402 from 2_传感器.schdoc.SCHLIB
Replace Part C? CAP_0402 in C:\Users\Administrator\Desktop\Repositories\电子封装课设\sch\传感器.SchDoc with CAP_0402 from 2_传感器.schdoc.SCHLIB
Replace Part C? CL31A226KAHNNNE in C:\Users\Administrator\Desktop\Repositories\电子封装课设\sch\传感器.SchDoc with CL31A226KAHNNNE from 3_C5157152_TP5000移动电源方案验证板.schdoc.SCHLIB
Replace Part C? CAP_0402 in C:\Users\Administrator\Desktop\Repositories\电子封装课设\sch\传感器.SchDoc with CAP_0402 from 2_传感器.schdoc.SCHLIB
Replace Part C? CAP_0402 in C:\Users\Administrator\Desktop\Repositories\电子封装课设\sch\传感器.SchDoc with CAP_0402 from 2_传感器.schdoc.SCHLIB
Replace Part D? SM340A in C:\Users\Administrator\Desktop\Repositories\电子封装课设\sch\传感器.SchDoc with SM340A from 2_传感器.schdoc.SCHLIB
Replace Part L? SDRH.1207.NLF6R8MT00 in C:\Users\Administrator\Desktop\Repositories\电子封装课设\sch\传感器.SchDoc with SDRH.1207.NLF6R8MT00 from 2_传感器.schdoc.SCHLIB
Replace Part Q? 2N7002_C8545 in C:\Users\Administrator\Desktop\Repositories\电子封装课设\sch\传感器.SchDoc with 2N7002_C8545 from 2_传感器.schdoc.SCHLIB
Replace Part Q? 2N7002_C8545 in C:\Users\Administrator\Desktop\Repositories\电子封装课设\sch\传感器.SchDoc with 2N7002_C8545 from 2_传感器.schdoc.SCHLIB
Replace Part R? Res_0402 in C:\Users\Administrator\Desktop\Repositories\电子封装课设\sch\传感器.SchDoc with Res_0402 from 2_传感器.schdoc.SCHLIB
Replace Part R? Res_0402 in C:\Users\Administrator\Desktop\Repositories\电子封装课设\sch\传感器.SchDoc with Res_0402 from 2_传感器.schdoc.SCHLIB
Replace Part R? Res_0402 in C:\Users\Administrator\Desktop\Repositories\电子封装课设\sch\传感器.SchDoc with Res_0402 from 2_传感器.schdoc.SCHLIB
Replace Part R? Res_0402 in C:\Users\Administrator\Desktop\Repositories\电子封装课设\sch\传感器.SchDoc with Res_0402 from 2_传感器.schdoc.SCHLIB
Replace Part R? Res_0603 in C:\Users\Administrator\Desktop\Repositories\电子封装课设\sch\传感器.SchDoc with Res_0603 from 2_传感器.schdoc.SCHLIB
Replace Part R? Res_0603 in C:\Users\Administrator\Desktop\Repositories\电子封装课设\sch\传感器.SchDoc with Res_0603 from 2_传感器.schdoc.SCHLIB
Replace Part R? Res_0402 in C:\Users\Administrator\Desktop\Repositories\电子封装课设\sch\传感器.SchDoc with Res_0402 from 2_传感器.schdoc.SCHLIB
Replace Part R? Res_0603 in C:\Users\Administrator\Desktop\Repositories\电子封装课设\sch\传感器.SchDoc with Res_0603 from 2_传感器.schdoc.SCHLIB
Replace Part R? Res_0603 in C:\Users\Administrator\Desktop\Repositories\电子封装课设\sch\传感器.SchDoc with Res_0603 from 2_传感器.schdoc.SCHLIB
Replace Part U? MAX3485ECSA+ in C:\Users\Administrator\Desktop\Repositories\电子封装课设\sch\传感器.SchDoc with MAX3485ECSA+ from 2_传感器.schdoc.SCHLIB
Replace Part U? AHT10 in C:\Users\Administrator\Desktop\Repositories\电子封装课设\sch\传感器.SchDoc with AHT10 from 2_传感器.schdoc.SCHLIB
Replace Part U? QMC5883L in C:\Users\Administrator\Desktop\Repositories\电子封装课设\sch\传感器.SchDoc with QMC5883L from 2_传感器.schdoc.SCHLIB
Replace Part U? TC6291B in C:\Users\Administrator\Desktop\Repositories\电子封装课设\sch\传感器.SchDoc with TC6291B from 2_传感器.schdoc.SCHLIB
